New log file opened at Sun Jun 12 14:25:28 EDT 2016 by 23419@johnreed-Galago-UltraPro
Sending msg to client play-fork-run-be9e9d48-a4f8-4bbc-b753-44c747cfef38: TaskStarted(32,6616,None)
Sending msg to client play-fork-run-be9e9d48-a4f8-4bbc-b753-44c747cfef38: TaskFinished(32,6711,None,true,None)
Sending msg to client play-fork-run-be9e9d48-a4f8-4bbc-b753-44c747cfef38: TaskFinished(32,6708,None,true,None)
Sending msg to client play-fork-run-be9e9d48-a4f8-4bbc-b753-44c747cfef38: TaskStarted(32,6706,None)
Sending msg to client play-fork-run-be9e9d48-a4f8-4bbc-b753-44c747cfef38: TaskFinished(32,6716,None,true,None)
Sending msg to client play-fork-run-be9e9d48-a4f8-4bbc-b753-44c747cfef38: TaskFinished(32,6719,None,true,None)
Sending msg to client play-fork-run-be9e9d48-a4f8-4bbc-b753-44c747cfef38: TaskStarted(32,6718,None)
Sending msg to client play-fork-run-be9e9d48-a4f8-4bbc-b753-44c747cfef38: TaskFinished(32,6616,None,true,None)
Sending msg to client play-fork-run-be9e9d48-a4f8-4bbc-b753-44c747cfef38: TaskStarted(32,6615,Some(AttributeKey[scala.collection.Seq[sbt.Attributed[java.io.File]]]("externalDependencyClasspath") in Scope(Build: file:/home/johnreed/temp/play-scala/, , Project: ProjectReference(file:/home/johnreed/temp/play-scala/,root), Config: compile)))
Sending msg to client play-fork-run-be9e9d48-a4f8-4bbc-b753-44c747cfef38: TaskFinished(32,6706,None,true,None)
Sending msg to client play-fork-run-be9e9d48-a4f8-4bbc-b753-44c747cfef38: TaskStarted(32,6705,None)
Sending msg to client play-fork-run-be9e9d48-a4f8-4bbc-b753-44c747cfef38: TaskFinished(32,6705,None,true,None)
Sending msg to client play-fork-run-be9e9d48-a4f8-4bbc-b753-44c747cfef38: TaskFinished(32,6613,None,true,None)
Sending msg to client play-fork-run-be9e9d48-a4f8-4bbc-b753-44c747cfef38: TaskStarted(32,6612,Some(AttributeKey[scala.collection.Seq[sbt.Attributed[java.io.File]]]("internalDependencyClasspath") in Scope(Build: file:/home/johnreed/temp/play-scala/, , Project: ProjectReference(file:/home/johnreed/temp/play-scala/,root), Config: compile)))
Sending msg to client play-fork-run-be9e9d48-a4f8-4bbc-b753-44c747cfef38: TaskStarted(32,6723,None)
Sending msg to client play-fork-run-be9e9d48-a4f8-4bbc-b753-44c747cfef38: TaskStarted(32,6728,None)
Sending msg to client play-fork-run-be9e9d48-a4f8-4bbc-b753-44c747cfef38: TaskStarted(32,6748,Some(AttributeKey[java.lang.ClassLoader]("webJarsClassloader") in Scope(Build: file:/home/johnreed/temp/play-scala/, , Config: web-plugin)))
Sending msg to client play-fork-run-be9e9d48-a4f8-4bbc-b753-44c747cfef38: TaskStarted(32,6753,Some(AttributeKey[scala.collection.Seq[java.io.File]]("unmanagedResources") in Scope(Build: file:/home/johnreed/temp/play-scala/, , Project: ProjectReference(file:/home/johnreed/temp/play-scala/,root), Config: web-assets)))
Sending msg to client play-fork-run-be9e9d48-a4f8-4bbc-b753-44c747cfef38: TaskStarted(32,6757,Some(AttributeKey[scala.collection.Seq[java.lang.String]]("webDirectWebModules") in Scope(Build: file:/home/johnreed/temp/play-scala/, , Project: ProjectReference(file:/home/johnreed/temp/play-scala/,root), Config: web-assets)))
Sending msg to client play-fork-run-be9e9d48-a4f8-4bbc-b753-44c747cfef38: TaskStarted(32,6762,Some(AttributeKey[scala.collection.Seq[java.io.File]]("unmanagedSources") in Scope(Build: file:/home/johnreed/temp/play-scala/, , Project: ProjectReference(file:/home/johnreed/temp/play-scala/,root), Config: web-assets)))
Sending msg to client play-fork-run-be9e9d48-a4f8-4bbc-b753-44c747cfef38: TaskStarted(32,6765,None)
Sending msg to client play-fork-run-be9e9d48-a4f8-4bbc-b753-44c747cfef38: TaskStarted(32,6766,Some(AttributeKey[scala.collection.Seq[scala.Function1[scala.collection.Seq[java.io.File],scala.Option[java.io.File]]]]("webDeduplicators") in Scope(Build: file:/home/johnreed/temp/play-scala/, , Project: ProjectReference(file:/home/johnreed/temp/play-scala/,root), Config: web-assets)))
Sending msg to client play-fork-run-be9e9d48-a4f8-4bbc-b753-44c747cfef38: TaskFinished(32,6615,Some(AttributeKey[scala.collection.Seq[sbt.Attributed[java.io.File]]]("externalDependencyClasspath") in Scope(Build: file:/home/johnreed/temp/play-scala/, , Project: ProjectReference(file:/home/johnreed/temp/play-scala/,root), Config: compile)),true,None)
Sending msg to client play-fork-run-be9e9d48-a4f8-4bbc-b753-44c747cfef38: TaskFinished(32,6723,None,true,None)
Sending msg to client play-fork-run-be9e9d48-a4f8-4bbc-b753-44c747cfef38: TaskFinished(32,6728,None,true,None)
Sending msg to client play-fork-run-be9e9d48-a4f8-4bbc-b753-44c747cfef38: TaskStarted(32,6727,Some(AttributeKey[scala.Function1[scala.collection.Seq[scala.Tuple2[java.io.File,java.lang.String]],scala.collection.Seq[scala.Tuple2[java.io.File,java.lang.String]]]]("webAllPipelineStages") in Scope(Build: file:/home/johnreed/temp/play-scala/, , Project: ProjectReference(file:/home/johnreed/temp/play-scala/,root), Config: web-assets)))
Sending msg to client play-fork-run-be9e9d48-a4f8-4bbc-b753-44c747cfef38: TaskFinished(32,6612,Some(AttributeKey[scala.collection.Seq[sbt.Attributed[java.io.File]]]("internalDependencyClasspath") in Scope(Build: file:/home/johnreed/temp/play-scala/, , Project: ProjectReference(file:/home/johnreed/temp/play-scala/,root), Config: compile)),true,None)
Sending msg to client play-fork-run-be9e9d48-a4f8-4bbc-b753-44c747cfef38: TaskStarted(32,6611,None)
Sending msg to client play-fork-run-be9e9d48-a4f8-4bbc-b753-44c747cfef38: TaskStarted(32,6759,Some(AttributeKey[scala.collection.Seq[java.lang.String]]("webInternalWebModules") in Scope(Build: file:/home/johnreed/temp/play-scala/, , Project: ProjectReference(file:/home/johnreed/temp/play-scala/,root), Config: web-assets)))
Sending msg to client play-fork-run-be9e9d48-a4f8-4bbc-b753-44c747cfef38: TaskFinished(32,6748,Some(AttributeKey[java.lang.ClassLoader]("webJarsClassloader") in Scope(Build: file:/home/johnreed/temp/play-scala/, , Config: web-plugin)),true,None)
Sending msg to client play-fork-run-be9e9d48-a4f8-4bbc-b753-44c747cfef38: TaskStarted(32,6747,Some(AttributeKey[scala.collection.Seq[java.io.File]]("webJarsNodeModules") in Scope(Build: file:/home/johnreed/temp/play-scala/, , Config: web-plugin)))
Sending msg to client play-fork-run-be9e9d48-a4f8-4bbc-b753-44c747cfef38: TaskFinished(32,6753,Some(AttributeKey[scala.collection.Seq[java.io.File]]("unmanagedResources") in Scope(Build: file:/home/johnreed/temp/play-scala/, , Project: ProjectReference(file:/home/johnreed/temp/play-scala/,root), Config: web-assets)),true,None)
Sending msg to client play-fork-run-be9e9d48-a4f8-4bbc-b753-44c747cfef38: TaskFinished(32,6757,Some(AttributeKey[scala.collection.Seq[java.lang.String]]("webDirectWebModules") in Scope(Build: file:/home/johnreed/temp/play-scala/, , Project: ProjectReference(file:/home/johnreed/temp/play-scala/,root), Config: web-assets)),true,None)
Sending msg to client play-fork-run-be9e9d48-a4f8-4bbc-b753-44c747cfef38: TaskFinished(32,6762,Some(AttributeKey[scala.collection.Seq[java.io.File]]("unmanagedSources") in Scope(Build: file:/home/johnreed/temp/play-scala/, , Project: ProjectReference(file:/home/johnreed/temp/play-scala/,root), Config: web-assets)),true,None)
Sending msg to client play-fork-run-be9e9d48-a4f8-4bbc-b753-44c747cfef38: TaskFinished(32,6765,None,true,None)
Sending msg to client play-fork-run-be9e9d48-a4f8-4bbc-b753-44c747cfef38: TaskStarted(32,6764,None)
Sending msg to client play-fork-run-be9e9d48-a4f8-4bbc-b753-44c747cfef38: TaskFinished(32,6766,Some(AttributeKey[scala.collection.Seq[scala.Function1[scala.collection.Seq[java.io.File],scala.Option[java.io.File]]]]("webDeduplicators") in Scope(Build: file:/home/johnreed/temp/play-scala/, , Project: ProjectReference(file:/home/johnreed/temp/play-scala/,root), Config: web-assets)),true,None)
Sending msg to client play-fork-run-be9e9d48-a4f8-4bbc-b753-44c747cfef38: TaskStarted(32,6767,None)
Sending msg to client play-fork-run-be9e9d48-a4f8-4bbc-b753-44c747cfef38: TaskFinished(32,6611,None,true,None)
Sending msg to client play-fork-run-be9e9d48-a4f8-4bbc-b753-44c747cfef38: TaskStarted(32,6609,Some(AttributeKey[scala.collection.Seq[sbt.Attributed[java.io.File]]]("dependencyClasspath") in Scope(Build: file:/home/johnreed/temp/play-scala/, , Project: ProjectReference(file:/home/johnreed/temp/play-scala/,root), Config: compile)))
Sending msg to client play-fork-run-be9e9d48-a4f8-4bbc-b753-44c747cfef38: TaskFinished(32,6759,Some(AttributeKey[scala.collection.Seq[java.lang.String]]("webInternalWebModules") in Scope(Build: file:/home/johnreed/temp/play-scala/, , Project: ProjectReference(file:/home/johnreed/temp/play-scala/,root), Config: web-assets)),true,None)
Sending msg to client play-fork-run-be9e9d48-a4f8-4bbc-b753-44c747cfef38: TaskStarted(32,6758,None)
Sending msg to client play-fork-run-be9e9d48-a4f8-4bbc-b753-44c747cfef38: TaskFinished(32,6764,None,true,None)
Sending msg to client play-fork-run-be9e9d48-a4f8-4bbc-b753-44c747cfef38: TaskStarted(32,6763,Some(AttributeKey[scala.collection.Seq[java.io.File]]("managedSources") in Scope(Build: file:/home/johnreed/temp/play-scala/, , Project: ProjectReference(file:/home/johnreed/temp/play-scala/,root), Config: web-assets)))
Sending msg to client play-fork-run-be9e9d48-a4f8-4bbc-b753-44c747cfef38: TaskFinished(32,6767,None,true,None)
Sending msg to client play-fork-run-be9e9d48-a4f8-4bbc-b753-44c747cfef38: TaskFinished(32,6727,Some(AttributeKey[scala.Function1[scala.collection.Seq[scala.Tuple2[java.io.File,java.lang.String]],scala.collection.Seq[scala.Tuple2[java.io.File,java.lang.String]]]]("webAllPipelineStages") in Scope(Build: file:/home/johnreed/temp/play-scala/, , Project: ProjectReference(file:/home/johnreed/temp/play-scala/,root), Config: web-assets)),true,None)
Sending msg to client play-fork-run-be9e9d48-a4f8-4bbc-b753-44c747cfef38: TaskFinished(32,6609,Some(AttributeKey[scala.collection.Seq[sbt.Attributed[java.io.File]]]("dependencyClasspath") in Scope(Build: file:/home/johnreed/temp/play-scala/, , Project: ProjectReference(file:/home/johnreed/temp/play-scala/,root), Config: compile)),true,None)
Sending msg to client play-fork-run-be9e9d48-a4f8-4bbc-b753-44c747cfef38: TaskStarted(32,6653,Some(AttributeKey[sbt.Compiler$IncSetup]("incCompileSetup") in Scope(Build: file:/home/johnreed/temp/play-scala/, , Project: ProjectReference(file:/home/johnreed/temp/play-scala/,root), Config: compile)))
Sending msg to client play-fork-run-be9e9d48-a4f8-4bbc-b753-44c747cfef38: TaskStarted(32,6741,Some(AttributeKey[java.lang.ClassLoader]("webJarsClassloader") in Scope(Build: file:/home/johnreed/temp/play-scala/, , Project: ProjectReference(file:/home/johnreed/temp/play-scala/,root), Config: web-assets)))
Sending msg to client play-fork-run-be9e9d48-a4f8-4bbc-b753-44c747cfef38: TaskFinished(32,6758,None,true,None)
Sending msg to client play-fork-run-be9e9d48-a4f8-4bbc-b753-44c747cfef38: TaskStarted(32,6756,Some(AttributeKey[scala.collection.Seq[java.lang.String]]("webDirectWebModules") in Scope(Build: file:/home/johnreed/temp/play-scala/, , Project: ProjectReference(file:/home/johnreed/temp/play-scala/,root), Config: web-assets)))
Sending msg to client play-fork-run-be9e9d48-a4f8-4bbc-b753-44c747cfef38: TaskFinished(32,6763,Some(AttributeKey[scala.collection.Seq[java.io.File]]("managedSources") in Scope(Build: file:/home/johnreed/temp/play-scala/, , Project: ProjectReference(file:/home/johnreed/temp/play-scala/,root), Config: web-assets)),true,None)
Sending msg to client play-fork-run-be9e9d48-a4f8-4bbc-b753-44c747cfef38: TaskStarted(32,6761,Some(AttributeKey[scala.collection.Seq[java.io.File]]("sources") in Scope(Build: file:/home/johnreed/temp/play-scala/, , Project: ProjectReference(file:/home/johnreed/temp/play-scala/,root), Config: web-assets)))
Sending msg to client play-fork-run-be9e9d48-a4f8-4bbc-b753-44c747cfef38: TaskFinished(32,6653,Some(AttributeKey[sbt.Compiler$IncSetup]("incCompileSetup") in Scope(Build: file:/home/johnreed/temp/play-scala/, , Project: ProjectReference(file:/home/johnreed/temp/play-scala/,root), Config: compile)),true,None)
Sending msg to client play-fork-run-be9e9d48-a4f8-4bbc-b753-44c747cfef38: TaskStarted(32,6608,Some(AttributeKey[sbt.Compiler$Inputs]("compileInputs") in Scope(Build: file:/home/johnreed/temp/play-scala/, , Project: ProjectReference(file:/home/johnreed/temp/play-scala/,root), Config: compile, Task: AttributeKey[sbt.inc.Analysis]("compile"))))
Sending msg to client play-fork-run-be9e9d48-a4f8-4bbc-b753-44c747cfef38: TaskStarted(32,6665,Some(AttributeKey[sbt.Compiler$PreviousAnalysis]("readAnalysis") in Scope(Build: file:/home/johnreed/temp/play-scala/, , Project: ProjectReference(file:/home/johnreed/temp/play-scala/,root), Config: compile)))
Sending msg to client play-fork-run-be9e9d48-a4f8-4bbc-b753-44c747cfef38: TaskFinished(32,6741,Some(AttributeKey[java.lang.ClassLoader]("webJarsClassloader") in Scope(Build: file:/home/johnreed/temp/play-scala/, , Project: ProjectReference(file:/home/johnreed/temp/play-scala/,root), Config: web-assets)),true,None)
Sending msg to client play-fork-run-be9e9d48-a4f8-4bbc-b753-44c747cfef38: TaskStarted(32,6740,Some(AttributeKey[scala.collection.Seq[java.io.File]]("webJars") in Scope(Build: file:/home/johnreed/temp/play-scala/, , Project: ProjectReference(file:/home/johnreed/temp/play-scala/,root), Config: web-assets)))
Sending msg to client play-fork-run-be9e9d48-a4f8-4bbc-b753-44c747cfef38: TaskFinished(32,6756,Some(AttributeKey[scala.collection.Seq[java.lang.String]]("webDirectWebModules") in Scope(Build: file:/home/johnreed/temp/play-scala/, , Project: ProjectReference(file:/home/johnreed/temp/play-scala/,root), Config: web-assets)),true,None)
Sending msg to client play-fork-run-be9e9d48-a4f8-4bbc-b753-44c747cfef38: TaskFinished(32,6761,Some(AttributeKey[scala.collection.Seq[java.io.File]]("sources") in Scope(Build: file:/home/johnreed/temp/play-scala/, , Project: ProjectReference(file:/home/johnreed/temp/play-scala/,root), Config: web-assets)),true,None)
Sending msg to client play-fork-run-be9e9d48-a4f8-4bbc-b753-44c747cfef38: TaskStarted(32,6760,Some(AttributeKey[scala.collection.Seq[scala.Tuple2[java.io.File,java.lang.String]]]("mappings") in Scope(Build: file:/home/johnreed/temp/play-scala/, , Project: ProjectReference(file:/home/johnreed/temp/play-scala/,root), Config: web-assets, Task: AttributeKey[scala.collection.Seq[java.io.File]]("sources"))))
Sending msg to client play-fork-run-be9e9d48-a4f8-4bbc-b753-44c747cfef38: TaskFinished(32,6665,Some(AttributeKey[sbt.Compiler$PreviousAnalysis]("readAnalysis") in Scope(Build: file:/home/johnreed/temp/play-scala/, , Project: ProjectReference(file:/home/johnreed/temp/play-scala/,root), Config: compile)),true,None)
Sending msg to client play-fork-run-be9e9d48-a4f8-4bbc-b753-44c747cfef38: TaskFinished(32,6608,Some(AttributeKey[sbt.Compiler$Inputs]("compileInputs") in Scope(Build: file:/home/johnreed/temp/play-scala/, , Project: ProjectReference(file:/home/johnreed/temp/play-scala/,root), Config: compile, Task: AttributeKey[sbt.inc.Analysis]("compile"))),true,None)
Sending msg to client play-fork-run-be9e9d48-a4f8-4bbc-b753-44c747cfef38: TaskStarted(32,6667,Some(AttributeKey[scala.Option[xsbti.Reporter]]("compilerReporter") in Scope(Build: file:/home/johnreed/temp/play-scala/, , Project: ProjectReference(file:/home/johnreed/temp/play-scala/,root), Config: compile, Task: AttributeKey[sbt.inc.Analysis]("compile"))))
Sending msg to client play-fork-run-be9e9d48-a4f8-4bbc-b753-44c747cfef38: TaskFinished(32,6740,Some(AttributeKey[scala.collection.Seq[java.io.File]]("webJars") in Scope(Build: file:/home/johnreed/temp/play-scala/, , Project: ProjectReference(file:/home/johnreed/temp/play-scala/,root), Config: web-assets)),true,None)
Sending msg to client play-fork-run-be9e9d48-a4f8-4bbc-b753-44c747cfef38: TaskStarted(32,6739,None)
Sending msg to client play-fork-run-be9e9d48-a4f8-4bbc-b753-44c747cfef38: TaskFinished(32,6667,Some(AttributeKey[scala.Option[xsbti.Reporter]]("compilerReporter") in Scope(Build: file:/home/johnreed/temp/play-scala/, , Project: ProjectReference(file:/home/johnreed/temp/play-scala/,root), Config: compile, Task: AttributeKey[sbt.inc.Analysis]("compile"))),true,None)
Sending msg to client play-fork-run-be9e9d48-a4f8-4bbc-b753-44c747cfef38: TaskStarted(32,6607,Some(AttributeKey[sbt.compiler.IC$Result]("compileIncremental") in Scope(Build: file:/home/johnreed/temp/play-scala/, , Project: ProjectReference(file:/home/johnreed/temp/play-scala/,root), Config: compile)))
Sending msg to client play-fork-run-be9e9d48-a4f8-4bbc-b753-44c747cfef38: TaskFinished(32,6739,None,true,None)
Sending msg to client play-fork-run-be9e9d48-a4f8-4bbc-b753-44c747cfef38: TaskStarted(32,6738,None)
Sending msg to client play-fork-run-be9e9d48-a4f8-4bbc-b753-44c747cfef38: TaskFinished(32,6738,None,true,None)
Sending msg to client play-fork-run-be9e9d48-a4f8-4bbc-b753-44c747cfef38: TaskStarted(32,6737,Some(AttributeKey[scala.collection.Seq[java.io.File]]("webModules") in Scope(Build: file:/home/johnreed/temp/play-scala/, , Project: ProjectReference(file:/home/johnreed/temp/play-scala/,root), Config: web-assets)))
Sending msg to client play-fork-run-be9e9d48-a4f8-4bbc-b753-44c747cfef38: TaskFinished(32,6737,Some(AttributeKey[scala.collection.Seq[java.io.File]]("webModules") in Scope(Build: file:/home/johnreed/temp/play-scala/, , Project: ProjectReference(file:/home/johnreed/temp/play-scala/,root), Config: web-assets)),true,None)
Sending msg to client play-fork-run-be9e9d48-a4f8-4bbc-b753-44c747cfef38: TaskLogEvent(6607,LogMessage(debug,
Initial source changes: 
	removed:Set()
	added: Set()
	modified: Set(/home/johnreed/temp/play-scala/target/scala-2.11/routes/main/router/RoutesPrefix.scala, /home/johnreed/temp/play-scala/target/scala-2.11/routes/main/controllers/ReverseRoutes.scala, /home/johnreed/temp/play-scala/target/scala-2.11/routes/main/router/Routes.scala, /home/johnreed/temp/play-scala/target/scala-2.11/routes/main/controllers/routes.java, /home/johnreed/temp/play-scala/target/scala-2.11/routes/main/controllers/javascript/JavaScriptReverseRoutes.scala)
Removed products: Set()
External API changes: API Changes: Set()
Modified binary dependencies: Set()
Initial directly invalidated sources: Set(/home/johnreed/temp/play-scala/target/scala-2.11/routes/main/router/RoutesPrefix.scala, /home/johnreed/temp/play-scala/target/scala-2.11/routes/main/controllers/ReverseRoutes.scala, /home/johnreed/temp/play-scala/target/scala-2.11/routes/main/router/Routes.scala, /home/johnreed/temp/play-scala/target/scala-2.11/routes/main/controllers/routes.java, /home/johnreed/temp/play-scala/target/scala-2.11/routes/main/controllers/javascript/JavaScriptReverseRoutes.scala)

Sources indirectly invalidated by:
	product: Set()
	binary dep: Set()
	external source: Set()))
Sending msg to client play-fork-run-be9e9d48-a4f8-4bbc-b753-44c747cfef38: TaskStarted(32,6736,None)
Sending msg to client play-fork-run-be9e9d48-a4f8-4bbc-b753-44c747cfef38: TaskLogEvent(6607,LogMessage(debug,All initially invalidated sources: Set(/home/johnreed/temp/play-scala/target/scala-2.11/routes/main/router/RoutesPrefix.scala, /home/johnreed/temp/play-scala/target/scala-2.11/routes/main/controllers/ReverseRoutes.scala, /home/johnreed/temp/play-scala/target/scala-2.11/routes/main/router/Routes.scala, /home/johnreed/temp/play-scala/target/scala-2.11/routes/main/controllers/routes.java, /home/johnreed/temp/play-scala/target/scala-2.11/routes/main/controllers/javascript/JavaScriptReverseRoutes.scala)
))
Sending msg to client play-fork-run-be9e9d48-a4f8-4bbc-b753-44c747cfef38: TaskLogEvent(6607,LogMessage(info,Read from stdout: Compiling 4 Scala sources and 1 Java source to /home/johnreed/temp/play-scala/target/scala-2.11/classes...))
Sending msg to client play-fork-run-be9e9d48-a4f8-4bbc-b753-44c747cfef38: TaskLogEvent(6607,LogMessage(info,Compiling 4 Scala sources and 1 Java source to /home/johnreed/temp/play-scala/target/scala-2.11/classes...))
Sending msg to client play-fork-run-be9e9d48-a4f8-4bbc-b753-44c747cfef38: TaskLogEvent(6607,LogMessage(debug,Getting compiler-interface from component compiler for Scala 2.11.7))
Sending msg to client play-fork-run-be9e9d48-a4f8-4bbc-b753-44c747cfef38: TaskStarted(32,6750,None)
Sending msg to client play-fork-run-be9e9d48-a4f8-4bbc-b753-44c747cfef38: BackgroundJobLogEvent(1,LogMessage(info,Compiling 4 Scala sources and 1 Java source to /home/johnreed/temp/play-scala/target/scala-2.11/classes...))
Sending msg to client play-fork-run-be9e9d48-a4f8-4bbc-b753-44c747cfef38: TaskStarted(32,6752,None)
Sending msg to client play-fork-run-be9e9d48-a4f8-4bbc-b753-44c747cfef38: TaskStarted(32,6755,Some(AttributeKey[scala.collection.Seq[scala.Tuple2[java.io.File,java.lang.String]]]("mappings") in Scope(Build: file:/home/johnreed/temp/play-scala/, , Project: ProjectReference(file:/home/johnreed/temp/play-scala/,root), Config: web-assets, Task: AttributeKey[scala.collection.Seq[java.io.File]]("webModules"))))
Sending msg to client play-fork-run-be9e9d48-a4f8-4bbc-b753-44c747cfef38: TaskLogEvent(6607,LogMessage(debug,Other repositories:))
Sending msg to client play-fork-run-be9e9d48-a4f8-4bbc-b753-44c747cfef38: TaskLogEvent(6607,LogMessage(debug,Default repositories:))
Sending msg to client play-fork-run-be9e9d48-a4f8-4bbc-b753-44c747cfef38: TaskFinished(32,6760,Some(AttributeKey[scala.collection.Seq[scala.Tuple2[java.io.File,java.lang.String]]]("mappings") in Scope(Build: file:/home/johnreed/temp/play-scala/, , Project: ProjectReference(file:/home/johnreed/temp/play-scala/,root), Config: web-assets, Task: AttributeKey[scala.collection.Seq[java.io.File]]("sources"))),true,None)
Sending msg to client play-fork-run-be9e9d48-a4f8-4bbc-b753-44c747cfef38: TaskStarted(32,6773,None)
Sending msg to client play-fork-run-be9e9d48-a4f8-4bbc-b753-44c747cfef38: TaskStarted(32,6775,None)
Sending msg to client play-fork-run-be9e9d48-a4f8-4bbc-b753-44c747cfef38: TaskFinished(32,6755,Some(AttributeKey[scala.collection.Seq[scala.Tuple2[java.io.File,java.lang.String]]]("mappings") in Scope(Build: file:/home/johnreed/temp/play-scala/, , Project: ProjectReference(file:/home/johnreed/temp/play-scala/,root), Config: web-assets, Task: AttributeKey[scala.collection.Seq[java.io.File]]("webModules"))),true,None)
Sending msg to client play-fork-run-be9e9d48-a4f8-4bbc-b753-44c747cfef38: TaskStarted(32,6754,Some(AttributeKey[scala.collection.Seq[scala.Tuple2[java.io.File,java.lang.String]]]("mappings") in Scope(Build: file:/home/johnreed/temp/play-scala/, , Project: ProjectReference(file:/home/johnreed/temp/play-scala/,root), Config: web-assets, Task: AttributeKey[scala.collection.Seq[java.io.File]]("webModules"))))
Sending msg to client play-fork-run-be9e9d48-a4f8-4bbc-b753-44c747cfef38: TaskFinished(32,6773,None,true,None)
Sending msg to client play-fork-run-be9e9d48-a4f8-4bbc-b753-44c747cfef38: TaskFinished(32,6775,None,true,None)
Sending msg to client play-fork-run-be9e9d48-a4f8-4bbc-b753-44c747cfef38: TaskStarted(32,6774,Some(AttributeKey[sbt.LoggerReporter]("webReporter") in Scope(Build: file:/home/johnreed/temp/play-scala/, , Project: ProjectReference(file:/home/johnreed/temp/play-scala/,root))))
Sending msg to client play-fork-run-be9e9d48-a4f8-4bbc-b753-44c747cfef38: TaskFinished(32,6754,Some(AttributeKey[scala.collection.Seq[scala.Tuple2[java.io.File,java.lang.String]]]("mappings") in Scope(Build: file:/home/johnreed/temp/play-scala/, , Project: ProjectReference(file:/home/johnreed/temp/play-scala/,root), Config: web-assets, Task: AttributeKey[scala.collection.Seq[java.io.File]]("webModules"))),true,None)
Sending msg to client play-fork-run-be9e9d48-a4f8-4bbc-b753-44c747cfef38: TaskFinished(32,6774,Some(AttributeKey[sbt.LoggerReporter]("webReporter") in Scope(Build: file:/home/johnreed/temp/play-scala/, , Project: ProjectReference(file:/home/johnreed/temp/play-scala/,root))),true,None)
Sending msg to client play-fork-run-be9e9d48-a4f8-4bbc-b753-44c747cfef38: TaskStarted(32,6772,None)
Sending msg to client play-fork-run-be9e9d48-a4f8-4bbc-b753-44c747cfef38: TaskFinished(32,6772,None,true,None)
Sending msg to client play-fork-run-be9e9d48-a4f8-4bbc-b753-44c747cfef38: TaskFinished(32,6752,None,true,None)
Sending msg to client play-fork-run-be9e9d48-a4f8-4bbc-b753-44c747cfef38: TaskStarted(32,6751,Some(AttributeKey[scala.collection.Seq[java.io.File]]("sassify") in Scope(Build: file:/home/johnreed/temp/play-scala/, , Project: ProjectReference(file:/home/johnreed/temp/play-scala/,root), Config: web-assets)))
Sending msg to client play-fork-run-be9e9d48-a4f8-4bbc-b753-44c747cfef38: TaskFinished(32,6751,Some(AttributeKey[scala.collection.Seq[java.io.File]]("sassify") in Scope(Build: file:/home/johnreed/temp/play-scala/, , Project: ProjectReference(file:/home/johnreed/temp/play-scala/,root), Config: web-assets)),true,None)
Sending msg to client play-fork-run-be9e9d48-a4f8-4bbc-b753-44c747cfef38: TaskLogEvent(6607,LogMessage(debug,Getting compiler-interface from component compiler for Scala 2.11.7))
Sending msg to client play-fork-run-be9e9d48-a4f8-4bbc-b753-44c747cfef38: TaskLogEvent(6607,LogMessage(debug,Other repositories:))
Sending msg to client play-fork-run-be9e9d48-a4f8-4bbc-b753-44c747cfef38: TaskLogEvent(6607,LogMessage(debug,Default repositories:))
Sending msg to client play-fork-run-be9e9d48-a4f8-4bbc-b753-44c747cfef38: TaskLogEvent(6607,LogMessage(debug,Running cached compiler 38d830bd, interfacing (CompilerInterface) with Scala compiler version 2.11.7))
Sending msg to client play-fork-run-be9e9d48-a4f8-4bbc-b753-44c747cfef38: TaskLogEvent(6607,LogMessage(debug,Calling Scala compiler with arguments  (CompilerInterface):
	-deprecation
	-unchecked
	-encoding
	utf8
	-bootclasspath
	/home/johnreed/Applications/jdk1.8.0_73/jre/lib/resources.jar:/home/johnreed/Applications/jdk1.8.0_73/jre/lib/rt.jar:/home/johnreed/Applications/jdk1.8.0_73/jre/lib/sunrsasign.jar:/home/johnreed/Applications/jdk1.8.0_73/jre/lib/jsse.jar:/home/johnreed/Applications/jdk1.8.0_73/jre/lib/jce.jar:/home/johnreed/Applications/jdk1.8.0_73/jre/lib/charsets.jar:/home/johnreed/Applications/jdk1.8.0_73/jre/lib/jfr.jar:/home/johnreed/Applications/jdk1.8.0_73/jre/classes:/home/johnreed/.ivy2/cache/org.scala-lang/scala-library/jars/scala-library-2.11.7.jar
	-classpath
	/home/johnreed/temp/play-scala/target/scala-2.11/classes:/home/johnreed/sbtProjects/activator-dist-1.3.7/repository/com.typesafe.play/twirl-api_2.11/1.1.1/jars/twirl-api_2.11.jar:/home/johnreed/.ivy2/cache/org.apache.commons/commons-lang3/jars/commons-lang3-3.4.jar:/home/johnreed/.ivy2/cache/org.scala-lang.modules/scala-xml_2.11/bundles/scala-xml_2.11-1.0.1.jar:/home/johnreed/.ivy2/cache/com.typesafe.play/play-server_2.11/jars/play-server_2.11-2.5.4.jar:/home/johnreed/.ivy2/cache/com.typesafe.play/play_2.11/jars/play_2.11-2.5.4.jar:/home/johnreed/.ivy2/cache/com.typesafe.play/build-link/jars/build-link-2.5.4.jar:/home/johnreed/.ivy2/cache/com.typesafe.play/play-exceptions/jars/play-exceptions-2.5.4.jar:/home/johnreed/.ivy2/cache/com.typesafe.play/play-iteratees_2.11/jars/play-iteratees_2.11-2.5.4.jar:/home/johnreed/.ivy2/cache/org.scala-stm/scala-stm_2.11/jars/scala-stm_2.11-0.7.jar:/home/johnreed/.ivy2/cache/com.typesafe/config/bundles/config-1.3.0.jar:/home/johnreed/.ivy2/cache/ch.qos.logback/logback-classic/jars/logback-classic-1.1.7.jar:/home/johnreed/.ivy2/cache/ch.qos.logback/logback-core/jars/logback-core-1.1.7.jar:/home/johnreed/.ivy2/cache/com.typesafe.play/play-json_2.11/jars/play-json_2.11-2.5.4.jar:/home/johnreed/.ivy2/cache/com.typesafe.play/play-functional_2.11/jars/play-functional_2.11-2.5.4.jar:/home/johnreed/.ivy2/cache/com.typesafe.play/play-datacommons_2.11/jars/play-datacommons_2.11-2.5.4.jar:/home/johnreed/Applications/activator-dist-1.3.9/repository/joda-time/joda-time/2.9.2/jars/joda-time.jar:/home/johnreed/Applications/activator-dist-1.3.9/repository/org.joda/joda-convert/1.8.1/jars/joda-convert.jar:/home/johnreed/.ivy2/cache/org.scala-lang/scala-reflect/jars/scala-reflect-2.11.7.jar:/home/johnreed/Applications/activator-dist-1.3.9/repository/com.fasterxml.jackson.core/jackson-core/2.7.1/bundles/jackson-core.jar:/home/johnreed/Applications/activator-dist-1.3.9/repository/com.fasterxml.jackson.core/jackson-annotations/2.7.1/bundles/jackson-annotations.jar:/home/johnreed/Applications/activator-dist-1.3.9/repository/com.fasterxml.jackson.core/jackson-databind/2.7.1/bundles/jackson-databind.jar:/home/johnreed/Applications/activator-dist-1.3.9/repository/com.fasterxml.jackson.datatype/jackson-datatype-jdk8/2.7.1/bundles/jackson-datatype-jdk8.jar:/home/johnreed/Applications/activator-dist-1.3.9/repository/com.fasterxml.jackson.datatype/jackson-datatype-jsr310/2.7.1/bundles/jackson-datatype-jsr310.jar:/home/johnreed/.ivy2/cache/com.typesafe.play/play-netty-utils/jars/play-netty-utils-2.5.4.jar:/home/johnreed/.ivy2/cache/org.slf4j/jul-to-slf4j/jars/jul-to-slf4j-1.7.19.jar:/home/johnreed/.ivy2/cache/org.slf4j/jcl-over-slf4j/jars/jcl-over-slf4j-1.7.19.jar:/home/johnreed/.ivy2/cache/com.typesafe.play/play-streams_2.11/jars/play-streams_2.11-2.5.4.jar:/home/johnreed/Applications/activator-dist-1.3.9/repository/org.reactivestreams/reactive-streams/1.0.0/jars/reactive-streams.jar:/home/johnreed/.ivy2/cache/com.typesafe.akka/akka-stream_2.11/jars/akka-stream_2.11-2.4.4.jar:/home/johnreed/.ivy2/cache/com.typesafe.akka/akka-actor_2.11/jars/akka-actor_2.11-2.4.4.jar:/home/johnreed/Applications/activator-dist-1.3.9/repository/org.scala-lang.modules/scala-java8-compat_2.11/0.7.0/bundles/scala-java8-compat_2.11.jar:/home/johnreed/.ivy2/cache/com.typesafe/ssl-config-akka_2.11/bundles/ssl-config-akka_2.11-0.2.1.jar:/home/johnreed/.ivy2/cache/com.typesafe/ssl-config-core_2.11/bundles/ssl-config-core_2.11-0.2.1.jar:/home/johnreed/.ivy2/cache/org.scala-lang.modules/scala-parser-combinators_2.11/bundles/scala-parser-combinators_2.11-1.0.4.jar:/home/johnreed/.ivy2/cache/com.typesafe.akka/akka-slf4j_2.11/jars/akka-slf4j_2.11-2.4.4.jar:/home/johnreed/sbtProjects/activator-dist-1.3.7/repository/commons-codec/commons-codec/1.10/jars/commons-codec.jar:/home/johnreed/.ivy2/cache/xerces/xercesImpl/jars/xercesImpl-2.11.0.jar:/home/johnreed/.ivy2/cache/xml-apis/xml-apis/jars/xml-apis-1.4.01.jar:/home/johnreed/.ivy2/cache/javax.transaction/jta/jars/jta-1.1.jar:/home/johnreed/sbtProjects/activator-dist-1.3.7/repository/com.google.inject/guice/4.0/jars/guice.jar:/home/johnreed/.ivy2/cache/javax.inject/javax.inject/jars/javax.inject-1.jar:/home/johnreed/.ivy2/cache/aopalliance/aopalliance/jars/aopalliance-1.0.jar:/home/johnreed/sbtProjects/activator-dist-1.3.7/repository/com.google.inject.extensions/guice-assistedinject/4.0/jars/guice-assistedinject.jar:/home/johnreed/.ivy2/cache/com.typesafe.play/play-netty-server_2.11/jars/play-netty-server_2.11-2.5.4.jar:/home/johnreed/.ivy2/cache/com.typesafe.netty/netty-reactive-streams-http/jars/netty-reactive-streams-http-1.0.6.jar:/home/johnreed/.ivy2/cache/com.typesafe.netty/netty-reactive-streams/jars/netty-reactive-streams-1.0.6.jar:/home/johnreed/.ivy2/cache/io.netty/netty-handler/jars/netty-handler-4.0.36.Final.jar:/home/johnreed/.ivy2/cache/io.netty/netty-buffer/jars/netty-buffer-4.0.36.Final.jar:/home/johnreed/.ivy2/cache/io.netty/netty-common/jars/netty-common-4.0.36.Final.jar:/home/johnreed/.ivy2/cache/io.netty/netty-transport/jars/netty-transport-4.0.36.Final.jar:/home/johnreed/.ivy2/cache/io.netty/netty-codec/jars/netty-codec-4.0.36.Final.jar:/home/johnreed/.ivy2/cache/io.netty/netty-codec-http/jars/netty-codec-http-4.0.36.Final.jar:/home/johnreed/.ivy2/cache/io.netty/netty-transport-native-epoll/jars/netty-transport-native-epoll-4.0.36.Final-linux-x86_64.jar:/home/johnreed/.ivy2/cache/com.typesafe.play/play-logback_2.11/jars/play-logback_2.11-2.5.4.jar:/home/johnreed/.ivy2/cache/com.typesafe.play/play-jdbc_2.11/jars/play-jdbc_2.11-2.5.4.jar:/home/johnreed/.ivy2/cache/com.typesafe.play/play-jdbc-api_2.11/jars/play-jdbc-api_2.11-2.5.4.jar:/home/johnreed/.ivy2/cache/com.jolbox/bonecp/bundles/bonecp-0.8.0.RELEASE.jar:/home/johnreed/Applications/activator-dist-1.3.9/repository/com.zaxxer/HikariCP/2.4.3/bundles/HikariCP.jar:/home/johnreed/Applications/activator-dist-1.3.9/repository/com.googlecode.usc/jdbcdslog/1.0.6.2/jars/jdbcdslog.jar:/home/johnreed/Applications/activator-dist-1.3.9/repository/com.h2database/h2/1.4.191/jars/h2.jar:/home/johnreed/Applications/activator-dist-1.3.9/repository/tyrex/tyrex/1.0.1/jars/tyrex.jar:/home/johnreed/.ivy2/cache/com.typesafe.play/play-cache_2.11/jars/play-cache_2.11-2.5.4.jar:/home/johnreed/Applications/activator-dist-1.3.9/repository/net.sf.ehcache/ehcache-core/2.6.11/jars/ehcache-core.jar:/home/johnreed/.ivy2/cache/com.typesafe.play/play-ws_2.11/jars/play-ws_2.11-2.5.4.jar:/home/johnreed/Applications/activator-dist-1.3.9/repository/com.google.guava/guava/19.0/bundles/guava.jar:/home/johnreed/.ivy2/cache/org.asynchttpclient/async-http-client/jars/async-http-client-2.0.2.jar:/home/johnreed/.ivy2/cache/org.asynchttpclient/netty-resolver-dns/jars/netty-resolver-dns-2.0.2.jar:/home/johnreed/.ivy2/cache/org.asynchttpclient/netty-resolver/jars/netty-resolver-2.0.2.jar:/home/johnreed/.ivy2/cache/org.slf4j/slf4j-api/jars/slf4j-api-1.7.21.jar:/home/johnreed/.ivy2/cache/org.asynchttpclient/netty-codec-dns/jars/netty-codec-dns-2.0.2.jar:/home/johnreed/.ivy2/cache/org.javassist/javassist/bundles/javassist-3.20.0-GA.jar:/home/johnreed/.ivy2/cache/oauth.signpost/signpost-core/jars/signpost-core-1.2.1.2.jar:/home/johnreed/.ivy2/cache/oauth.signpost/signpost-commonshttp4/jars/signpost-commonshttp4-1.2.1.2.jar:/home/johnreed/sbtProjects/activator-dist-1.3.7/repository/org.apache.httpcomponents/httpcore/4.0.1/jars/httpcore.jar:/home/johnreed/sbtProjects/activator-dist-1.3.7/repository/org.apache.httpcomponents/httpclient/4.0.1/jars/httpclient.jar:/home/johnreed/.ivy2/cache/commons-logging/commons-logging/jars/commons-logging-1.1.1.jar:/home/johnreed/.ivy2/cache/scala.trace/scala-trace-debug_2.11/jars/scala-trace-debug_2.11-2.2.17.jar:/home/johnreed/.ivy2/cache/mysql/mysql-connector-java/jars/mysql-connector-java-5.1.38.jar))
Sending msg to client play-fork-run-be9e9d48-a4f8-4bbc-b753-44c747cfef38: TaskFinished(32,6747,Some(AttributeKey[scala.collection.Seq[java.io.File]]("webJarsNodeModules") in Scope(Build: file:/home/johnreed/temp/play-scala/, , Config: web-plugin)),true,None)
Sending msg to client play-fork-run-be9e9d48-a4f8-4bbc-b753-44c747cfef38: TaskStarted(32,6746,None)
Sending msg to client play-fork-run-be9e9d48-a4f8-4bbc-b753-44c747cfef38: TaskFinished(32,6746,None,true,None)
Sending msg to client play-fork-run-be9e9d48-a4f8-4bbc-b753-44c747cfef38: TaskStarted(32,6745,None)
Sending msg to client play-fork-run-be9e9d48-a4f8-4bbc-b753-44c747cfef38: TaskFinished(32,6745,None,true,None)
Sending msg to client play-fork-run-be9e9d48-a4f8-4bbc-b753-44c747cfef38: TaskStarted(32,6744,Some(AttributeKey[scala.collection.Seq[java.io.File]]("webNodeModules") in Scope(Build: file:/home/johnreed/temp/play-scala/, , Config: web-plugin)))
Sending msg to client play-fork-run-be9e9d48-a4f8-4bbc-b753-44c747cfef38: TaskFinished(32,6744,Some(AttributeKey[scala.collection.Seq[java.io.File]]("webNodeModules") in Scope(Build: file:/home/johnreed/temp/play-scala/, , Config: web-plugin)),true,None)
Sending msg to client play-fork-run-be9e9d48-a4f8-4bbc-b753-44c747cfef38: TaskStarted(32,6743,None)
Sending msg to client play-fork-run-be9e9d48-a4f8-4bbc-b753-44c747cfef38: TaskStarted(32,6769,None)
Sending msg to client play-fork-run-be9e9d48-a4f8-4bbc-b753-44c747cfef38: TaskStarted(32,6771,None)
Sending msg to client play-fork-run-be9e9d48-a4f8-4bbc-b753-44c747cfef38: TaskStarted(32,6781,None)
Sending msg to client play-fork-run-be9e9d48-a4f8-4bbc-b753-44c747cfef38: TaskStarted(32,6782,None)
Sending msg to client play-fork-run-be9e9d48-a4f8-4bbc-b753-44c747cfef38: TaskStarted(32,6783,None)
Sending msg to client play-fork-run-be9e9d48-a4f8-4bbc-b753-44c747cfef38: TaskStarted(32,6787,Some(AttributeKey[scala.Option[java.io.File]]("jshintResolvedConfig") in Scope(Build: file:/home/johnreed/temp/play-scala/, , Project: ProjectReference(file:/home/johnreed/temp/play-scala/,root))))
Sending msg to client play-fork-run-be9e9d48-a4f8-4bbc-b753-44c747cfef38: TaskStarted(32,6789,Some(AttributeKey[java.lang.String]("jstaskJsOptions") in Scope(Build: file:/home/johnreed/temp/play-scala/, , Project: ProjectReference(file:/home/johnreed/temp/play-scala/,root), Config: web-assets, Task: AttributeKey[scala.collection.Seq[java.io.File]]("coffeescript"))))
Sending msg to client play-fork-run-be9e9d48-a4f8-4bbc-b753-44c747cfef38: TaskStarted(32,6792,None)
Sending msg to client play-fork-run-be9e9d48-a4f8-4bbc-b753-44c747cfef38: TaskStarted(32,6793,None)
Sending msg to client play-fork-run-be9e9d48-a4f8-4bbc-b753-44c747cfef38: TaskStarted(32,6798,None)
Sending msg to client play-fork-run-be9e9d48-a4f8-4bbc-b753-44c747cfef38: TaskStarted(32,6800,Some(AttributeKey[java.lang.String]("jstaskJsOptions") in Scope(Build: file:/home/johnreed/temp/play-scala/, , Project: ProjectReference(file:/home/johnreed/temp/play-scala/,root), Config: web-assets, Task: AttributeKey[scala.collection.Seq[java.io.File]]("less"))))
Sending msg to client play-fork-run-be9e9d48-a4f8-4bbc-b753-44c747cfef38: TaskStarted(32,6801,None)
Sending msg to client play-fork-run-be9e9d48-a4f8-4bbc-b753-44c747cfef38: TaskStarted(32,6802,None)
Sending msg to client play-fork-run-be9e9d48-a4f8-4bbc-b753-44c747cfef38: TaskStarted(32,6807,None)
Sending msg to client play-fork-run-be9e9d48-a4f8-4bbc-b753-44c747cfef38: TaskFinished(32,6781,None,true,None)
Sending msg to client play-fork-run-be9e9d48-a4f8-4bbc-b753-44c747cfef38: TaskStarted(32,6780,None)
Sending msg to client play-fork-run-be9e9d48-a4f8-4bbc-b753-44c747cfef38: TaskFinished(32,6782,None,true,None)
Sending msg to client play-fork-run-be9e9d48-a4f8-4bbc-b753-44c747cfef38: TaskStarted(32,6784,Some(AttributeKey[java.io.File]("jstaskShellSource") in Scope(Build: file:/home/johnreed/temp/play-scala/, , Project: ProjectReference(file:/home/johnreed/temp/play-scala/,root), Task: AttributeKey[scala.collection.Seq[java.io.File]]("jshint"))))
Sending msg to client play-fork-run-be9e9d48-a4f8-4bbc-b753-44c747cfef38: TaskFinished(32,6783,None,true,None)
Sending msg to client play-fork-run-be9e9d48-a4f8-4bbc-b753-44c747cfef38: TaskFinished(32,6787,Some(AttributeKey[scala.Option[java.io.File]]("jshintResolvedConfig") in Scope(Build: file:/home/johnreed/temp/play-scala/, , Project: ProjectReference(file:/home/johnreed/temp/play-scala/,root))),true,None)
Sending msg to client play-fork-run-be9e9d48-a4f8-4bbc-b753-44c747cfef38: TaskStarted(32,6786,Some(AttributeKey[java.lang.String]("jstaskJsOptions") in Scope(Build: file:/home/johnreed/temp/play-scala/, , Project: ProjectReference(file:/home/johnreed/temp/play-scala/,root), Task: AttributeKey[scala.collection.Seq[java.io.File]]("jshint"))))
Sending msg to client play-fork-run-be9e9d48-a4f8-4bbc-b753-44c747cfef38: TaskFinished(32,6789,Some(AttributeKey[java.lang.String]("jstaskJsOptions") in Scope(Build: file:/home/johnreed/temp/play-scala/, , Project: ProjectReference(file:/home/johnreed/temp/play-scala/,root), Config: web-assets, Task: AttributeKey[scala.collection.Seq[java.io.File]]("coffeescript"))),true,None)
Sending msg to client play-fork-run-be9e9d48-a4f8-4bbc-b753-44c747cfef38: TaskStarted(32,6790,Some(AttributeKey[com.typesafe.sbt.web.incremental.OpInputHasher[java.io.File]]("jstaskFileInputHasher") in Scope(Build: file:/home/johnreed/temp/play-scala/, , Project: ProjectReference(file:/home/johnreed/temp/play-scala/,root), Config: web-assets, Task: AttributeKey[scala.collection.Seq[java.io.File]]("coffeescript"))))
Sending msg to client play-fork-run-be9e9d48-a4f8-4bbc-b753-44c747cfef38: TaskFinished(32,6792,None,true,None)
Sending msg to client play-fork-run-be9e9d48-a4f8-4bbc-b753-44c747cfef38: TaskStarted(32,6791,Some(AttributeKey[java.io.File]("jstaskShellSource") in Scope(Build: file:/home/johnreed/temp/play-scala/, , Project: ProjectReference(file:/home/johnreed/temp/play-scala/,root), Task: AttributeKey[scala.collection.Seq[java.io.File]]("coffeescript"))))
Sending msg to client play-fork-run-be9e9d48-a4f8-4bbc-b753-44c747cfef38: TaskFinished(32,6793,None,true,None)
Sending msg to client play-fork-run-be9e9d48-a4f8-4bbc-b753-44c747cfef38: TaskFinished(32,6798,None,true,None)
Sending msg to client play-fork-run-be9e9d48-a4f8-4bbc-b753-44c747cfef38: TaskStarted(32,6797,None)
Sending msg to client play-fork-run-be9e9d48-a4f8-4bbc-b753-44c747cfef38: TaskFinished(32,6800,Some(AttributeKey[java.lang.String]("jstaskJsOptions") in Scope(Build: file:/home/johnreed/temp/play-scala/, , Project: ProjectReference(file:/home/johnreed/temp/play-scala/,root), Config: web-assets, Task: AttributeKey[scala.collection.Seq[java.io.File]]("less"))),true,None)
Sending msg to client play-fork-run-be9e9d48-a4f8-4bbc-b753-44c747cfef38: TaskStarted(32,6809,Some(AttributeKey[com.typesafe.sbt.web.incremental.OpInputHasher[java.io.File]]("jstaskFileInputHasher") in Scope(Build: file:/home/johnreed/temp/play-scala/, , Project: ProjectReference(file:/home/johnreed/temp/play-scala/,root), Config: web-assets, Task: AttributeKey[scala.collection.Seq[java.io.File]]("less"))))
Sending msg to client play-fork-run-be9e9d48-a4f8-4bbc-b753-44c747cfef38: TaskFinished(32,6801,None,true,None)
Sending msg to client play-fork-run-be9e9d48-a4f8-4bbc-b753-44c747cfef38: TaskFinished(32,6802,None,true,None)
Sending msg to client play-fork-run-be9e9d48-a4f8-4bbc-b753-44c747cfef38: TaskStarted(32,6808,Some(AttributeKey[java.io.File]("jstaskShellSource") in Scope(Build: file:/home/johnreed/temp/play-scala/, , Project: ProjectReference(file:/home/johnreed/temp/play-scala/,root), Task: AttributeKey[scala.collection.Seq[java.io.File]]("less"))))
Sending msg to client play-fork-run-be9e9d48-a4f8-4bbc-b753-44c747cfef38: TaskFinished(32,6807,None,true,None)
Sending msg to client play-fork-run-be9e9d48-a4f8-4bbc-b753-44c747cfef38: TaskStarted(32,6806,None)
Sending msg to client play-fork-run-be9e9d48-a4f8-4bbc-b753-44c747cfef38: TaskStarted(32,6811,None)
Sending msg to client play-fork-run-be9e9d48-a4f8-4bbc-b753-44c747cfef38: TaskFinished(32,6784,Some(AttributeKey[java.io.File]("jstaskShellSource") in Scope(Build: file:/home/johnreed/temp/play-scala/, , Project: ProjectReference(file:/home/johnreed/temp/play-scala/,root), Task: AttributeKey[scala.collection.Seq[java.io.File]]("jshint"))),true,None)
Sending msg to client play-fork-run-be9e9d48-a4f8-4bbc-b753-44c747cfef38: TaskFinished(32,6786,Some(AttributeKey[java.lang.String]("jstaskJsOptions") in Scope(Build: file:/home/johnreed/temp/play-scala/, , Project: ProjectReference(file:/home/johnreed/temp/play-scala/,root), Task: AttributeKey[scala.collection.Seq[java.io.File]]("jshint"))),true,None)
Sending msg to client play-fork-run-be9e9d48-a4f8-4bbc-b753-44c747cfef38: TaskStarted(32,6785,Some(AttributeKey[com.typesafe.sbt.web.incremental.OpInputHasher[java.io.File]]("jstaskFileInputHasher") in Scope(Build: file:/home/johnreed/temp/play-scala/, , Project: ProjectReference(file:/home/johnreed/temp/play-scala/,root), Config: web-assets, Task: AttributeKey[scala.collection.Seq[java.io.File]]("jshint"))))
Sending msg to client play-fork-run-be9e9d48-a4f8-4bbc-b753-44c747cfef38: TaskFinished(32,6790,Some(AttributeKey[com.typesafe.sbt.web.incremental.OpInputHasher[java.io.File]]("jstaskFileInputHasher") in Scope(Build: file:/home/johnreed/temp/play-scala/, , Project: ProjectReference(file:/home/johnreed/temp/play-scala/,root), Config: web-assets, Task: AttributeKey[scala.collection.Seq[java.io.File]]("coffeescript"))),true,None)
Sending msg to client play-fork-run-be9e9d48-a4f8-4bbc-b753-44c747cfef38: TaskStarted(32,6813,None)
Sending msg to client play-fork-run-be9e9d48-a4f8-4bbc-b753-44c747cfef38: TaskFinished(32,6791,Some(AttributeKey[java.io.File]("jstaskShellSource") in Scope(Build: file:/home/johnreed/temp/play-scala/, , Project: ProjectReference(file:/home/johnreed/temp/play-scala/,root), Task: AttributeKey[scala.collection.Seq[java.io.File]]("coffeescript"))),true,None)
Sending msg to client play-fork-run-be9e9d48-a4f8-4bbc-b753-44c747cfef38: TaskFinished(32,6809,Some(AttributeKey[com.typesafe.sbt.web.incremental.OpInputHasher[java.io.File]]("jstaskFileInputHasher") in Scope(Build: file:/home/johnreed/temp/play-scala/, , Project: ProjectReference(file:/home/johnreed/temp/play-scala/,root), Config: web-assets, Task: AttributeKey[scala.collection.Seq[java.io.File]]("less"))),true,None)
Sending msg to client play-fork-run-be9e9d48-a4f8-4bbc-b753-44c747cfef38: TaskFinished(32,6811,None,true,None)
Sending msg to client play-fork-run-be9e9d48-a4f8-4bbc-b753-44c747cfef38: TaskStarted(32,6810,None)
Sending msg to client play-fork-run-be9e9d48-a4f8-4bbc-b753-44c747cfef38: TaskFinished(32,6808,Some(AttributeKey[java.io.File]("jstaskShellSource") in Scope(Build: file:/home/johnreed/temp/play-scala/, , Project: ProjectReference(file:/home/johnreed/temp/play-scala/,root), Task: AttributeKey[scala.collection.Seq[java.io.File]]("less"))),true,None)
Sending msg to client play-fork-run-be9e9d48-a4f8-4bbc-b753-44c747cfef38: TaskStarted(32,6815,None)
Sending msg to client play-fork-run-be9e9d48-a4f8-4bbc-b753-44c747cfef38: TaskFinished(32,6785,Some(AttributeKey[com.typesafe.sbt.web.incremental.OpInputHasher[java.io.File]]("jstaskFileInputHasher") in Scope(Build: file:/home/johnreed/temp/play-scala/, , Project: ProjectReference(file:/home/johnreed/temp/play-scala/,root), Config: web-assets, Task: AttributeKey[scala.collection.Seq[java.io.File]]("jshint"))),true,None)
Sending msg to client play-fork-run-be9e9d48-a4f8-4bbc-b753-44c747cfef38: TaskFinished(32,6813,None,true,None)
Sending msg to client play-fork-run-be9e9d48-a4f8-4bbc-b753-44c747cfef38: TaskStarted(32,6812,None)
Sending msg to client play-fork-run-be9e9d48-a4f8-4bbc-b753-44c747cfef38: TaskFinished(32,6810,None,true,None)
Sending msg to client play-fork-run-be9e9d48-a4f8-4bbc-b753-44c747cfef38: TaskFinished(32,6780,None,true,None)
Sending msg to client play-fork-run-be9e9d48-a4f8-4bbc-b753-44c747cfef38: TaskStarted(32,6779,None)
Sending msg to client play-fork-run-be9e9d48-a4f8-4bbc-b753-44c747cfef38: TaskFinished(32,6815,None,true,None)
Sending msg to client play-fork-run-be9e9d48-a4f8-4bbc-b753-44c747cfef38: TaskStarted(32,6814,None)
Sending msg to client play-fork-run-be9e9d48-a4f8-4bbc-b753-44c747cfef38: TaskFinished(32,6779,None,true,None)
Sending msg to client play-fork-run-be9e9d48-a4f8-4bbc-b753-44c747cfef38: TaskStarted(32,6778,Some(AttributeKey[scala.collection.Seq[java.io.File]]("managedSources") in Scope(Build: file:/home/johnreed/temp/play-scala/, , Project: ProjectReference(file:/home/johnreed/temp/play-scala/,root), Config: web-assets, Task: AttributeKey[scala.collection.Seq[java.io.File]]("jshint"))))
Sending msg to client play-fork-run-be9e9d48-a4f8-4bbc-b753-44c747cfef38: TaskFinished(32,6814,None,true,None)
Sending msg to client play-fork-run-be9e9d48-a4f8-4bbc-b753-44c747cfef38: TaskFinished(32,6806,None,true,None)
Sending msg to client play-fork-run-be9e9d48-a4f8-4bbc-b753-44c747cfef38: TaskStarted(32,6805,None)
Sending msg to client play-fork-run-be9e9d48-a4f8-4bbc-b753-44c747cfef38: TaskFinished(32,6812,None,true,None)
Sending msg to client play-fork-run-be9e9d48-a4f8-4bbc-b753-44c747cfef38: TaskFinished(32,6797,None,true,None)
Sending msg to client play-fork-run-be9e9d48-a4f8-4bbc-b753-44c747cfef38: TaskStarted(32,6796,None)
Sending msg to client play-fork-run-be9e9d48-a4f8-4bbc-b753-44c747cfef38: TaskFinished(32,6805,None,true,None)
Sending msg to client play-fork-run-be9e9d48-a4f8-4bbc-b753-44c747cfef38: TaskStarted(32,6804,Some(AttributeKey[scala.collection.Seq[java.io.File]]("managedSources") in Scope(Build: file:/home/johnreed/temp/play-scala/, , Project: ProjectReference(file:/home/johnreed/temp/play-scala/,root), Config: web-assets, Task: AttributeKey[scala.collection.Seq[java.io.File]]("less"))))
Sending msg to client play-fork-run-be9e9d48-a4f8-4bbc-b753-44c747cfef38: TaskFinished(32,6778,Some(AttributeKey[scala.collection.Seq[java.io.File]]("managedSources") in Scope(Build: file:/home/johnreed/temp/play-scala/, , Project: ProjectReference(file:/home/johnreed/temp/play-scala/,root), Config: web-assets, Task: AttributeKey[scala.collection.Seq[java.io.File]]("jshint"))),true,None)
Sending msg to client play-fork-run-be9e9d48-a4f8-4bbc-b753-44c747cfef38: TaskStarted(32,6777,Some(AttributeKey[scala.collection.Seq[java.io.File]]("sources") in Scope(Build: file:/home/johnreed/temp/play-scala/, , Project: ProjectReference(file:/home/johnreed/temp/play-scala/,root), Config: web-assets, Task: AttributeKey[scala.collection.Seq[java.io.File]]("jshint"))))
Sending msg to client play-fork-run-be9e9d48-a4f8-4bbc-b753-44c747cfef38: TaskFinished(32,6796,None,true,None)
Sending msg to client play-fork-run-be9e9d48-a4f8-4bbc-b753-44c747cfef38: TaskStarted(32,6795,Some(AttributeKey[scala.collection.Seq[java.io.File]]("managedSources") in Scope(Build: file:/home/johnreed/temp/play-scala/, , Project: ProjectReference(file:/home/johnreed/temp/play-scala/,root), Config: web-assets, Task: AttributeKey[scala.collection.Seq[java.io.File]]("coffeescript"))))
Sending msg to client play-fork-run-be9e9d48-a4f8-4bbc-b753-44c747cfef38: TaskFinished(32,6804,Some(AttributeKey[scala.collection.Seq[java.io.File]]("managedSources") in Scope(Build: file:/home/johnreed/temp/play-scala/, , Project: ProjectReference(file:/home/johnreed/temp/play-scala/,root), Config: web-assets, Task: AttributeKey[scala.collection.Seq[java.io.File]]("less"))),true,None)
Sending msg to client play-fork-run-be9e9d48-a4f8-4bbc-b753-44c747cfef38: TaskStarted(32,6803,Some(AttributeKey[scala.collection.Seq[java.io.File]]("sources") in Scope(Build: file:/home/johnreed/temp/play-scala/, , Project: ProjectReference(file:/home/johnreed/temp/play-scala/,root), Config: web-assets, Task: AttributeKey[scala.collection.Seq[java.io.File]]("less"))))
Sending msg to client play-fork-run-be9e9d48-a4f8-4bbc-b753-44c747cfef38: TaskFinished(32,6777,Some(AttributeKey[scala.collection.Seq[java.io.File]]("sources") in Scope(Build: file:/home/johnreed/temp/play-scala/, , Project: ProjectReference(file:/home/johnreed/temp/play-scala/,root), Config: web-assets, Task: AttributeKey[scala.collection.Seq[java.io.File]]("jshint"))),true,None)
Sending msg to client play-fork-run-be9e9d48-a4f8-4bbc-b753-44c747cfef38: TaskStarted(32,6776,None)
Sending msg to client play-fork-run-be9e9d48-a4f8-4bbc-b753-44c747cfef38: TaskFinished(32,6795,Some(AttributeKey[scala.collection.Seq[java.io.File]]("managedSources") in Scope(Build: file:/home/johnreed/temp/play-scala/, , Project: ProjectReference(file:/home/johnreed/temp/play-scala/,root), Config: web-assets, Task: AttributeKey[scala.collection.Seq[java.io.File]]("coffeescript"))),true,None)
Sending msg to client play-fork-run-be9e9d48-a4f8-4bbc-b753-44c747cfef38: TaskStarted(32,6794,Some(AttributeKey[scala.collection.Seq[java.io.File]]("sources") in Scope(Build: file:/home/johnreed/temp/play-scala/, , Project: ProjectReference(file:/home/johnreed/temp/play-scala/,root), Config: web-assets, Task: AttributeKey[scala.collection.Seq[java.io.File]]("coffeescript"))))
Sending msg to client play-fork-run-be9e9d48-a4f8-4bbc-b753-44c747cfef38: TaskFinished(32,6803,Some(AttributeKey[scala.collection.Seq[java.io.File]]("sources") in Scope(Build: file:/home/johnreed/temp/play-scala/, , Project: ProjectReference(file:/home/johnreed/temp/play-scala/,root), Config: web-assets, Task: AttributeKey[scala.collection.Seq[java.io.File]]("less"))),true,None)
Sending msg to client play-fork-run-be9e9d48-a4f8-4bbc-b753-44c747cfef38: TaskStarted(32,6799,None)
Sending msg to client play-fork-run-be9e9d48-a4f8-4bbc-b753-44c747cfef38: TaskFinished(32,6776,None,true,None)
Sending msg to client play-fork-run-be9e9d48-a4f8-4bbc-b753-44c747cfef38: TaskFinished(32,6743,None,true,None)
Sending msg to client play-fork-run-be9e9d48-a4f8-4bbc-b753-44c747cfef38: TaskStarted(32,6742,Some(AttributeKey[scala.collection.Seq[java.io.File]]("jshint") in Scope(Build: file:/home/johnreed/temp/play-scala/, , Project: ProjectReference(file:/home/johnreed/temp/play-scala/,root), Config: web-assets)))
Sending msg to client play-fork-run-be9e9d48-a4f8-4bbc-b753-44c747cfef38: TaskFinished(32,6794,Some(AttributeKey[scala.collection.Seq[java.io.File]]("sources") in Scope(Build: file:/home/johnreed/temp/play-scala/, , Project: ProjectReference(file:/home/johnreed/temp/play-scala/,root), Config: web-assets, Task: AttributeKey[scala.collection.Seq[java.io.File]]("coffeescript"))),true,None)
Sending msg to client play-fork-run-be9e9d48-a4f8-4bbc-b753-44c747cfef38: TaskStarted(32,6788,None)
Sending msg to client play-fork-run-be9e9d48-a4f8-4bbc-b753-44c747cfef38: TaskFinished(32,6742,Some(AttributeKey[scala.collection.Seq[java.io.File]]("jshint") in Scope(Build: file:/home/johnreed/temp/play-scala/, , Project: ProjectReference(file:/home/johnreed/temp/play-scala/,root), Config: web-assets)),true,None)
Sending msg to client play-fork-run-be9e9d48-a4f8-4bbc-b753-44c747cfef38: TaskFinished(32,6799,None,true,None)
Sending msg to client play-fork-run-be9e9d48-a4f8-4bbc-b753-44c747cfef38: TaskFinished(32,6771,None,true,None)
Sending msg to client play-fork-run-be9e9d48-a4f8-4bbc-b753-44c747cfef38: TaskStarted(32,6770,Some(AttributeKey[scala.collection.Seq[java.io.File]]("less") in Scope(Build: file:/home/johnreed/temp/play-scala/, , Project: ProjectReference(file:/home/johnreed/temp/play-scala/,root), Config: web-assets)))
Sending msg to client play-fork-run-be9e9d48-a4f8-4bbc-b753-44c747cfef38: TaskFinished(32,6788,None,true,None)
Sending msg to client play-fork-run-be9e9d48-a4f8-4bbc-b753-44c747cfef38: TaskFinished(32,6769,None,true,None)
Sending msg to client play-fork-run-be9e9d48-a4f8-4bbc-b753-44c747cfef38: TaskStarted(32,6768,Some(AttributeKey[scala.collection.Seq[java.io.File]]("coffeescript") in Scope(Build: file:/home/johnreed/temp/play-scala/, , Project: ProjectReference(file:/home/johnreed/temp/play-scala/,root), Config: web-assets)))
Sending msg to client play-fork-run-be9e9d48-a4f8-4bbc-b753-44c747cfef38: TaskFinished(32,6770,Some(AttributeKey[scala.collection.Seq[java.io.File]]("less") in Scope(Build: file:/home/johnreed/temp/play-scala/, , Project: ProjectReference(file:/home/johnreed/temp/play-scala/,root), Config: web-assets)),true,None)
Sending msg to client play-fork-run-be9e9d48-a4f8-4bbc-b753-44c747cfef38: TaskFinished(32,6750,None,true,None)
Sending msg to client play-fork-run-be9e9d48-a4f8-4bbc-b753-44c747cfef38: TaskStarted(32,6749,Some(AttributeKey[scala.collection.Seq[java.io.File]]("less") in Scope(Build: file:/home/johnreed/temp/play-scala/, , Project: ProjectReference(file:/home/johnreed/temp/play-scala/,root), Config: web-assets)))
Sending msg to client play-fork-run-be9e9d48-a4f8-4bbc-b753-44c747cfef38: TaskFinished(32,6768,Some(AttributeKey[scala.collection.Seq[java.io.File]]("coffeescript") in Scope(Build: file:/home/johnreed/temp/play-scala/, , Project: ProjectReference(file:/home/johnreed/temp/play-scala/,root), Config: web-assets)),true,None)
Sending msg to client play-fork-run-be9e9d48-a4f8-4bbc-b753-44c747cfef38: TaskFinished(32,6736,None,true,None)
Sending msg to client play-fork-run-be9e9d48-a4f8-4bbc-b753-44c747cfef38: TaskStarted(32,6735,Some(AttributeKey[scala.collection.Seq[java.io.File]]("coffeescript") in Scope(Build: file:/home/johnreed/temp/play-scala/, , Project: ProjectReference(file:/home/johnreed/temp/play-scala/,root), Config: web-assets)))
Sending msg to client play-fork-run-be9e9d48-a4f8-4bbc-b753-44c747cfef38: TaskFinished(32,6749,Some(AttributeKey[scala.collection.Seq[java.io.File]]("less") in Scope(Build: file:/home/johnreed/temp/play-scala/, , Project: ProjectReference(file:/home/johnreed/temp/play-scala/,root), Config: web-assets)),true,None)
Sending msg to client play-fork-run-be9e9d48-a4f8-4bbc-b753-44c747cfef38: TaskFinished(32,6735,Some(AttributeKey[scala.collection.Seq[java.io.File]]("coffeescript") in Scope(Build: file:/home/johnreed/temp/play-scala/, , Project: ProjectReference(file:/home/johnreed/temp/play-scala/,root), Config: web-assets)),true,None)
Sending msg to client play-fork-run-be9e9d48-a4f8-4bbc-b753-44c747cfef38: TaskStarted(32,6734,None)
Sending msg to client play-fork-run-be9e9d48-a4f8-4bbc-b753-44c747cfef38: TaskFinished(32,6734,None,true,None)
Sending msg to client play-fork-run-be9e9d48-a4f8-4bbc-b753-44c747cfef38: TaskStarted(32,6733,None)
Sending msg to client play-fork-run-be9e9d48-a4f8-4bbc-b753-44c747cfef38: TaskFinished(32,6733,None,true,None)
Sending msg to client play-fork-run-be9e9d48-a4f8-4bbc-b753-44c747cfef38: TaskStarted(32,6732,Some(AttributeKey[scala.collection.Seq[java.io.File]]("managedResources") in Scope(Build: file:/home/johnreed/temp/play-scala/, , Project: ProjectReference(file:/home/johnreed/temp/play-scala/,root), Config: web-assets)))
Sending msg to client play-fork-run-be9e9d48-a4f8-4bbc-b753-44c747cfef38: TaskFinished(32,6732,Some(AttributeKey[scala.collection.Seq[java.io.File]]("managedResources") in Scope(Build: file:/home/johnreed/temp/play-scala/, , Project: ProjectReference(file:/home/johnreed/temp/play-scala/,root), Config: web-assets)),true,None)
Sending msg to client play-fork-run-be9e9d48-a4f8-4bbc-b753-44c747cfef38: TaskStarted(32,6731,Some(AttributeKey[scala.collection.Seq[java.io.File]]("resources") in Scope(Build: file:/home/johnreed/temp/play-scala/, , Project: ProjectReference(file:/home/johnreed/temp/play-scala/,root), Config: web-assets)))
Sending msg to client play-fork-run-be9e9d48-a4f8-4bbc-b753-44c747cfef38: TaskFinished(32,6731,Some(AttributeKey[scala.collection.Seq[java.io.File]]("resources") in Scope(Build: file:/home/johnreed/temp/play-scala/, , Project: ProjectReference(file:/home/johnreed/temp/play-scala/,root), Config: web-assets)),true,None)
Sending msg to client play-fork-run-be9e9d48-a4f8-4bbc-b753-44c747cfef38: TaskStarted(32,6730,Some(AttributeKey[scala.collection.Seq[scala.Tuple2[java.io.File,java.lang.String]]]("mappings") in Scope(Build: file:/home/johnreed/temp/play-scala/, , Project: ProjectReference(file:/home/johnreed/temp/play-scala/,root), Config: web-assets, Task: AttributeKey[scala.collection.Seq[java.io.File]]("resources"))))
Sending msg to client play-fork-run-be9e9d48-a4f8-4bbc-b753-44c747cfef38: TaskFinished(32,6730,Some(AttributeKey[scala.collection.Seq[scala.Tuple2[java.io.File,java.lang.String]]]("mappings") in Scope(Build: file:/home/johnreed/temp/play-scala/, , Project: ProjectReference(file:/home/johnreed/temp/play-scala/,root), Config: web-assets, Task: AttributeKey[scala.collection.Seq[java.io.File]]("resources"))),true,None)
Sending msg to client play-fork-run-be9e9d48-a4f8-4bbc-b753-44c747cfef38: TaskStarted(32,6729,Some(AttributeKey[scala.collection.Seq[scala.Tuple2[java.io.File,java.lang.String]]]("mappings") in Scope(Build: file:/home/johnreed/temp/play-scala/, , Project: ProjectReference(file:/home/johnreed/temp/play-scala/,root), Config: web-assets)))
Sending msg to client play-fork-run-be9e9d48-a4f8-4bbc-b753-44c747cfef38: TaskFinished(32,6729,Some(AttributeKey[scala.collection.Seq[scala.Tuple2[java.io.File,java.lang.String]]]("mappings") in Scope(Build: file:/home/johnreed/temp/play-scala/, , Project: ProjectReference(file:/home/johnreed/temp/play-scala/,root), Config: web-assets)),true,None)
Sending msg to client play-fork-run-be9e9d48-a4f8-4bbc-b753-44c747cfef38: TaskStarted(32,6726,Some(AttributeKey[scala.collection.Seq[scala.Tuple2[java.io.File,java.lang.String]]]("mappings") in Scope(Build: file:/home/johnreed/temp/play-scala/, , Project: ProjectReference(file:/home/johnreed/temp/play-scala/,root), Config: web-assets)))
Sending msg to client play-fork-run-be9e9d48-a4f8-4bbc-b753-44c747cfef38: TaskFinished(32,6726,Some(AttributeKey[scala.collection.Seq[scala.Tuple2[java.io.File,java.lang.String]]]("mappings") in Scope(Build: file:/home/johnreed/temp/play-scala/, , Project: ProjectReference(file:/home/johnreed/temp/play-scala/,root), Config: web-assets)),true,None)
Sending msg to client play-fork-run-be9e9d48-a4f8-4bbc-b753-44c747cfef38: TaskStarted(32,6725,Some(AttributeKey[scala.collection.Seq[scala.Tuple2[java.io.File,java.lang.String]]]("mappings") in Scope(Build: file:/home/johnreed/temp/play-scala/, , Project: ProjectReference(file:/home/johnreed/temp/play-scala/,root), Config: web-assets)))
Sending msg to client play-fork-run-be9e9d48-a4f8-4bbc-b753-44c747cfef38: TaskFinished(32,6725,Some(AttributeKey[scala.collection.Seq[scala.Tuple2[java.io.File,java.lang.String]]]("mappings") in Scope(Build: file:/home/johnreed/temp/play-scala/, , Project: ProjectReference(file:/home/johnreed/temp/play-scala/,root), Config: web-assets)),true,None)
Sending msg to client play-fork-run-be9e9d48-a4f8-4bbc-b753-44c747cfef38: TaskStarted(32,6724,Some(AttributeKey[scala.collection.Seq[scala.Tuple2[java.io.File,java.lang.String]]]("webExportedMappings") in Scope(Build: file:/home/johnreed/temp/play-scala/, , Project: ProjectReference(file:/home/johnreed/temp/play-scala/,root), Config: web-assets)))
Sending msg to client play-fork-run-be9e9d48-a4f8-4bbc-b753-44c747cfef38: TaskFinished(32,6724,Some(AttributeKey[scala.collection.Seq[scala.Tuple2[java.io.File,java.lang.String]]]("webExportedMappings") in Scope(Build: file:/home/johnreed/temp/play-scala/, , Project: ProjectReference(file:/home/johnreed/temp/play-scala/,root), Config: web-assets)),true,None)
Sending msg to client play-fork-run-be9e9d48-a4f8-4bbc-b753-44c747cfef38: TaskStarted(32,6722,Some(AttributeKey[java.io.File]("webExportedDirectory") in Scope(Build: file:/home/johnreed/temp/play-scala/, , Project: ProjectReference(file:/home/johnreed/temp/play-scala/,root), Config: web-assets)))
Sending msg to client play-fork-run-be9e9d48-a4f8-4bbc-b753-44c747cfef38: TaskFinished(32,6722,Some(AttributeKey[java.io.File]("webExportedDirectory") in Scope(Build: file:/home/johnreed/temp/play-scala/, , Project: ProjectReference(file:/home/johnreed/temp/play-scala/,root), Config: web-assets)),true,None)
Sending msg to client play-fork-run-be9e9d48-a4f8-4bbc-b753-44c747cfef38: TaskStarted(32,6721,Some(AttributeKey[scala.collection.Seq[sbt.Attributed[java.io.File]]]("exportedProducts") in Scope(Build: file:/home/johnreed/temp/play-scala/, , Project: ProjectReference(file:/home/johnreed/temp/play-scala/,root), Config: web-assets)))
Sending msg to client play-fork-run-be9e9d48-a4f8-4bbc-b753-44c747cfef38: TaskFinished(32,6721,Some(AttributeKey[scala.collection.Seq[sbt.Attributed[java.io.File]]]("exportedProducts") in Scope(Build: file:/home/johnreed/temp/play-scala/, , Project: ProjectReference(file:/home/johnreed/temp/play-scala/,root), Config: web-assets)),true,None)
Sending msg to client play-fork-run-be9e9d48-a4f8-4bbc-b753-44c747cfef38: TaskFinished(32,6718,None,true,None)
Sending msg to client play-fork-run-be9e9d48-a4f8-4bbc-b753-44c747cfef38: TaskStarted(32,6717,None)
Sending msg to client play-fork-run-be9e9d48-a4f8-4bbc-b753-44c747cfef38: TaskFinished(32,6717,None,true,None)
Sending msg to client play-fork-run-be9e9d48-a4f8-4bbc-b753-44c747cfef38: TaskLogEvent(6607,LogMessage(debug,Scala compilation took 0.971308054 s))
Sending msg to client play-fork-run-be9e9d48-a4f8-4bbc-b753-44c747cfef38: TaskLogEvent(6607,LogMessage(debug,Attempting to call com.sun.tools.javac.api.JavacTool@12e51ac0 directly...))
Sending msg to client play-fork-run-be9e9d48-a4f8-4bbc-b753-44c747cfef38: TaskLogEvent(6607,LogMessage(debug,Java compilation took 0.03654857 s))
Sending msg to client play-fork-run-be9e9d48-a4f8-4bbc-b753-44c747cfef38: TaskLogEvent(6607,LogMessage(debug,Java analysis took 0.001225086 s))
Sending msg to client play-fork-run-be9e9d48-a4f8-4bbc-b753-44c747cfef38: TaskLogEvent(6607,LogMessage(debug,Java compile + analysis took 0.040406794 s))
Sending msg to client play-fork-run-be9e9d48-a4f8-4bbc-b753-44c747cfef38: TaskLogEvent(6607,LogMessage(debug,Invalidating /home/johnreed/temp/play-scala/target/scala-2.11/routes/main/controllers/ReverseRoutes.scala...))
Sending msg to client play-fork-run-be9e9d48-a4f8-4bbc-b753-44c747cfef38: TaskLogEvent(6607,LogMessage(debug,Invalidating (transitively) by inheritance from /home/johnreed/temp/play-scala/target/scala-2.11/routes/main/controllers/ReverseRoutes.scala...))
Sending msg to client play-fork-run-be9e9d48-a4f8-4bbc-b753-44c747cfef38: TaskLogEvent(6607,LogMessage(debug,Initial set of included nodes: Set(/home/johnreed/temp/play-scala/target/scala-2.11/routes/main/controllers/ReverseRoutes.scala)))
Sending msg to client play-fork-run-be9e9d48-a4f8-4bbc-b753-44c747cfef38: TaskLogEvent(6607,LogMessage(debug,Invalidated by transitive inheritance dependency: Set(/home/johnreed/temp/play-scala/target/scala-2.11/routes/main/controllers/ReverseRoutes.scala)))
Sending msg to client play-fork-run-be9e9d48-a4f8-4bbc-b753-44c747cfef38: TaskLogEvent(6607,LogMessage(debug,The /home/johnreed/temp/play-scala/target/scala-2.11/routes/main/controllers/ReverseRoutes.scala source file has the following regular definitions changed:
	show.
All member reference dependencies will be considered within this context.))
Sending msg to client play-fork-run-be9e9d48-a4f8-4bbc-b753-44c747cfef38: TaskLogEvent(6607,LogMessage(debug,None of the modified names appears in /home/johnreed/temp/play-scala/target/scala-2.11/twirl/main/views/html/main.template.scala. This dependency is not being considered for invalidation.))
Sending msg to client play-fork-run-be9e9d48-a4f8-4bbc-b753-44c747cfef38: TaskLogEvent(6607,LogMessage(debug,New invalidations:
	Set()))
Sending msg to client play-fork-run-be9e9d48-a4f8-4bbc-b753-44c747cfef38: TaskLogEvent(6607,LogMessage(debug,Initial set of included nodes: Set()))
Sending msg to client play-fork-run-be9e9d48-a4f8-4bbc-b753-44c747cfef38: TaskLogEvent(6607,LogMessage(debug,Previously invalidated, but (transitively) depend on new invalidations:
	Set()))
Sending msg to client play-fork-run-be9e9d48-a4f8-4bbc-b753-44c747cfef38: TaskLogEvent(6607,LogMessage(debug,All newly invalidated sources after taking into account (previously) recompiled sources:Set()))
Sending msg to client play-fork-run-be9e9d48-a4f8-4bbc-b753-44c747cfef38: TaskFinished(32,6607,Some(AttributeKey[sbt.compiler.IC$Result]("compileIncremental") in Scope(Build: file:/home/johnreed/temp/play-scala/, , Project: ProjectReference(file:/home/johnreed/temp/play-scala/,root), Config: compile)),true,None)
Sending msg to client play-fork-run-be9e9d48-a4f8-4bbc-b753-44c747cfef38: TaskStarted(32,6606,Some(AttributeKey[sbt.compiler.IC$Result]("manipulateBytecode") in Scope(Build: file:/home/johnreed/temp/play-scala/, , Project: ProjectReference(file:/home/johnreed/temp/play-scala/,root), Config: compile)))
Sending msg to client play-fork-run-be9e9d48-a4f8-4bbc-b753-44c747cfef38: TaskFinished(32,6606,Some(AttributeKey[sbt.compiler.IC$Result]("manipulateBytecode") in Scope(Build: file:/home/johnreed/temp/play-scala/, , Project: ProjectReference(file:/home/johnreed/temp/play-scala/,root), Config: compile)),true,None)
Sending msg to client play-fork-run-be9e9d48-a4f8-4bbc-b753-44c747cfef38: TaskStarted(32,6605,Some(AttributeKey[sbt.inc.Analysis]("compile") in Scope(Build: file:/home/johnreed/temp/play-scala/, , Project: ProjectReference(file:/home/johnreed/temp/play-scala/,root), Config: compile)))
Sending msg to client play-fork-run-be9e9d48-a4f8-4bbc-b753-44c747cfef38: TaskFinished(32,6605,Some(AttributeKey[sbt.inc.Analysis]("compile") in Scope(Build: file:/home/johnreed/temp/play-scala/, , Project: ProjectReference(file:/home/johnreed/temp/play-scala/,root), Config: compile)),true,None)
Sending msg to client play-fork-run-be9e9d48-a4f8-4bbc-b753-44c747cfef38: TaskStarted(32,6683,Some(AttributeKey[sbt.PluginDiscovery$DiscoveredNames]("discoveredSbtPlugins") in Scope(Build: file:/home/johnreed/temp/play-scala/, , Project: ProjectReference(file:/home/johnreed/temp/play-scala/,root), Config: compile)))
Sending msg to client play-fork-run-be9e9d48-a4f8-4bbc-b753-44c747cfef38: TaskStarted(32,6703,None)
Sending msg to client play-fork-run-be9e9d48-a4f8-4bbc-b753-44c747cfef38: TaskStarted(32,6816,Some(AttributeKey[scala.collection.Seq[java.lang.String]]("discoveredMainClasses") in Scope(Build: file:/home/johnreed/temp/play-scala/, , Project: ProjectReference(file:/home/johnreed/temp/play-scala/,root), Config: compile)))
Sending msg to client play-fork-run-be9e9d48-a4f8-4bbc-b753-44c747cfef38: TaskFinished(32,6683,Some(AttributeKey[sbt.PluginDiscovery$DiscoveredNames]("discoveredSbtPlugins") in Scope(Build: file:/home/johnreed/temp/play-scala/, , Project: ProjectReference(file:/home/johnreed/temp/play-scala/,root), Config: compile)),true,None)
Sending msg to client play-fork-run-be9e9d48-a4f8-4bbc-b753-44c747cfef38: TaskStarted(32,6682,None)
Sending msg to client play-fork-run-be9e9d48-a4f8-4bbc-b753-44c747cfef38: TaskFinished(32,6703,None,true,None)
Sending msg to client play-fork-run-be9e9d48-a4f8-4bbc-b753-44c747cfef38: TaskStarted(32,6702,None)
Sending msg to client play-fork-run-be9e9d48-a4f8-4bbc-b753-44c747cfef38: TaskStarted(32,6821,None)
Sending msg to client play-fork-run-be9e9d48-a4f8-4bbc-b753-44c747cfef38: TaskFinished(32,6682,None,true,None)
Sending msg to client play-fork-run-be9e9d48-a4f8-4bbc-b753-44c747cfef38: TaskStarted(32,6681,None)
Sending msg to client play-fork-run-be9e9d48-a4f8-4bbc-b753-44c747cfef38: TaskFinished(32,6821,None,true,None)
Sending msg to client play-fork-run-be9e9d48-a4f8-4bbc-b753-44c747cfef38: TaskStarted(32,6820,Some(AttributeKey[java.io.File]("assets") in Scope(Build: file:/home/johnreed/temp/play-scala/, , Project: ProjectReference(file:/home/johnreed/temp/play-scala/,root), Config: web-assets)))
Sending msg to client play-fork-run-be9e9d48-a4f8-4bbc-b753-44c747cfef38: TaskFinished(32,6816,Some(AttributeKey[scala.collection.Seq[java.lang.String]]("discoveredMainClasses") in Scope(Build: file:/home/johnreed/temp/play-scala/, , Project: ProjectReference(file:/home/johnreed/temp/play-scala/,root), Config: compile)),true,None)
Sending msg to client play-fork-run-be9e9d48-a4f8-4bbc-b753-44c747cfef38: TaskFinished(32,6681,None,true,None)
Sending msg to client play-fork-run-be9e9d48-a4f8-4bbc-b753-44c747cfef38: TaskStarted(32,6680,Some(AttributeKey[scala.collection.Seq[java.io.File]]("managedResources") in Scope(Build: file:/home/johnreed/temp/play-scala/, , Project: ProjectReference(file:/home/johnreed/temp/play-scala/,root), Config: compile)))
Sending msg to client play-fork-run-be9e9d48-a4f8-4bbc-b753-44c747cfef38: TaskFinished(32,6820,Some(AttributeKey[java.io.File]("assets") in Scope(Build: file:/home/johnreed/temp/play-scala/, , Project: ProjectReference(file:/home/johnreed/temp/play-scala/,root), Config: web-assets)),true,None)
Sending msg to client play-fork-run-be9e9d48-a4f8-4bbc-b753-44c747cfef38: TaskStarted(32,6819,None)
Sending msg to client play-fork-run-be9e9d48-a4f8-4bbc-b753-44c747cfef38: TaskFinished(32,6680,Some(AttributeKey[scala.collection.Seq[java.io.File]]("managedResources") in Scope(Build: file:/home/johnreed/temp/play-scala/, , Project: ProjectReference(file:/home/johnreed/temp/play-scala/,root), Config: compile)),true,None)
Sending msg to client play-fork-run-be9e9d48-a4f8-4bbc-b753-44c747cfef38: TaskStarted(32,6678,Some(AttributeKey[scala.collection.Seq[java.io.File]]("resources") in Scope(Build: file:/home/johnreed/temp/play-scala/, , Project: ProjectReference(file:/home/johnreed/temp/play-scala/,root), Config: compile)))
Sending msg to client play-fork-run-be9e9d48-a4f8-4bbc-b753-44c747cfef38: TaskFinished(32,6819,None,true,None)
Sending msg to client play-fork-run-be9e9d48-a4f8-4bbc-b753-44c747cfef38: TaskStarted(32,6818,Some(AttributeKey[sbt.inc.Analysis]("playAssetsWithCompilation") in Scope(Build: file:/home/johnreed/temp/play-scala/, , Project: ProjectReference(file:/home/johnreed/temp/play-scala/,root))))
Sending msg to client play-fork-run-be9e9d48-a4f8-4bbc-b753-44c747cfef38: TaskFinished(32,6678,Some(AttributeKey[scala.collection.Seq[java.io.File]]("resources") in Scope(Build: file:/home/johnreed/temp/play-scala/, , Project: ProjectReference(file:/home/johnreed/temp/play-scala/,root), Config: compile)),true,None)
Sending msg to client play-fork-run-be9e9d48-a4f8-4bbc-b753-44c747cfef38: TaskStarted(32,6677,Some(AttributeKey[scala.collection.Seq[scala.Tuple2[java.io.File,java.io.File]]]("copyResources") in Scope(Build: file:/home/johnreed/temp/play-scala/, , Project: ProjectReference(file:/home/johnreed/temp/play-scala/,root), Config: compile)))
Sending msg to client play-fork-run-be9e9d48-a4f8-4bbc-b753-44c747cfef38: TaskFinished(32,6818,Some(AttributeKey[sbt.inc.Analysis]("playAssetsWithCompilation") in Scope(Build: file:/home/johnreed/temp/play-scala/, , Project: ProjectReference(file:/home/johnreed/temp/play-scala/,root))),true,None)
Sending msg to client play-fork-run-be9e9d48-a4f8-4bbc-b753-44c747cfef38: TaskStarted(32,6817,None)
Sending msg to client play-fork-run-be9e9d48-a4f8-4bbc-b753-44c747cfef38: TaskFinished(32,6817,None,true,None)
Sending msg to client play-fork-run-be9e9d48-a4f8-4bbc-b753-44c747cfef38: TaskFinished(32,6702,None,true,None)
Sending msg to client play-fork-run-be9e9d48-a4f8-4bbc-b753-44c747cfef38: TaskStarted(32,6701,None)
Sending msg to client play-fork-run-be9e9d48-a4f8-4bbc-b753-44c747cfef38: TaskFinished(32,6701,None,true,None)
Sending msg to client play-fork-run-be9e9d48-a4f8-4bbc-b753-44c747cfef38: TaskFinished(32,6674,Some(AttributeKey[scala.collection.Seq[sbt.inc.Analysis]]("playCompileEverything") in Scope(Build: file:/home/johnreed/temp/play-scala/, , Project: ProjectReference(file:/home/johnreed/temp/play-scala/,root))),true,None)
Sending msg to client play-fork-run-be9e9d48-a4f8-4bbc-b753-44c747cfef38: TaskStarted(32,6673,Some(AttributeKey[sbt.inc.Analysis]("playReload") in Scope(Build: file:/home/johnreed/temp/play-scala/, , Project: ProjectReference(file:/home/johnreed/temp/play-scala/,root))))
Sending msg to client play-fork-run-be9e9d48-a4f8-4bbc-b753-44c747cfef38: TaskLogEvent(6677,LogMessage(debug,Copy resource mappings: 
	(/home/johnreed/temp/play-scala/conf/logback.xml,/home/johnreed/temp/play-scala/target/scala-2.11/classes/logback.xml)
	(/home/johnreed/temp/play-scala/conf/routes,/home/johnreed/temp/play-scala/target/scala-2.11/classes/routes)
	(/home/johnreed/temp/play-scala/conf/application.conf,/home/johnreed/temp/play-scala/target/scala-2.11/classes/application.conf)))
Sending msg to client play-fork-run-be9e9d48-a4f8-4bbc-b753-44c747cfef38: TaskFinished(32,6673,Some(AttributeKey[sbt.inc.Analysis]("playReload") in Scope(Build: file:/home/johnreed/temp/play-scala/, , Project: ProjectReference(file:/home/johnreed/temp/play-scala/,root))),true,None)
Sending msg to client play-fork-run-be9e9d48-a4f8-4bbc-b753-44c747cfef38: TaskStarted(32,6672,None)
Sending msg to client play-fork-run-be9e9d48-a4f8-4bbc-b753-44c747cfef38: TaskFinished(32,6672,None,true,None)
Sending msg to client play-fork-run-be9e9d48-a4f8-4bbc-b753-44c747cfef38: TaskFinished(32,6677,Some(AttributeKey[scala.collection.Seq[scala.Tuple2[java.io.File,java.io.File]]]("copyResources") in Scope(Build: file:/home/johnreed/temp/play-scala/, , Project: ProjectReference(file:/home/johnreed/temp/play-scala/,root), Config: compile)),true,None)
Sending msg to client play-fork-run-be9e9d48-a4f8-4bbc-b753-44c747cfef38: TaskStarted(32,6676,Some(AttributeKey[scala.collection.Seq[java.io.File]]("products") in Scope(Build: file:/home/johnreed/temp/play-scala/, , Project: ProjectReference(file:/home/johnreed/temp/play-scala/,root), Config: runtime)))
Sending msg to client play-fork-run-be9e9d48-a4f8-4bbc-b753-44c747cfef38: TaskStarted(32,6720,Some(AttributeKey[scala.collection.Seq[java.io.File]]("products") in Scope(Build: file:/home/johnreed/temp/play-scala/, , Project: ProjectReference(file:/home/johnreed/temp/play-scala/,root), Config: compile)))
Sending msg to client play-fork-run-be9e9d48-a4f8-4bbc-b753-44c747cfef38: TaskFinished(32,6676,Some(AttributeKey[scala.collection.Seq[java.io.File]]("products") in Scope(Build: file:/home/johnreed/temp/play-scala/, , Project: ProjectReference(file:/home/johnreed/temp/play-scala/,root), Config: runtime)),true,None)
Sending msg to client play-fork-run-be9e9d48-a4f8-4bbc-b753-44c747cfef38: TaskFinished(32,6670,None,true,None)
Sending msg to client play-fork-run-be9e9d48-a4f8-4bbc-b753-44c747cfef38: TaskStarted(32,6604,None)
Sending msg to client play-fork-run-be9e9d48-a4f8-4bbc-b753-44c747cfef38: TaskFinished(32,6720,Some(AttributeKey[scala.collection.Seq[java.io.File]]("products") in Scope(Build: file:/home/johnreed/temp/play-scala/, , Project: ProjectReference(file:/home/johnreed/temp/play-scala/,root), Config: compile)),true,None)
Sending msg to client play-fork-run-be9e9d48-a4f8-4bbc-b753-44c747cfef38: TaskFinished(32,6715,None,true,None)
Sending msg to client play-fork-run-be9e9d48-a4f8-4bbc-b753-44c747cfef38: TaskStarted(32,6714,None)
Sending msg to client play-fork-run-be9e9d48-a4f8-4bbc-b753-44c747cfef38: TaskFinished(32,6604,None,true,None)
Sending msg to client play-fork-run-be9e9d48-a4f8-4bbc-b753-44c747cfef38: TaskStarted(32,6603,Some(AttributeKey[scala.collection.Seq[sbt.Attributed[java.io.File]]]("exportedProducts") in Scope(Build: file:/home/johnreed/temp/play-scala/, , Project: ProjectReference(file:/home/johnreed/temp/play-scala/,root), Config: runtime)))
Sending msg to client play-fork-run-be9e9d48-a4f8-4bbc-b753-44c747cfef38: TaskFinished(32,6714,None,true,None)
Sending msg to client play-fork-run-be9e9d48-a4f8-4bbc-b753-44c747cfef38: TaskStarted(32,6713,Some(AttributeKey[scala.collection.Seq[sbt.Attributed[java.io.File]]]("exportedProducts") in Scope(Build: file:/home/johnreed/temp/play-scala/, , Project: ProjectReference(file:/home/johnreed/temp/play-scala/,root), Config: compile)))
Sending msg to client play-fork-run-be9e9d48-a4f8-4bbc-b753-44c747cfef38: TaskFinished(32,6603,Some(AttributeKey[scala.collection.Seq[sbt.Attributed[java.io.File]]]("exportedProducts") in Scope(Build: file:/home/johnreed/temp/play-scala/, , Project: ProjectReference(file:/home/johnreed/temp/play-scala/,root), Config: runtime)),true,None)
Sending msg to client play-fork-run-be9e9d48-a4f8-4bbc-b753-44c747cfef38: TaskFinished(32,6713,Some(AttributeKey[scala.collection.Seq[sbt.Attributed[java.io.File]]]("exportedProducts") in Scope(Build: file:/home/johnreed/temp/play-scala/, , Project: ProjectReference(file:/home/johnreed/temp/play-scala/,root), Config: compile)),true,None)
Sending msg to client play-fork-run-be9e9d48-a4f8-4bbc-b753-44c747cfef38: TaskStarted(32,6712,Some(AttributeKey[scala.collection.Seq[sbt.Attributed[java.io.File]]]("exportedProducts") in Scope(Build: file:/home/johnreed/temp/play-scala/, , Project: ProjectReference(file:/home/johnreed/temp/play-scala/,root), Config: compile)))
Sending msg to client play-fork-run-be9e9d48-a4f8-4bbc-b753-44c747cfef38: TaskFinished(32,6712,Some(AttributeKey[scala.collection.Seq[sbt.Attributed[java.io.File]]]("exportedProducts") in Scope(Build: file:/home/johnreed/temp/play-scala/, , Project: ProjectReference(file:/home/johnreed/temp/play-scala/,root), Config: compile)),true,None)
Sending msg to client play-fork-run-be9e9d48-a4f8-4bbc-b753-44c747cfef38: TaskStarted(32,6710,None)
Sending msg to client play-fork-run-be9e9d48-a4f8-4bbc-b753-44c747cfef38: TaskFinished(32,6710,None,true,None)
Sending msg to client play-fork-run-be9e9d48-a4f8-4bbc-b753-44c747cfef38: TaskStarted(32,6709,None)
Sending msg to client play-fork-run-be9e9d48-a4f8-4bbc-b753-44c747cfef38: TaskFinished(32,6709,None,true,None)
Sending msg to client play-fork-run-be9e9d48-a4f8-4bbc-b753-44c747cfef38: TaskFinished(32,6563,None,true,None)
Sending msg to client play-fork-run-be9e9d48-a4f8-4bbc-b753-44c747cfef38: TaskStarted(32,6562,Some(AttributeKey[scala.collection.Seq[sbt.Attributed[java.io.File]]]("internalDependencyClasspath") in Scope(Build: file:/home/johnreed/temp/play-scala/, , Project: ProjectReference(file:/home/johnreed/temp/play-scala/,root), Config: runtime)))
Sending msg to client play-fork-run-be9e9d48-a4f8-4bbc-b753-44c747cfef38: TaskFinished(32,6562,Some(AttributeKey[scala.collection.Seq[sbt.Attributed[java.io.File]]]("internalDependencyClasspath") in Scope(Build: file:/home/johnreed/temp/play-scala/, , Project: ProjectReference(file:/home/johnreed/temp/play-scala/,root), Config: runtime)),true,None)
Sending msg to client play-fork-run-be9e9d48-a4f8-4bbc-b753-44c747cfef38: TaskStarted(32,6561,Some(AttributeKey[scala.collection.Seq[sbt.Attributed[java.io.File]]]("playReloaderClasspath") in Scope(Build: file:/home/johnreed/temp/play-scala/, , Project: ProjectReference(file:/home/johnreed/temp/play-scala/,root))))
Sending msg to client play-fork-run-be9e9d48-a4f8-4bbc-b753-44c747cfef38: TaskFinished(32,6561,Some(AttributeKey[scala.collection.Seq[sbt.Attributed[java.io.File]]]("playReloaderClasspath") in Scope(Build: file:/home/johnreed/temp/play-scala/, , Project: ProjectReference(file:/home/johnreed/temp/play-scala/,root))),true,None)
Sending msg to client play-fork-run-be9e9d48-a4f8-4bbc-b753-44c747cfef38: TaskStarted(32,6560,Some(AttributeKey[scala.collection.Seq[sbt.Attributed[java.io.File]]]("playReloaderClasspath") in Scope(Build: file:/home/johnreed/temp/play-scala/, , Project: ProjectReference(file:/home/johnreed/temp/play-scala/,root))))
Sending msg to client play-fork-run-be9e9d48-a4f8-4bbc-b753-44c747cfef38: TaskFinished(32,6560,Some(AttributeKey[scala.collection.Seq[sbt.Attributed[java.io.File]]]("playReloaderClasspath") in Scope(Build: file:/home/johnreed/temp/play-scala/, , Project: ProjectReference(file:/home/johnreed/temp/play-scala/,root))),true,None)
Sending msg to client play-fork-run-be9e9d48-a4f8-4bbc-b753-44c747cfef38: TaskStarted(32,6559,None)
Sending msg to client play-fork-run-be9e9d48-a4f8-4bbc-b753-44c747cfef38: TaskFinished(32,6559,None,true,None)
Sending msg to client play-fork-run-be9e9d48-a4f8-4bbc-b753-44c747cfef38: TaskStarted(32,6558,Some(AttributeKey[play.runsupport.Reloader$CompileResult]("playForkReload") in Scope(Build: file:/home/johnreed/temp/play-scala/, , Project: ProjectReference(file:/home/johnreed/temp/play-scala/,root))))
Sending msg to client play-fork-run-be9e9d48-a4f8-4bbc-b753-44c747cfef38: TaskFinished(32,6558,Some(AttributeKey[play.runsupport.Reloader$CompileResult]("playForkReload") in Scope(Build: file:/home/johnreed/temp/play-scala/, , Project: ProjectReference(file:/home/johnreed/temp/play-scala/,root))),true,None)
Sending msg to client play-fork-run-be9e9d48-a4f8-4bbc-b753-44c747cfef38: ValueChanged(AttributeKey[play.runsupport.Reloader$CompileResult]("playForkReload") in Scope(Build: file:/home/johnreed/temp/play-scala/, , Project: ProjectReference(file:/home/johnreed/temp/play-scala/,root)),TaskSuccess(BuildValue(LazyValue(CompileSuccess(Map(views.html.index_Scope0 -> Source(/home/johnreed/temp/play-scala/target/scala-2.11/twirl/main/views/html/index.template.scala,Some(/home/johnreed/temp/play-scala/app/views/index.scala.html)), controllers.ReverseAssets -> Source(/home/johnreed/temp/play-scala/target/scala-2.11/routes/main/controllers/ReverseRoutes.scala,None), controllers.ReverseHomeController -> Source(/home/johnreed/temp/play-scala/target/scala-2.11/routes/main/controllers/ReverseRoutes.scala,None), services.ApplicationTimer -> Source(/home/johnreed/temp/play-scala/app/services/ApplicationTimer.scala,None), controllers.CountController -> Source(/home/johnreed/temp/play-scala/app/controllers/CountController.scala,None), controllers.ReverseCountController -> Source(/home/johnreed/temp/play-scala/target/scala-2.11/routes/main/controllers/ReverseRoutes.scala,None), views.html.main -> Source(/home/johnreed/temp/play-scala/target/scala-2.11/twirl/main/views/html/main.template.scala,Some(/home/johnreed/temp/play-scala/app/views/main.scala.html)), controllers.AsyncController -> Source(/home/johnreed/temp/play-scala/app/controllers/AsyncController.scala,None), router.Routes -> Source(/home/johnreed/temp/play-scala/target/scala-2.11/routes/main/router/Routes.scala,None), views.html.index -> Source(/home/johnreed/temp/play-scala/target/scala-2.11/twirl/main/views/html/index.template.scala,Some(/home/johnreed/temp/play-scala/app/views/index.scala.html)), controllers.ReverseAsyncController -> Source(/home/johnreed/temp/play-scala/target/scala-2.11/routes/main/controllers/ReverseRoutes.scala,None), views.html.hello -> Source(/home/johnreed/temp/play-scala/target/scala-2.11/twirl/main/views/html/hello.template.scala,Some(/home/johnreed/temp/play-scala/app/views/hello.scala.html)), views.html.hello_Scope0 -> Source(/home/johnreed/temp/play-scala/target/scala-2.11/twirl/main/views/html/hello.template.scala,Some(/home/johnreed/temp/play-scala/app/views/hello.scala.html)), controllers.javascript.ReverseAssets -> Source(/home/johnreed/temp/play-scala/target/scala-2.11/routes/main/controllers/javascript/JavaScriptReverseRoutes.scala,None), services.Counter -> Source(/home/johnreed/temp/play-scala/app/services/Counter.scala,None), controllers.HomeController -> Source(/home/johnreed/temp/play-scala/app/controllers/HomeController.scala,None), router.RoutesPrefix -> Source(/home/johnreed/temp/play-scala/target/scala-2.11/routes/main/router/RoutesPrefix.scala,None), services.AtomicCounter -> Source(/home/johnreed/temp/play-scala/app/services/Counter.scala,None), controllers.javascript.ReverseAsyncController -> Source(/home/johnreed/temp/play-scala/target/scala-2.11/routes/main/controllers/javascript/JavaScriptReverseRoutes.scala,None), Filters -> Source(/home/johnreed/temp/play-scala/app/Filters.scala,None), controllers.javascript.ReverseHomeController -> Source(/home/johnreed/temp/play-scala/target/scala-2.11/routes/main/controllers/javascript/JavaScriptReverseRoutes.scala,None), filters.ExampleFilter -> Source(/home/johnreed/temp/play-scala/app/filters/ExampleFilter.scala,None), controllers.javascript.ReverseCountController -> Source(/home/johnreed/temp/play-scala/target/scala-2.11/routes/main/controllers/javascript/JavaScriptReverseRoutes.scala,None), Module -> Source(/home/johnreed/temp/play-scala/app/Module.scala,None), views.html.main_Scope0 -> Source(/home/johnreed/temp/play-scala/target/scala-2.11/twirl/main/views/html/main.template.scala,Some(/home/johnreed/temp/play-scala/app/views/main.scala.html))),List(/home/johnreed/temp/play-scala/target/scala-2.11/classes)),scala.pickling.PicklerUnpickler$DelegatingPicklerUnpickler@4b0e7aa1),CompileSuccess(Map(views.html.index_Scope0 -> Source(/home/johnreed/temp/play-scala/target/scala-2.11/twirl/main/views/html/index.template.scala,Some(/home/johnreed/temp/play-scala/app/views/index.scala.html)), controllers.ReverseAssets -> Source(/home/johnreed/temp/play-scala/target/scala-2.11/routes/main/controllers/ReverseRoutes.scala,None), controllers.ReverseHomeController -> Source(/home/johnreed/temp/play-scala/target/scala-2.11/routes/main/controllers/ReverseRoutes.scala,None), services.ApplicationTimer -> Source(/home/johnreed/temp/play-scala/app/services/ApplicationTimer.scala,None), controllers.CountController -> Source(/home/johnreed/temp/play-scala/app/controllers/CountController.scala,None), controllers.ReverseCountController -> Source(/home/johnreed/temp/play-scala/target/scala-2.11/routes/main/controllers/ReverseRoutes.scala,None), views.html.main -> Source(/home/johnreed/temp/play-scala/target/scala-2.11/twirl/main/views/html/main.template.scala,Some(/home/johnreed/temp/play-scala/app/views/main.scala.html)), controllers.AsyncController -> Source(/home/johnreed/temp/play-scala/app/controllers/AsyncController.scala,None), router.Routes -> Source(/home/johnreed/temp/play-scala/target/scala-2.11/routes/main/router/Routes.scala,None), views.html.index -> Source(/home/johnreed/temp/play-scala/target/scala-2.11/twirl/main/views/html/index.template.scala,Some(/home/johnreed/temp/play-scala/app/views/index.scala.html)), controllers.ReverseAsyncController -> Source(/home/johnreed/temp/play-scala/target/scala-2.11/routes/main/controllers/ReverseRoutes.scala,None), views.html.hello -> Source(/home/johnreed/temp/play-scala/target/scala-2.11/twirl/main/views/html/hello.template.scala,Some(/home/johnreed/temp/play-scala/app/views/hello.scala.html)), views.html.hello_Scope0 -> Source(/home/johnreed/temp/play-scala/target/scala-2.11/twirl/main/views/html/hello.template.scala,Some(/home/johnreed/temp/play-scala/app/views/hello.scala.html)), controllers.javascript.ReverseAssets -> Source(/home/johnreed/temp/play-scala/target/scala-2.11/routes/main/controllers/javascript/JavaScriptReverseRoutes.scala,None), services.Counter -> Source(/home/johnreed/temp/play-scala/app/services/Counter.scala,None), controllers.HomeController -> Source(/home/johnreed/temp/play-scala/app/controllers/HomeController.scala,None), router.RoutesPrefix -> Source(/home/johnreed/temp/play-scala/target/scala-2.11/routes/main/router/RoutesPrefix.scala,None), services.AtomicCounter -> Source(/home/johnreed/temp/play-scala/app/services/Counter.scala,None), controllers.javascript.ReverseAsyncController -> Source(/home/johnreed/temp/play-scala/target/scala-2.11/routes/main/controllers/javascript/JavaScriptReverseRoutes.scala,None), Filters -> Source(/home/johnreed/temp/play-scala/app/Filters.scala,None), controllers.javascript.ReverseHomeController -> Source(/home/johnreed/temp/play-scala/target/scala-2.11/routes/main/controllers/javascript/JavaScriptReverseRoutes.scala,None), filters.ExampleFilter -> Source(/home/johnreed/temp/play-scala/app/filters/ExampleFilter.scala,None), controllers.javascript.ReverseCountController -> Source(/home/johnreed/temp/play-scala/target/scala-2.11/routes/main/controllers/javascript/JavaScriptReverseRoutes.scala,None), Module -> Source(/home/johnreed/temp/play-scala/app/Module.scala,None), views.html.main_Scope0 -> Source(/home/johnreed/temp/play-scala/target/scala-2.11/twirl/main/views/html/main.template.scala,Some(/home/johnreed/temp/play-scala/app/views/main.scala.html))),List(/home/johnreed/temp/play-scala/target/scala-2.11/classes)))))
Sending msg to client play-fork-run-be9e9d48-a4f8-4bbc-b753-44c747cfef38: TaskStarted(32,6557,None)
Sending msg to client play-fork-run-be9e9d48-a4f8-4bbc-b753-44c747cfef38: TaskFinished(32,6557,None,true,None)
Sending msg to client play-fork-run-be9e9d48-a4f8-4bbc-b753-44c747cfef38: TaskStarted(32,6556,None)
Sending msg to client play-fork-run-be9e9d48-a4f8-4bbc-b753-44c747cfef38: TaskFinished(32,6556,None,true,None)
Sending msg to client play-fork-run-be9e9d48-a4f8-4bbc-b753-44c747cfef38: DetachedLogEvent(LogMessage(debug,cancel strategy finish enabled=false lastCommand=Some(LastCommand(CommandExecutionWork(ExecutionId(32),{file:/home/johnreed/temp/play-scala/}root/*:playForkReload,Set(LiveClient(play-fork-run be9e9d48-a4f8-4bbc-b753-44c747cfef38)),sbt.server.WorkCancellationStatus$$anon$1@52f202b5)))))
Sending msg to client play-fork-run-be9e9d48-a4f8-4bbc-b753-44c747cfef38: BackgroundJobLogEvent(1,LogMessage(info,))
Sending msg to client play-fork-run-be9e9d48-a4f8-4bbc-b753-44c747cfef38: BackgroundJobLogEvent(1,LogMessage(info,[35m--- (RELOAD) ---[0m))
Sending msg to client play-fork-run-be9e9d48-a4f8-4bbc-b753-44c747cfef38: BackgroundJobLogEvent(1,LogMessage(info,))
Sending msg to client play-fork-run-be9e9d48-a4f8-4bbc-b753-44c747cfef38: DetachedLogEvent(LogSuccess(Total time: 1 s, completed Jun 12, 2016 2:25:30 PM))
Sending msg to client play-fork-run-be9e9d48-a4f8-4bbc-b753-44c747cfef38: DetachedLogEvent(LogMessage(debug,> server-post-command-cleanup))
Sending msg to client play-fork-run-be9e9d48-a4f8-4bbc-b753-44c747cfef38: ExecutionSuccess(32)
Sending msg to client play-fork-run-be9e9d48-a4f8-4bbc-b753-44c747cfef38: DetachedLogEvent(LogMessage(debug,> server-handle-next-server-request))
Sending msg to client play-fork-run-be9e9d48-a4f8-4bbc-b753-44c747cfef38: BackgroundJobLogEvent(1,LogMessage(info,application - ApplicationTimer demo: Stopping application at 2016-06-12T18:25:30.025Z after 515s.))
Sending msg to client play-fork-run-be9e9d48-a4f8-4bbc-b753-44c747cfef38: BackgroundJobLogEvent(1,LogMessage(info,application - ApplicationTimer demo: Starting application at 2016-06-12T18:25:30.065Z.))
Sending msg to client play-fork-run-be9e9d48-a4f8-4bbc-b753-44c747cfef38: BackgroundJobLogEvent(1,LogMessage(info,play.api.Play - Application started (Dev)))
