New log file opened at Sun Jun 12 01:13:09 EDT 2016 by 17197@johnreed-Galago-UltraPro
Sending msg to client play-fork-run-ad49531a-6621-4271-831c-e6c0c894116c: DetachedLogEvent(LogMessage(debug,sbt server socket logs are in: /home/johnreed/temp/play-scala/.sbtserver/connections/master.log))
Sending msg to client play-fork-run-ad49531a-6621-4271-831c-e6c0c894116c: DetachedLogEvent(LogMessage(debug,sbt client logs are in: /home/johnreed/temp/play-scala/.sbtserver/connections/play-fork-run-ad49531a-6621-4271-831c-e6c0c894116c.log))
Sending msg to client play-fork-run-ad49531a-6621-4271-831c-e6c0c894116c: DetachedLogEvent(LogMessage(debug,sbt general server logs are in: /home/johnreed/temp/play-scala/.sbtserver/master.log))
Reading next message from client.
Got request: DaemonRequest(true)
Reading next message from client.
Sending msg to client play-fork-run-ad49531a-6621-4271-831c-e6c0c894116c: (3,ReceivedResponse())
Got request: ListenToEvents()
Reading next message from client.
Sending msg to client play-fork-run-ad49531a-6621-4271-831c-e6c0c894116c: ExecutionWaiting(21,test,ClientInfo(d43f3f7d-e0f0-4142-be75-d4fe8e689154,activator,Activator,3,Vector()))
Sending msg to client play-fork-run-ad49531a-6621-4271-831c-e6c0c894116c: ExecutionStarting(21)
Sending msg to client play-fork-run-ad49531a-6621-4271-831c-e6c0c894116c: TaskStarted(21,2402,Some(AttributeKey[sbt.Tests$Output]("executeTests") in Scope(Build: file:/home/johnreed/temp/play-scala/, , Project: ProjectReference(file:/home/johnreed/temp/play-scala/,root), Config: test)))
Sending msg to client play-fork-run-ad49531a-6621-4271-831c-e6c0c894116c: TaskStarted(21,2720,None)
Sending msg to client play-fork-run-ad49531a-6621-4271-831c-e6c0c894116c: TaskStarted(21,2719,None)
Sending msg to client play-fork-run-ad49531a-6621-4271-831c-e6c0c894116c: ExecutionWaiting(22,compile,ClientInfo(d43f3f7d-e0f0-4142-be75-d4fe8e689154,activator,Activator,3,Vector()))
Sending msg to client play-fork-run-ad49531a-6621-4271-831c-e6c0c894116c: BackgroundJobStarted(20,BackgroundJobInfo(3,backgroundRun,AttributeKey[sbt.BackgroundJobHandle]("backgroundRun") in Scope(Build: file:/home/johnreed/temp/play-scala/, , Project: ProjectReference(file:/home/johnreed/temp/play-scala/,root), Config: compile)))
Sending msg to client play-fork-run-ad49531a-6621-4271-831c-e6c0c894116c: BackgroundJobStarted(12,BackgroundJobInfo(2,backgroundRun,AttributeKey[sbt.BackgroundJobHandle]("backgroundRun") in Scope(Build: file:/home/johnreed/temp/play-scala/, , Project: ProjectReference(file:/home/johnreed/temp/play-scala/,root), Config: compile)))
Sending msg to client play-fork-run-ad49531a-6621-4271-831c-e6c0c894116c: (4,ReceivedResponse())
Got request: KeyLookupRequest(root/playForkConfig)
Reading next message from client.
Sending msg to client play-fork-run-ad49531a-6621-4271-831c-e6c0c894116c: (5,KeyLookupResponse(root/playForkConfig,Vector(AttributeKey[play.forkrun.protocol.ForkConfig]("playForkConfig") in Scope(Build: file:/home/johnreed/temp/play-scala/, , Project: ProjectReference(file:/home/johnreed/temp/play-scala/,root)))))
Sending msg to client play-fork-run-ad49531a-6621-4271-831c-e6c0c894116c: TaskLogEvent(2720,LogStdOut([info] application - ApplicationTimer demo: Starting application at 2016-06-12T05:13:09.704Z.))
Got request: ListenToValue(AttributeKey[play.forkrun.protocol.ForkConfig]("playForkConfig") in Scope(Build: file:/home/johnreed/temp/play-scala/, , Project: ProjectReference(file:/home/johnreed/temp/play-scala/,root)))
Reading next message from client.
Sending msg to client play-fork-run-ad49531a-6621-4271-831c-e6c0c894116c: (6,ReceivedResponse())
Got request: KeyExecutionRequest(AttributeKey[play.forkrun.protocol.ForkConfig]("playForkConfig") in Scope(Build: file:/home/johnreed/temp/play-scala/, , Project: ProjectReference(file:/home/johnreed/temp/play-scala/,root)))
Reading next message from client.
Sending msg to client play-fork-run-ad49531a-6621-4271-831c-e6c0c894116c: (7,ExecutionRequestReceived(23))
Sending msg to client play-fork-run-ad49531a-6621-4271-831c-e6c0c894116c: ExecutionWaiting(23,{file:/home/johnreed/temp/play-scala/}root/*:playForkConfig,ClientInfo(ad49531a-6621-4271-831c-e6c0c894116c,play-fork-run,Play Fork Run,1,Vector()))
Sending msg to client play-fork-run-ad49531a-6621-4271-831c-e6c0c894116c: TaskLogEvent(2720,LogStdOut([info] application - ApplicationTimer demo: Stopping application at 2016-06-12T05:13:10.335Z after 1s.))
Sending msg to client play-fork-run-ad49531a-6621-4271-831c-e6c0c894116c: TaskLogEvent(2720,LogMessage(info,Read from stdout: - should send 404 on a bad request))
Sending msg to client play-fork-run-ad49531a-6621-4271-831c-e6c0c894116c: TaskLogEvent(2720,LogMessage(info,- should send 404 on a bad request))
Sending msg to client play-fork-run-ad49531a-6621-4271-831c-e6c0c894116c: TaskLogEvent(2720,LogMessage(info,Read from stdout: HomeController))
Sending msg to client play-fork-run-ad49531a-6621-4271-831c-e6c0c894116c: TaskLogEvent(2720,LogMessage(info,HomeController))
Sending msg to client play-fork-run-ad49531a-6621-4271-831c-e6c0c894116c: BackgroundJobLogEvent(3,LogMessage(info,HomeController))
Sending msg to client play-fork-run-ad49531a-6621-4271-831c-e6c0c894116c: BackgroundJobLogEvent(3,LogMessage(info,- should send 404 on a bad request))
Sending msg to client play-fork-run-ad49531a-6621-4271-831c-e6c0c894116c: TaskLogEvent(2720,LogStdOut([info] application - ApplicationTimer demo: Starting application at 2016-06-12T05:13:10.423Z.))
Sending msg to client play-fork-run-ad49531a-6621-4271-831c-e6c0c894116c: TaskLogEvent(2720,LogStdOut([info] application - ApplicationTimer demo: Stopping application at 2016-06-12T05:13:10.493Z after 0s.))
Sending msg to client play-fork-run-ad49531a-6621-4271-831c-e6c0c894116c: TaskLogEvent(2720,LogMessage(info,Read from stdout: - should render the index page))
Sending msg to client play-fork-run-ad49531a-6621-4271-831c-e6c0c894116c: TaskLogEvent(2720,LogMessage(info,- should render the index page))
Sending msg to client play-fork-run-ad49531a-6621-4271-831c-e6c0c894116c: TaskLogEvent(2720,LogMessage(info,Read from stdout: CountController))
Sending msg to client play-fork-run-ad49531a-6621-4271-831c-e6c0c894116c: TaskLogEvent(2720,LogMessage(info,CountController))
Sending msg to client play-fork-run-ad49531a-6621-4271-831c-e6c0c894116c: BackgroundJobLogEvent(3,LogMessage(info,- should render the index page))
Sending msg to client play-fork-run-ad49531a-6621-4271-831c-e6c0c894116c: BackgroundJobLogEvent(3,LogMessage(info,CountController))
Sending msg to client play-fork-run-ad49531a-6621-4271-831c-e6c0c894116c: TaskLogEvent(2720,LogStdOut([info] application - ApplicationTimer demo: Starting application at 2016-06-12T05:13:10.538Z.))
Sending msg to client play-fork-run-ad49531a-6621-4271-831c-e6c0c894116c: TaskLogEvent(2720,LogStdOut([info] application - ApplicationTimer demo: Stopping application at 2016-06-12T05:13:10.565Z after 0s.))
Sending msg to client play-fork-run-ad49531a-6621-4271-831c-e6c0c894116c: TaskLogEvent(2720,LogMessage(info,Read from stdout: - should return an increasing count))
Sending msg to client play-fork-run-ad49531a-6621-4271-831c-e6c0c894116c: TaskLogEvent(2720,LogMessage(info,- should return an increasing count))
Sending msg to client play-fork-run-ad49531a-6621-4271-831c-e6c0c894116c: BackgroundJobLogEvent(3,LogMessage(info,- should return an increasing count))
Sending msg to client play-fork-run-ad49531a-6621-4271-831c-e6c0c894116c: TaskLogEvent(2720,LogMessage(debug,    Produced 0 nested tasks and 3 events.))
Sending msg to client play-fork-run-ad49531a-6621-4271-831c-e6c0c894116c: TaskEvent(2720,LazyValue(TestGroupStarted(ApplicationSpec),sbt.protocol.TestGroupStar$$$$a1c43a69e6d69fc565aebe15e13b1a1$$$$tedPickler1$2$@3976fa89))
Sending msg to client play-fork-run-ad49531a-6621-4271-831c-e6c0c894116c: TaskEvent(2720,LazyValue(TestEvent(Routes should send 404 on a bad request,None,passed,None,1532),sbt.protocol.TestEvent$SbtProtocolTestEventPickler1$2$@5104ac04))
Sending msg to client play-fork-run-ad49531a-6621-4271-831c-e6c0c894116c: TaskEvent(2720,LazyValue(TestEvent(HomeController should render the index page,None,passed,None,146),sbt.protocol.TestEvent$SbtProtocolTestEventPickler1$2$@5104ac04))
Sending msg to client play-fork-run-ad49531a-6621-4271-831c-e6c0c894116c: TaskEvent(2720,LazyValue(TestEvent(CountController should return an increasing count,None,passed,None,70),sbt.protocol.TestEvent$SbtProtocolTestEventPickler1$2$@5104ac04))
Sending msg to client play-fork-run-ad49531a-6621-4271-831c-e6c0c894116c: TaskEvent(2720,LazyValue(TestGroupFinished(ApplicationSpec,passed,None),sbt.protocol.TestGroupFini$$$$c8161fda9fde24be4dd9f5afdb23f2e6$$$$hedPickler1$2$@31a9ca15))
Sending msg to client play-fork-run-ad49531a-6621-4271-831c-e6c0c894116c: TaskLogEvent(2720,LogMessage(debug,  Running TaskDef(IntegrationSpec, sbt.ForkMain$SubclassFingerscan@5245f9d7, false, [SuiteSelector])))
Sending msg to client play-fork-run-ad49531a-6621-4271-831c-e6c0c894116c: TaskLogEvent(2720,LogMessage(info,Read from stdout: IntegrationSpec:))
Sending msg to client play-fork-run-ad49531a-6621-4271-831c-e6c0c894116c: TaskLogEvent(2720,LogMessage(info,IntegrationSpec:))
Sending msg to client play-fork-run-ad49531a-6621-4271-831c-e6c0c894116c: TaskLogEvent(2720,LogMessage(info,Read from stdout: Application))
Sending msg to client play-fork-run-ad49531a-6621-4271-831c-e6c0c894116c: TaskLogEvent(2720,LogMessage(info,Application))
Sending msg to client play-fork-run-ad49531a-6621-4271-831c-e6c0c894116c: BackgroundJobLogEvent(3,LogMessage(info,IntegrationSpec:))
Sending msg to client play-fork-run-ad49531a-6621-4271-831c-e6c0c894116c: BackgroundJobLogEvent(3,LogMessage(info,Application))
Sending msg to client play-fork-run-ad49531a-6621-4271-831c-e6c0c894116c: TaskLogEvent(2720,LogStdOut([info] application - ApplicationTimer demo: Starting application at 2016-06-12T05:13:11.326Z.))
Sending msg to client play-fork-run-ad49531a-6621-4271-831c-e6c0c894116c: TaskLogEvent(2720,LogStdOut([info] application - ApplicationTimer demo: Stopping application at 2016-06-12T05:13:11.923Z after 0s.))
Sending msg to client play-fork-run-ad49531a-6621-4271-831c-e6c0c894116c: TaskLogEvent(2720,LogMessage(info,Read from stdout: - should work from within a browser))
Sending msg to client play-fork-run-ad49531a-6621-4271-831c-e6c0c894116c: TaskLogEvent(2720,LogMessage(info,- should work from within a browser))
Sending msg to client play-fork-run-ad49531a-6621-4271-831c-e6c0c894116c: TaskLogEvent(2720,LogMessage(debug,    Produced 0 nested tasks and 1 events.))
Sending msg to client play-fork-run-ad49531a-6621-4271-831c-e6c0c894116c: TaskEvent(2720,LazyValue(TestGroupStarted(IntegrationSpec),sbt.protocol.TestGroupStar$$$$a1c43a69e6d69fc565aebe15e13b1a1$$$$tedPickler1$2$@3976fa89))
Sending msg to client play-fork-run-ad49531a-6621-4271-831c-e6c0c894116c: TaskEvent(2720,LazyValue(TestEvent(Application should work from within a browser,None,passed,None,1342),sbt.protocol.TestEvent$SbtProtocolTestEventPickler1$2$@5104ac04))
Sending msg to client play-fork-run-ad49531a-6621-4271-831c-e6c0c894116c: TaskEvent(2720,LazyValue(TestGroupFinished(IntegrationSpec,passed,None),sbt.protocol.TestGroupFini$$$$c8161fda9fde24be4dd9f5afdb23f2e6$$$$hedPickler1$2$@31a9ca15))
Sending msg to client play-fork-run-ad49531a-6621-4271-831c-e6c0c894116c: BackgroundJobLogEvent(3,LogMessage(info,- should work from within a browser))
Sending msg to client play-fork-run-ad49531a-6621-4271-831c-e6c0c894116c: TaskLogEvent(2720,LogMessage(debug,Runner for com.novocode.junit.JUnitFramework produced 0 initial tasks for 0 tests.))
Sending msg to client play-fork-run-ad49531a-6621-4271-831c-e6c0c894116c: TaskFinished(21,2720,None,true,None)
Sending msg to client play-fork-run-ad49531a-6621-4271-831c-e6c0c894116c: TaskFinished(21,2719,None,true,None)
Sending msg to client play-fork-run-ad49531a-6621-4271-831c-e6c0c894116c: TaskStarted(21,2718,None)
Sending msg to client play-fork-run-ad49531a-6621-4271-831c-e6c0c894116c: TaskStarted(21,2722,None)
Sending msg to client play-fork-run-ad49531a-6621-4271-831c-e6c0c894116c: TaskFinished(21,2722,None,true,None)
Sending msg to client play-fork-run-ad49531a-6621-4271-831c-e6c0c894116c: TaskStarted(21,2721,None)
Sending msg to client play-fork-run-ad49531a-6621-4271-831c-e6c0c894116c: TaskFinished(21,2721,None,true,None)
Sending msg to client play-fork-run-ad49531a-6621-4271-831c-e6c0c894116c: TaskFinished(21,2718,None,true,None)
Sending msg to client play-fork-run-ad49531a-6621-4271-831c-e6c0c894116c: TaskStarted(21,2717,None)
Sending msg to client play-fork-run-ad49531a-6621-4271-831c-e6c0c894116c: TaskStarted(21,2723,None)
Sending msg to client play-fork-run-ad49531a-6621-4271-831c-e6c0c894116c: TaskFinished(21,2723,None,true,None)
Sending msg to client play-fork-run-ad49531a-6621-4271-831c-e6c0c894116c: TaskFinished(21,2717,None,true,None)
Sending msg to client play-fork-run-ad49531a-6621-4271-831c-e6c0c894116c: TaskStarted(21,2716,None)
Sending msg to client play-fork-run-ad49531a-6621-4271-831c-e6c0c894116c: TaskFinished(21,2716,None,true,None)
Sending msg to client play-fork-run-ad49531a-6621-4271-831c-e6c0c894116c: TaskStarted(21,2715,None)
Sending msg to client play-fork-run-ad49531a-6621-4271-831c-e6c0c894116c: TaskFinished(21,2715,None,true,None)
Sending msg to client play-fork-run-ad49531a-6621-4271-831c-e6c0c894116c: TaskFinished(21,2402,Some(AttributeKey[sbt.Tests$Output]("executeTests") in Scope(Build: file:/home/johnreed/temp/play-scala/, , Project: ProjectReference(file:/home/johnreed/temp/play-scala/,root), Config: test)),true,None)
Sending msg to client play-fork-run-ad49531a-6621-4271-831c-e6c0c894116c: TaskStarted(21,2261,Some(AttributeKey[sbt.Tests$Output]("executeTests") in Scope(Build: file:/home/johnreed/temp/play-scala/, , Project: ProjectReference(file:/home/johnreed/temp/play-scala/,root), Config: test)))
Sending msg to client play-fork-run-ad49531a-6621-4271-831c-e6c0c894116c: TaskFinished(21,2261,Some(AttributeKey[sbt.Tests$Output]("executeTests") in Scope(Build: file:/home/johnreed/temp/play-scala/, , Project: ProjectReference(file:/home/johnreed/temp/play-scala/,root), Config: test)),true,None)
Sending msg to client play-fork-run-ad49531a-6621-4271-831c-e6c0c894116c: TaskStarted(21,2260,Some(AttributeKey[void]("test") in Scope(Build: file:/home/johnreed/temp/play-scala/, , Project: ProjectReference(file:/home/johnreed/temp/play-scala/,root), Config: test)))
Sending msg to client play-fork-run-ad49531a-6621-4271-831c-e6c0c894116c: TaskLogEvent(2260,LogMessage(info,Read from stdout: ScalaTest))
Sending msg to client play-fork-run-ad49531a-6621-4271-831c-e6c0c894116c: TaskLogEvent(2260,LogMessage(info,ScalaTest))
Sending msg to client play-fork-run-ad49531a-6621-4271-831c-e6c0c894116c: TaskLogEvent(2260,LogMessage(info,Read from stdout: Run completed in 3 seconds, 902 milliseconds.))
Sending msg to client play-fork-run-ad49531a-6621-4271-831c-e6c0c894116c: TaskLogEvent(2260,LogMessage(info,Read from stdout: Total number of tests run: 4))
Sending msg to client play-fork-run-ad49531a-6621-4271-831c-e6c0c894116c: TaskLogEvent(2260,LogMessage(info,Read from stdout: Suites: completed 2, aborted 0))
Sending msg to client play-fork-run-ad49531a-6621-4271-831c-e6c0c894116c: TaskLogEvent(2260,LogMessage(info,Read from stdout: Tests: succeeded 4, failed 0, canceled 0, ignored 0, pending 0))
Sending msg to client play-fork-run-ad49531a-6621-4271-831c-e6c0c894116c: TaskLogEvent(2260,LogMessage(info,Read from stdout: All tests passed.))
Sending msg to client play-fork-run-ad49531a-6621-4271-831c-e6c0c894116c: TaskLogEvent(2260,LogMessage(info,Run completed in 3 seconds, 902 milliseconds.
Total number of tests run: 4
Suites: completed 2, aborted 0
Tests: succeeded 4, failed 0, canceled 0, ignored 0, pending 0
All tests passed.))
Sending msg to client play-fork-run-ad49531a-6621-4271-831c-e6c0c894116c: TaskLogEvent(2260,LogMessage(debug,Summary for JUnit not available.))
Sending msg to client play-fork-run-ad49531a-6621-4271-831c-e6c0c894116c: TaskLogEvent(2260,LogMessage(info,Read from stdout: Passed: Total 4, Failed 0, Errors 0, Passed 4))
Sending msg to client play-fork-run-ad49531a-6621-4271-831c-e6c0c894116c: TaskLogEvent(2260,LogMessage(info,Passed: Total 4, Failed 0, Errors 0, Passed 4))
Sending msg to client play-fork-run-ad49531a-6621-4271-831c-e6c0c894116c: TaskLogEvent(2260,LogMessage(debug,Passed tests:))
Sending msg to client play-fork-run-ad49531a-6621-4271-831c-e6c0c894116c: TaskLogEvent(2260,LogMessage(debug,	ApplicationSpec
	IntegrationSpec))
Sending msg to client play-fork-run-ad49531a-6621-4271-831c-e6c0c894116c: TaskFinished(21,2260,Some(AttributeKey[void]("test") in Scope(Build: file:/home/johnreed/temp/play-scala/, , Project: ProjectReference(file:/home/johnreed/temp/play-scala/,root), Config: test)),true,None)
Sending msg to client play-fork-run-ad49531a-6621-4271-831c-e6c0c894116c: TaskStarted(21,2259,None)
Sending msg to client play-fork-run-ad49531a-6621-4271-831c-e6c0c894116c: TaskFinished(21,2259,None,true,None)
Sending msg to client play-fork-run-ad49531a-6621-4271-831c-e6c0c894116c: TaskStarted(21,2258,None)
Sending msg to client play-fork-run-ad49531a-6621-4271-831c-e6c0c894116c: TaskFinished(21,2258,None,true,None)
Sending msg to client play-fork-run-ad49531a-6621-4271-831c-e6c0c894116c: DetachedLogEvent(LogMessage(debug,cancel strategy finish enabled=false lastCommand=Some(LastCommand(CommandExecutionWork(ExecutionId(21),test,Set(LiveClient(activator d43f3f7d-e0f0-4142-be75-d4fe8e689154)),sbt.server.WorkCancellationStatus$$anon$1@1d5ef65d)))))
Sending msg to client play-fork-run-ad49531a-6621-4271-831c-e6c0c894116c: BackgroundJobLogEvent(3,LogMessage(info,ScalaTest))
Sending msg to client play-fork-run-ad49531a-6621-4271-831c-e6c0c894116c: BackgroundJobLogEvent(3,LogMessage(info,Run completed in 3 seconds, 902 milliseconds.))
Sending msg to client play-fork-run-ad49531a-6621-4271-831c-e6c0c894116c: BackgroundJobLogEvent(3,LogMessage(info,Total number of tests run: 4))
Sending msg to client play-fork-run-ad49531a-6621-4271-831c-e6c0c894116c: BackgroundJobLogEvent(3,LogMessage(info,Suites: completed 2, aborted 0))
Sending msg to client play-fork-run-ad49531a-6621-4271-831c-e6c0c894116c: BackgroundJobLogEvent(3,LogMessage(info,Tests: succeeded 4, failed 0, canceled 0, ignored 0, pending 0))
Sending msg to client play-fork-run-ad49531a-6621-4271-831c-e6c0c894116c: BackgroundJobLogEvent(3,LogMessage(info,All tests passed.))
Sending msg to client play-fork-run-ad49531a-6621-4271-831c-e6c0c894116c: BackgroundJobLogEvent(3,LogMessage(info,Passed: Total 4, Failed 0, Errors 0, Passed 4))
Sending msg to client play-fork-run-ad49531a-6621-4271-831c-e6c0c894116c: DetachedLogEvent(LogSuccess(Total time: 4 s, completed Jun 12, 2016 1:13:11 AM))
Sending msg to client play-fork-run-ad49531a-6621-4271-831c-e6c0c894116c: DetachedLogEvent(LogMessage(debug,> server-post-command-cleanup))
Sending msg to client play-fork-run-ad49531a-6621-4271-831c-e6c0c894116c: ExecutionSuccess(21)
Sending msg to client play-fork-run-ad49531a-6621-4271-831c-e6c0c894116c: DetachedLogEvent(LogMessage(debug,> server-handle-next-server-request))
Sending msg to client play-fork-run-ad49531a-6621-4271-831c-e6c0c894116c: ExecutionStarting(22)
Sending msg to client play-fork-run-ad49531a-6621-4271-831c-e6c0c894116c: DetachedLogEvent(LogMessage(debug,> compile))
Sending msg to client play-fork-run-ad49531a-6621-4271-831c-e6c0c894116c: DetachedLogEvent(LogMessage(debug,Evaluating tasks: compile:compile))
Sending msg to client play-fork-run-ad49531a-6621-4271-831c-e6c0c894116c: DetachedLogEvent(LogMessage(debug,Running task... Cancel: sbt.server.ServerTaskCancellation@23c899ab, check cycles: false))
Sending msg to client play-fork-run-ad49531a-6621-4271-831c-e6c0c894116c: DetachedLogEvent(LogMessage(debug,cancel strategy start enabled=true lastCommand=Some(LastCommand(CommandExecutionWork(ExecutionId(22),compile,Set(LiveClient(activator d43f3f7d-e0f0-4142-be75-d4fe8e689154)),sbt.server.WorkCancellationStatus$$anon$1@1c4c23cc)))))
Sending msg to client play-fork-run-ad49531a-6621-4271-831c-e6c0c894116c: TaskStarted(22,2732,None)
Sending msg to client play-fork-run-ad49531a-6621-4271-831c-e6c0c894116c: TaskStarted(22,2733,Some(AttributeKey[scala.collection.Seq[java.lang.String]]("javacOptions") in Scope(Global)))
Sending msg to client play-fork-run-ad49531a-6621-4271-831c-e6c0c894116c: TaskStarted(22,2735,None)
Sending msg to client play-fork-run-ad49531a-6621-4271-831c-e6c0c894116c: TaskStarted(22,2743,None)
Sending msg to client play-fork-run-ad49531a-6621-4271-831c-e6c0c894116c: TaskStarted(22,2744,Some(AttributeKey[scala.collection.Seq[java.lang.String]]("scalacOptions") in Scope(Global)))
Sending msg to client play-fork-run-ad49531a-6621-4271-831c-e6c0c894116c: TaskStarted(22,2751,None)
Sending msg to client play-fork-run-ad49531a-6621-4271-831c-e6c0c894116c: TaskStarted(22,2754,None)
Sending msg to client play-fork-run-ad49531a-6621-4271-831c-e6c0c894116c: TaskStarted(22,2755,Some(AttributeKey[scala.collection.Seq[java.io.File]]("sources") in Scope(Build: file:/home/johnreed/temp/play-scala/, , Project: ProjectReference(file:/home/johnreed/temp/play-scala/,root), Config: compile, Task: AttributeKey[scala.collection.Seq[java.io.File]]("playRoutes"))))
Sending msg to client play-fork-run-ad49531a-6621-4271-831c-e6c0c894116c: TaskStarted(22,2757,Some(AttributeKey[scala.collection.Seq[java.io.File]]("unmanagedSources") in Scope(Build: file:/home/johnreed/temp/play-scala/, , Project: ProjectReference(file:/home/johnreed/temp/play-scala/,root), Config: compile)))
Sending msg to client play-fork-run-ad49531a-6621-4271-831c-e6c0c894116c: TaskStarted(22,2759,Some(AttributeKey[java.lang.String]("compileAnalysisFilename") in Scope(Build: file:/home/johnreed/temp/play-scala/, , Project: ProjectReference(file:/home/johnreed/temp/play-scala/,root), Config: compile)))
Sending msg to client play-fork-run-ad49531a-6621-4271-831c-e6c0c894116c: TaskStarted(22,2760,Some(AttributeKey[scala.Function1[java.io.File,scala.Function1[java.lang.String,boolean]]]("definesClass") in Scope(Global)))
Sending msg to client play-fork-run-ad49531a-6621-4271-831c-e6c0c894116c: TaskStarted(22,2762,Some(AttributeKey[sbt.inc.IncOptions]("incOptions") in Scope(Global)))
Sending msg to client play-fork-run-ad49531a-6621-4271-831c-e6c0c894116c: TaskStarted(22,2778,None)
Sending msg to client play-fork-run-ad49531a-6621-4271-831c-e6c0c894116c: TaskStarted(22,2782,Some(AttributeKey[java.lang.String]("updateCacheName") in Scope(Build: file:/home/johnreed/temp/play-scala/, , Project: ProjectReference(file:/home/johnreed/temp/play-scala/,root))))
Sending msg to client play-fork-run-ad49531a-6621-4271-831c-e6c0c894116c: TaskStarted(22,2784,None)
Sending msg to client play-fork-run-ad49531a-6621-4271-831c-e6c0c894116c: TaskStarted(22,2785,None)
Sending msg to client play-fork-run-ad49531a-6621-4271-831c-e6c0c894116c: TaskStarted(22,2791,Some(AttributeKey[scala.collection.Seq[sbt.Resolver]]("externalResolvers") in Scope(Build: file:/home/johnreed/temp/play-scala/, , Project: ProjectReference(file:/home/johnreed/temp/play-scala/,root))))
Sending msg to client play-fork-run-ad49531a-6621-4271-831c-e6c0c894116c: TaskStarted(22,2792,Some(AttributeKey[scala.Option[scala.collection.Seq[sbt.Resolver]]]("bootResolvers") in Scope(Build: file:/home/johnreed/temp/play-scala/, , Project: ProjectReference(file:/home/johnreed/temp/play-scala/,root))))
Sending msg to client play-fork-run-ad49531a-6621-4271-831c-e6c0c894116c: TaskStarted(22,2797,Some(AttributeKey[scala.collection.Seq[sbt.Credentials]]("credentials") in Scope(Global)))
Sending msg to client play-fork-run-ad49531a-6621-4271-831c-e6c0c894116c: TaskStarted(22,2801,None)
Sending msg to client play-fork-run-ad49531a-6621-4271-831c-e6c0c894116c: TaskStarted(22,2803,Some(AttributeKey[boolean]("skip") in Scope(Global)))
Sending msg to client play-fork-run-ad49531a-6621-4271-831c-e6c0c894116c: TaskStarted(22,2804,None)
Sending msg to client play-fork-run-ad49531a-6621-4271-831c-e6c0c894116c: TaskStarted(22,2816,None)
Sending msg to client play-fork-run-ad49531a-6621-4271-831c-e6c0c894116c: TaskStarted(22,2820,Some(AttributeKey[scala.collection.Seq[scala.Function1[xsbti.Position,scala.Option[xsbti.Position]]]]("sourcePositionMappers") in Scope(Global)))
Sending msg to client play-fork-run-ad49531a-6621-4271-831c-e6c0c894116c: TaskStarted(22,2822,None)
Sending msg to client play-fork-run-ad49531a-6621-4271-831c-e6c0c894116c: TaskStarted(22,2823,Some(AttributeKey[sbt.SendEventService]("sendEventService") in Scope(Global)))
Sending msg to client play-fork-run-ad49531a-6621-4271-831c-e6c0c894116c: TaskFinished(22,2732,None,true,None)
Sending msg to client play-fork-run-ad49531a-6621-4271-831c-e6c0c894116c: TaskFinished(22,2733,Some(AttributeKey[scala.collection.Seq[java.lang.String]]("javacOptions") in Scope(Global)),true,None)
Sending msg to client play-fork-run-ad49531a-6621-4271-831c-e6c0c894116c: TaskStarted(22,2731,Some(AttributeKey[scala.collection.Seq[java.lang.String]]("javacOptions") in Scope(Build: file:/home/johnreed/temp/play-scala/, , Project: ProjectReference(file:/home/johnreed/temp/play-scala/,root), Config: compile)))
Sending msg to client play-fork-run-ad49531a-6621-4271-831c-e6c0c894116c: TaskFinished(22,2735,None,true,None)
Sending msg to client play-fork-run-ad49531a-6621-4271-831c-e6c0c894116c: TaskStarted(22,2734,None)
Sending msg to client play-fork-run-ad49531a-6621-4271-831c-e6c0c894116c: TaskStarted(22,2745,None)
Sending msg to client play-fork-run-ad49531a-6621-4271-831c-e6c0c894116c: TaskStarted(22,2747,None)
Sending msg to client play-fork-run-ad49531a-6621-4271-831c-e6c0c894116c: TaskStarted(22,2764,None)
Sending msg to client play-fork-run-ad49531a-6621-4271-831c-e6c0c894116c: TaskStarted(22,2766,None)
Sending msg to client play-fork-run-ad49531a-6621-4271-831c-e6c0c894116c: TaskStarted(22,2769,None)
Sending msg to client play-fork-run-ad49531a-6621-4271-831c-e6c0c894116c: TaskStarted(22,2775,None)
Sending msg to client play-fork-run-ad49531a-6621-4271-831c-e6c0c894116c: TaskStarted(22,2781,None)
Sending msg to client play-fork-run-ad49531a-6621-4271-831c-e6c0c894116c: TaskStarted(22,2788,None)
Sending msg to client play-fork-run-ad49531a-6621-4271-831c-e6c0c894116c: TaskStarted(22,2795,None)
Sending msg to client play-fork-run-ad49531a-6621-4271-831c-e6c0c894116c: TaskStarted(22,2796,None)
Sending msg to client play-fork-run-ad49531a-6621-4271-831c-e6c0c894116c: TaskStarted(22,2805,None)
Sending msg to client play-fork-run-ad49531a-6621-4271-831c-e6c0c894116c: TaskStarted(22,2808,None)
Sending msg to client play-fork-run-ad49531a-6621-4271-831c-e6c0c894116c: TaskStarted(22,2811,None)
Sending msg to client play-fork-run-ad49531a-6621-4271-831c-e6c0c894116c: TaskStarted(22,2817,None)
Sending msg to client play-fork-run-ad49531a-6621-4271-831c-e6c0c894116c: TaskStarted(22,2824,None)
Sending msg to client play-fork-run-ad49531a-6621-4271-831c-e6c0c894116c: TaskStarted(22,2826,None)
Sending msg to client play-fork-run-ad49531a-6621-4271-831c-e6c0c894116c: TaskFinished(22,2743,None,true,None)
Sending msg to client play-fork-run-ad49531a-6621-4271-831c-e6c0c894116c: TaskFinished(22,2744,Some(AttributeKey[scala.collection.Seq[java.lang.String]]("scalacOptions") in Scope(Global)),true,None)
Sending msg to client play-fork-run-ad49531a-6621-4271-831c-e6c0c894116c: TaskStarted(22,2742,Some(AttributeKey[scala.collection.Seq[java.lang.String]]("scalacOptions") in Scope(Build: file:/home/johnreed/temp/play-scala/, , Project: ProjectReference(file:/home/johnreed/temp/play-scala/,root))))
Sending msg to client play-fork-run-ad49531a-6621-4271-831c-e6c0c894116c: TaskFinished(22,2751,None,true,None)
Sending msg to client play-fork-run-ad49531a-6621-4271-831c-e6c0c894116c: TaskStarted(22,2750,Some(AttributeKey[sbt.BuildStructure]("buildStructure") in Scope(Global)))
Sending msg to client play-fork-run-ad49531a-6621-4271-831c-e6c0c894116c: TaskStarted(22,2763,Some(AttributeKey[xsbti.compile.GlobalsCache]("compilerCache") in Scope(Global)))
Sending msg to client play-fork-run-ad49531a-6621-4271-831c-e6c0c894116c: TaskStarted(22,2802,Some(AttributeKey[java.io.File]("dependencyCacheDirectory") in Scope(Build: file:/home/johnreed/temp/play-scala/, , Project: ProjectReference(file:/home/johnreed/temp/play-scala/,root))))
Sending msg to client play-fork-run-ad49531a-6621-4271-831c-e6c0c894116c: TaskFinished(22,2754,None,true,None)
Sending msg to client play-fork-run-ad49531a-6621-4271-831c-e6c0c894116c: TaskFinished(22,2755,Some(AttributeKey[scala.collection.Seq[java.io.File]]("sources") in Scope(Build: file:/home/johnreed/temp/play-scala/, , Project: ProjectReference(file:/home/johnreed/temp/play-scala/,root), Config: compile, Task: AttributeKey[scala.collection.Seq[java.io.File]]("playRoutes"))),true,None)
Sending msg to client play-fork-run-ad49531a-6621-4271-831c-e6c0c894116c: TaskStarted(22,2753,Some(AttributeKey[scala.collection.Seq[java.io.File]]("sources") in Scope(Build: file:/home/johnreed/temp/play-scala/, , Project: ProjectReference(file:/home/johnreed/temp/play-scala/,root), Config: compile, Task: AttributeKey[scala.collection.Seq[java.io.File]]("playRoutes"))))
Sending msg to client play-fork-run-ad49531a-6621-4271-831c-e6c0c894116c: TaskFinished(22,2759,Some(AttributeKey[java.lang.String]("compileAnalysisFilename") in Scope(Build: file:/home/johnreed/temp/play-scala/, , Project: ProjectReference(file:/home/johnreed/temp/play-scala/,root), Config: compile)),true,None)
Sending msg to client play-fork-run-ad49531a-6621-4271-831c-e6c0c894116c: TaskFinished(22,2757,Some(AttributeKey[scala.collection.Seq[java.io.File]]("unmanagedSources") in Scope(Build: file:/home/johnreed/temp/play-scala/, , Project: ProjectReference(file:/home/johnreed/temp/play-scala/,root), Config: compile)),true,None)
Sending msg to client play-fork-run-ad49531a-6621-4271-831c-e6c0c894116c: TaskStarted(22,2756,Some(AttributeKey[scala.collection.Seq[java.io.File]]("unmanagedSources") in Scope(Build: file:/home/johnreed/temp/play-scala/, , Project: ProjectReference(file:/home/johnreed/temp/play-scala/,root), Config: compile)))
Sending msg to client play-fork-run-ad49531a-6621-4271-831c-e6c0c894116c: TaskFinished(22,2760,Some(AttributeKey[scala.Function1[java.io.File,scala.Function1[java.lang.String,boolean]]]("definesClass") in Scope(Global)),true,None)
Sending msg to client play-fork-run-ad49531a-6621-4271-831c-e6c0c894116c: TaskFinished(22,2762,Some(AttributeKey[sbt.inc.IncOptions]("incOptions") in Scope(Global)),true,None)
Sending msg to client play-fork-run-ad49531a-6621-4271-831c-e6c0c894116c: TaskStarted(22,2761,Some(AttributeKey[sbt.inc.IncOptions]("incOptions") in Scope(Build: file:/home/johnreed/temp/play-scala/, , Project: ProjectReference(file:/home/johnreed/temp/play-scala/,root))))
Sending msg to client play-fork-run-ad49531a-6621-4271-831c-e6c0c894116c: TaskFinished(22,2778,None,true,None)
Sending msg to client play-fork-run-ad49531a-6621-4271-831c-e6c0c894116c: TaskFinished(22,2784,None,true,None)
Sending msg to client play-fork-run-ad49531a-6621-4271-831c-e6c0c894116c: TaskFinished(22,2782,Some(AttributeKey[java.lang.String]("updateCacheName") in Scope(Build: file:/home/johnreed/temp/play-scala/, , Project: ProjectReference(file:/home/johnreed/temp/play-scala/,root))),true,None)
Sending msg to client play-fork-run-ad49531a-6621-4271-831c-e6c0c894116c: TaskFinished(22,2785,None,true,None)
Sending msg to client play-fork-run-ad49531a-6621-4271-831c-e6c0c894116c: TaskStarted(22,2783,Some(AttributeKey[scala.collection.Seq[sbt.UpdateReport]]("transitiveUpdate") in Scope(Build: file:/home/johnreed/temp/play-scala/, , Project: ProjectReference(file:/home/johnreed/temp/play-scala/,root))))
Sending msg to client play-fork-run-ad49531a-6621-4271-831c-e6c0c894116c: TaskFinished(22,2797,Some(AttributeKey[scala.collection.Seq[sbt.Credentials]]("credentials") in Scope(Global)),true,None)
Sending msg to client play-fork-run-ad49531a-6621-4271-831c-e6c0c894116c: TaskFinished(22,2792,Some(AttributeKey[scala.Option[scala.collection.Seq[sbt.Resolver]]]("bootResolvers") in Scope(Build: file:/home/johnreed/temp/play-scala/, , Project: ProjectReference(file:/home/johnreed/temp/play-scala/,root))),true,None)
Sending msg to client play-fork-run-ad49531a-6621-4271-831c-e6c0c894116c: TaskFinished(22,2791,Some(AttributeKey[scala.collection.Seq[sbt.Resolver]]("externalResolvers") in Scope(Build: file:/home/johnreed/temp/play-scala/, , Project: ProjectReference(file:/home/johnreed/temp/play-scala/,root))),true,None)
Sending msg to client play-fork-run-ad49531a-6621-4271-831c-e6c0c894116c: TaskFinished(22,2801,None,true,None)
Sending msg to client play-fork-run-ad49531a-6621-4271-831c-e6c0c894116c: TaskFinished(22,2803,Some(AttributeKey[boolean]("skip") in Scope(Global)),true,None)
Sending msg to client play-fork-run-ad49531a-6621-4271-831c-e6c0c894116c: TaskFinished(22,2804,None,true,None)
Sending msg to client play-fork-run-ad49531a-6621-4271-831c-e6c0c894116c: TaskFinished(22,2816,None,true,None)
Sending msg to client play-fork-run-ad49531a-6621-4271-831c-e6c0c894116c: TaskFinished(22,2820,Some(AttributeKey[scala.collection.Seq[scala.Function1[xsbti.Position,scala.Option[xsbti.Position]]]]("sourcePositionMappers") in Scope(Global)),true,None)
Sending msg to client play-fork-run-ad49531a-6621-4271-831c-e6c0c894116c: TaskFinished(22,2822,None,true,None)
Sending msg to client play-fork-run-ad49531a-6621-4271-831c-e6c0c894116c: TaskFinished(22,2823,Some(AttributeKey[sbt.SendEventService]("sendEventService") in Scope(Global)),true,None)
Sending msg to client play-fork-run-ad49531a-6621-4271-831c-e6c0c894116c: TaskFinished(22,2731,Some(AttributeKey[scala.collection.Seq[java.lang.String]]("javacOptions") in Scope(Build: file:/home/johnreed/temp/play-scala/, , Project: ProjectReference(file:/home/johnreed/temp/play-scala/,root), Config: compile)),true,None)
Sending msg to client play-fork-run-ad49531a-6621-4271-831c-e6c0c894116c: TaskFinished(22,2734,None,true,None)
Sending msg to client play-fork-run-ad49531a-6621-4271-831c-e6c0c894116c: TaskFinished(22,2745,None,true,None)
Sending msg to client play-fork-run-ad49531a-6621-4271-831c-e6c0c894116c: TaskFinished(22,2747,None,true,None)
Sending msg to client play-fork-run-ad49531a-6621-4271-831c-e6c0c894116c: TaskFinished(22,2764,None,true,None)
Sending msg to client play-fork-run-ad49531a-6621-4271-831c-e6c0c894116c: TaskFinished(22,2766,None,true,None)
Sending msg to client play-fork-run-ad49531a-6621-4271-831c-e6c0c894116c: TaskFinished(22,2769,None,true,None)
Sending msg to client play-fork-run-ad49531a-6621-4271-831c-e6c0c894116c: TaskFinished(22,2775,None,true,None)
Sending msg to client play-fork-run-ad49531a-6621-4271-831c-e6c0c894116c: TaskFinished(22,2781,None,true,None)
Sending msg to client play-fork-run-ad49531a-6621-4271-831c-e6c0c894116c: TaskStarted(22,2780,Some(AttributeKey[scala.collection.immutable.Map[sbt.ModuleID,sbt.SourcePosition]]("dependencyPositions") in Scope(Build: file:/home/johnreed/temp/play-scala/, , Project: ProjectReference(file:/home/johnreed/temp/play-scala/,root))))
Sending msg to client play-fork-run-ad49531a-6621-4271-831c-e6c0c894116c: TaskFinished(22,2788,None,true,None)
Sending msg to client play-fork-run-ad49531a-6621-4271-831c-e6c0c894116c: TaskFinished(22,2795,None,true,None)
Sending msg to client play-fork-run-ad49531a-6621-4271-831c-e6c0c894116c: TaskFinished(22,2796,None,true,None)
Sending msg to client play-fork-run-ad49531a-6621-4271-831c-e6c0c894116c: TaskFinished(22,2805,None,true,None)
Sending msg to client play-fork-run-ad49531a-6621-4271-831c-e6c0c894116c: TaskFinished(22,2808,None,true,None)
Sending msg to client play-fork-run-ad49531a-6621-4271-831c-e6c0c894116c: TaskFinished(22,2811,None,true,None)
Sending msg to client play-fork-run-ad49531a-6621-4271-831c-e6c0c894116c: TaskFinished(22,2817,None,true,None)
Sending msg to client play-fork-run-ad49531a-6621-4271-831c-e6c0c894116c: TaskFinished(22,2824,None,true,None)
Sending msg to client play-fork-run-ad49531a-6621-4271-831c-e6c0c894116c: TaskFinished(22,2826,None,true,None)
Sending msg to client play-fork-run-ad49531a-6621-4271-831c-e6c0c894116c: TaskFinished(22,2742,Some(AttributeKey[scala.collection.Seq[java.lang.String]]("scalacOptions") in Scope(Build: file:/home/johnreed/temp/play-scala/, , Project: ProjectReference(file:/home/johnreed/temp/play-scala/,root))),true,None)
Sending msg to client play-fork-run-ad49531a-6621-4271-831c-e6c0c894116c: TaskStarted(22,2741,Some(AttributeKey[java.lang.String]("twirlSourceEncoding") in Scope(Build: file:/home/johnreed/temp/play-scala/, , Project: ProjectReference(file:/home/johnreed/temp/play-scala/,root))))
Sending msg to client play-fork-run-ad49531a-6621-4271-831c-e6c0c894116c: TaskFinished(22,2750,Some(AttributeKey[sbt.BuildStructure]("buildStructure") in Scope(Global)),true,None)
Sending msg to client play-fork-run-ad49531a-6621-4271-831c-e6c0c894116c: TaskStarted(22,2749,Some(AttributeKey[sbt.Settings[sbt.Scope]]("settingsData") in Scope(Global)))
Sending msg to client play-fork-run-ad49531a-6621-4271-831c-e6c0c894116c: TaskFinished(22,2763,Some(AttributeKey[xsbti.compile.GlobalsCache]("compilerCache") in Scope(Global)),true,None)
Sending msg to client play-fork-run-ad49531a-6621-4271-831c-e6c0c894116c: TaskFinished(22,2802,Some(AttributeKey[java.io.File]("dependencyCacheDirectory") in Scope(Build: file:/home/johnreed/temp/play-scala/, , Project: ProjectReference(file:/home/johnreed/temp/play-scala/,root))),true,None)
Sending msg to client play-fork-run-ad49531a-6621-4271-831c-e6c0c894116c: TaskFinished(22,2753,Some(AttributeKey[scala.collection.Seq[java.io.File]]("sources") in Scope(Build: file:/home/johnreed/temp/play-scala/, , Project: ProjectReference(file:/home/johnreed/temp/play-scala/,root), Config: compile, Task: AttributeKey[scala.collection.Seq[java.io.File]]("playRoutes"))),true,None)
Sending msg to client play-fork-run-ad49531a-6621-4271-831c-e6c0c894116c: TaskStarted(22,2752,None)
Sending msg to client play-fork-run-ad49531a-6621-4271-831c-e6c0c894116c: TaskFinished(22,2756,Some(AttributeKey[scala.collection.Seq[java.io.File]]("unmanagedSources") in Scope(Build: file:/home/johnreed/temp/play-scala/, , Project: ProjectReference(file:/home/johnreed/temp/play-scala/,root), Config: compile)),true,None)
Sending msg to client play-fork-run-ad49531a-6621-4271-831c-e6c0c894116c: TaskFinished(22,2761,Some(AttributeKey[sbt.inc.IncOptions]("incOptions") in Scope(Build: file:/home/johnreed/temp/play-scala/, , Project: ProjectReference(file:/home/johnreed/temp/play-scala/,root))),true,None)
Sending msg to client play-fork-run-ad49531a-6621-4271-831c-e6c0c894116c: TaskFinished(22,2783,Some(AttributeKey[scala.collection.Seq[sbt.UpdateReport]]("transitiveUpdate") in Scope(Build: file:/home/johnreed/temp/play-scala/, , Project: ProjectReference(file:/home/johnreed/temp/play-scala/,root))),true,None)
Sending msg to client play-fork-run-ad49531a-6621-4271-831c-e6c0c894116c: TaskFinished(22,2780,Some(AttributeKey[scala.collection.immutable.Map[sbt.ModuleID,sbt.SourcePosition]]("dependencyPositions") in Scope(Build: file:/home/johnreed/temp/play-scala/, , Project: ProjectReference(file:/home/johnreed/temp/play-scala/,root))),true,None)
Sending msg to client play-fork-run-ad49531a-6621-4271-831c-e6c0c894116c: TaskStarted(22,2779,Some(AttributeKey[sbt.UnresolvedWarningConfiguration]("unresolvedWarningConfiguration") in Scope(Build: file:/home/johnreed/temp/play-scala/, , Project: ProjectReference(file:/home/johnreed/temp/play-scala/,root), Task: AttributeKey[sbt.UpdateReport]("update"))))
Sending msg to client play-fork-run-ad49531a-6621-4271-831c-e6c0c894116c: TaskFinished(22,2741,Some(AttributeKey[java.lang.String]("twirlSourceEncoding") in Scope(Build: file:/home/johnreed/temp/play-scala/, , Project: ProjectReference(file:/home/johnreed/temp/play-scala/,root))),true,None)
Sending msg to client play-fork-run-ad49531a-6621-4271-831c-e6c0c894116c: TaskStarted(22,2740,None)
Sending msg to client play-fork-run-ad49531a-6621-4271-831c-e6c0c894116c: TaskStarted(22,2821,None)
Sending msg to client play-fork-run-ad49531a-6621-4271-831c-e6c0c894116c: TaskFinished(22,2749,Some(AttributeKey[sbt.Settings[sbt.Scope]]("settingsData") in Scope(Global)),true,None)
Sending msg to client play-fork-run-ad49531a-6621-4271-831c-e6c0c894116c: TaskStarted(22,2777,None)
Sending msg to client play-fork-run-ad49531a-6621-4271-831c-e6c0c894116c: TaskStarted(22,2794,Some(AttributeKey[scala.collection.immutable.Map[org.apache.ivy.core.module.id.ModuleRevisionId,org.apache.ivy.core.module.descriptor.ModuleDescriptor]]("projectDescriptors") in Scope(Build: file:/home/johnreed/temp/play-scala/, , Project: ProjectReference(file:/home/johnreed/temp/play-scala/,root))))
Sending msg to client play-fork-run-ad49531a-6621-4271-831c-e6c0c894116c: TaskStarted(22,2800,Some(AttributeKey[scala.collection.Seq[sbt.ModuleID]]("projectDependencies") in Scope(Build: file:/home/johnreed/temp/play-scala/, , Project: ProjectReference(file:/home/johnreed/temp/play-scala/,root))))
Sending msg to client play-fork-run-ad49531a-6621-4271-831c-e6c0c894116c: TaskStarted(22,2807,None)
Sending msg to client play-fork-run-ad49531a-6621-4271-831c-e6c0c894116c: TaskStarted(22,2813,None)
Sending msg to client play-fork-run-ad49531a-6621-4271-831c-e6c0c894116c: TaskStarted(22,2815,Some(AttributeKey[sbt.ScalaInstance]("scalaInstance") in Scope(Build: file:/home/johnreed/temp/play-scala/, , Project: ProjectReference(file:/home/johnreed/temp/play-scala/,root))))
Sending msg to client play-fork-run-ad49531a-6621-4271-831c-e6c0c894116c: TaskFinished(22,2752,None,true,None)
Sending msg to client play-fork-run-ad49531a-6621-4271-831c-e6c0c894116c: TaskStarted(22,2748,Some(AttributeKey[scala.collection.Seq[play.routes.compiler.RoutesCompiler$RoutesCompilerTask]]("playRoutesTasks") in Scope(Build: file:/home/johnreed/temp/play-scala/, , Project: ProjectReference(file:/home/johnreed/temp/play-scala/,root), Config: compile)))
Sending msg to client play-fork-run-ad49531a-6621-4271-831c-e6c0c894116c: TaskFinished(22,2779,Some(AttributeKey[sbt.UnresolvedWarningConfiguration]("unresolvedWarningConfiguration") in Scope(Build: file:/home/johnreed/temp/play-scala/, , Project: ProjectReference(file:/home/johnreed/temp/play-scala/,root), Task: AttributeKey[sbt.UpdateReport]("update"))),true,None)
Sending msg to client play-fork-run-ad49531a-6621-4271-831c-e6c0c894116c: TaskFinished(22,2821,None,true,None)
Sending msg to client play-fork-run-ad49531a-6621-4271-831c-e6c0c894116c: TaskStarted(22,2819,Some(AttributeKey[scala.collection.Seq[scala.Function1[xsbti.Position,scala.Option[xsbti.Position]]]]("sourcePositionMappers") in Scope(Build: file:/home/johnreed/temp/play-scala/, , Project: ProjectReference(file:/home/johnreed/temp/play-scala/,root))))
Sending msg to client play-fork-run-ad49531a-6621-4271-831c-e6c0c894116c: TaskStarted(22,2827,None)
Sending msg to client play-fork-run-ad49531a-6621-4271-831c-e6c0c894116c: TaskStarted(22,2829,None)
Sending msg to client play-fork-run-ad49531a-6621-4271-831c-e6c0c894116c: TaskFinished(22,2800,Some(AttributeKey[scala.collection.Seq[sbt.ModuleID]]("projectDependencies") in Scope(Build: file:/home/johnreed/temp/play-scala/, , Project: ProjectReference(file:/home/johnreed/temp/play-scala/,root))),true,None)
Sending msg to client play-fork-run-ad49531a-6621-4271-831c-e6c0c894116c: TaskStarted(22,2799,Some(AttributeKey[scala.collection.Seq[sbt.ModuleID]]("allDependencies") in Scope(Build: file:/home/johnreed/temp/play-scala/, , Project: ProjectReference(file:/home/johnreed/temp/play-scala/,root))))
Sending msg to client play-fork-run-ad49531a-6621-4271-831c-e6c0c894116c: TaskFinished(22,2740,None,true,None)
Sending msg to client play-fork-run-ad49531a-6621-4271-831c-e6c0c894116c: TaskStarted(22,2739,Some(AttributeKey[scala.collection.Seq[java.io.File]]("twirlCompileTemplates") in Scope(Build: file:/home/johnreed/temp/play-scala/, , Project: ProjectReference(file:/home/johnreed/temp/play-scala/,root), Config: compile)))
Sending msg to client play-fork-run-ad49531a-6621-4271-831c-e6c0c894116c: TaskStarted(22,2834,None)
Sending msg to client play-fork-run-ad49531a-6621-4271-831c-e6c0c894116c: TaskStarted(22,2835,None)
Sending msg to client play-fork-run-ad49531a-6621-4271-831c-e6c0c894116c: TaskStarted(22,2837,None)
Sending msg to client play-fork-run-ad49531a-6621-4271-831c-e6c0c894116c: TaskStarted(22,2839,None)
Sending msg to client play-fork-run-ad49531a-6621-4271-831c-e6c0c894116c: TaskStarted(22,2842,None)
Sending msg to client play-fork-run-ad49531a-6621-4271-831c-e6c0c894116c: TaskFinished(22,2819,Some(AttributeKey[scala.collection.Seq[scala.Function1[xsbti.Position,scala.Option[xsbti.Position]]]]("sourcePositionMappers") in Scope(Build: file:/home/johnreed/temp/play-scala/, , Project: ProjectReference(file:/home/johnreed/temp/play-scala/,root))),true,None)
Sending msg to client play-fork-run-ad49531a-6621-4271-831c-e6c0c894116c: TaskStarted(22,2818,Some(AttributeKey[scala.collection.Seq[scala.Function1[xsbti.Position,scala.Option[xsbti.Position]]]]("sourcePositionMappers") in Scope(Build: file:/home/johnreed/temp/play-scala/, , Project: ProjectReference(file:/home/johnreed/temp/play-scala/,root))))
Sending msg to client play-fork-run-ad49531a-6621-4271-831c-e6c0c894116c: TaskFinished(22,2827,None,true,None)
Sending msg to client play-fork-run-ad49531a-6621-4271-831c-e6c0c894116c: TaskFinished(22,2777,None,true,None)
Sending msg to client play-fork-run-ad49531a-6621-4271-831c-e6c0c894116c: TaskFinished(22,2829,None,true,None)
Sending msg to client play-fork-run-ad49531a-6621-4271-831c-e6c0c894116c: TaskStarted(22,2828,None)
Sending msg to client play-fork-run-ad49531a-6621-4271-831c-e6c0c894116c: TaskFinished(22,2799,Some(AttributeKey[scala.collection.Seq[sbt.ModuleID]]("allDependencies") in Scope(Build: file:/home/johnreed/temp/play-scala/, , Project: ProjectReference(file:/home/johnreed/temp/play-scala/,root))),true,None)
Sending msg to client play-fork-run-ad49531a-6621-4271-831c-e6c0c894116c: TaskStarted(22,2798,Some(AttributeKey[sbt.ModuleSettings]("moduleSettings") in Scope(Build: file:/home/johnreed/temp/play-scala/, , Project: ProjectReference(file:/home/johnreed/temp/play-scala/,root))))
Sending msg to client play-fork-run-ad49531a-6621-4271-831c-e6c0c894116c: TaskFinished(22,2739,Some(AttributeKey[scala.collection.Seq[java.io.File]]("twirlCompileTemplates") in Scope(Build: file:/home/johnreed/temp/play-scala/, , Project: ProjectReference(file:/home/johnreed/temp/play-scala/,root), Config: compile)),true,None)
Sending msg to client play-fork-run-ad49531a-6621-4271-831c-e6c0c894116c: TaskFinished(22,2834,None,true,None)
Sending msg to client play-fork-run-ad49531a-6621-4271-831c-e6c0c894116c: TaskFinished(22,2835,None,true,None)
Sending msg to client play-fork-run-ad49531a-6621-4271-831c-e6c0c894116c: TaskStarted(22,2833,Some(AttributeKey[scala.collection.Seq[sbt.Attributed[java.io.File]]]("unmanagedJars") in Scope(Build: file:/home/johnreed/temp/play-scala/, , Project: ProjectReference(file:/home/johnreed/temp/play-scala/,root), Config: compile)))
Sending msg to client play-fork-run-ad49531a-6621-4271-831c-e6c0c894116c: TaskFinished(22,2837,None,true,None)
Sending msg to client play-fork-run-ad49531a-6621-4271-831c-e6c0c894116c: TaskStarted(22,2836,None)
Sending msg to client play-fork-run-ad49531a-6621-4271-831c-e6c0c894116c: TaskFinished(22,2839,None,true,None)
Sending msg to client play-fork-run-ad49531a-6621-4271-831c-e6c0c894116c: TaskStarted(22,2838,None)
Sending msg to client play-fork-run-ad49531a-6621-4271-831c-e6c0c894116c: TaskFinished(22,2842,None,true,None)
Sending msg to client play-fork-run-ad49531a-6621-4271-831c-e6c0c894116c: TaskStarted(22,2841,None)
Sending msg to client play-fork-run-ad49531a-6621-4271-831c-e6c0c894116c: TaskFinished(22,2818,Some(AttributeKey[scala.collection.Seq[scala.Function1[xsbti.Position,scala.Option[xsbti.Position]]]]("sourcePositionMappers") in Scope(Build: file:/home/johnreed/temp/play-scala/, , Project: ProjectReference(file:/home/johnreed/temp/play-scala/,root))),true,None)
Sending msg to client play-fork-run-ad49531a-6621-4271-831c-e6c0c894116c: TaskFinished(22,2828,None,true,None)
Sending msg to client play-fork-run-ad49531a-6621-4271-831c-e6c0c894116c: TaskFinished(22,2794,Some(AttributeKey[scala.collection.immutable.Map[org.apache.ivy.core.module.id.ModuleRevisionId,org.apache.ivy.core.module.descriptor.ModuleDescriptor]]("projectDescriptors") in Scope(Build: file:/home/johnreed/temp/play-scala/, , Project: ProjectReference(file:/home/johnreed/temp/play-scala/,root))),true,None)
Sending msg to client play-fork-run-ad49531a-6621-4271-831c-e6c0c894116c: TaskStarted(22,2793,Some(AttributeKey[sbt.Resolver]("projectResolver") in Scope(Build: file:/home/johnreed/temp/play-scala/, , Project: ProjectReference(file:/home/johnreed/temp/play-scala/,root))))
Sending msg to client play-fork-run-ad49531a-6621-4271-831c-e6c0c894116c: TaskFinished(22,2798,Some(AttributeKey[sbt.ModuleSettings]("moduleSettings") in Scope(Build: file:/home/johnreed/temp/play-scala/, , Project: ProjectReference(file:/home/johnreed/temp/play-scala/,root))),true,None)
Sending msg to client play-fork-run-ad49531a-6621-4271-831c-e6c0c894116c: TaskFinished(22,2833,Some(AttributeKey[scala.collection.Seq[sbt.Attributed[java.io.File]]]("unmanagedJars") in Scope(Build: file:/home/johnreed/temp/play-scala/, , Project: ProjectReference(file:/home/johnreed/temp/play-scala/,root), Config: compile)),true,None)
Sending msg to client play-fork-run-ad49531a-6621-4271-831c-e6c0c894116c: TaskStarted(22,2843,None)
Sending msg to client play-fork-run-ad49531a-6621-4271-831c-e6c0c894116c: TaskFinished(22,2838,None,true,None)
Sending msg to client play-fork-run-ad49531a-6621-4271-831c-e6c0c894116c: TaskFinished(22,2813,None,true,None)
Sending msg to client play-fork-run-ad49531a-6621-4271-831c-e6c0c894116c: TaskFinished(22,2841,None,true,None)
Sending msg to client play-fork-run-ad49531a-6621-4271-831c-e6c0c894116c: TaskFinished(22,2748,Some(AttributeKey[scala.collection.Seq[play.routes.compiler.RoutesCompiler$RoutesCompilerTask]]("playRoutesTasks") in Scope(Build: file:/home/johnreed/temp/play-scala/, , Project: ProjectReference(file:/home/johnreed/temp/play-scala/,root), Config: compile)),true,None)
Sending msg to client play-fork-run-ad49531a-6621-4271-831c-e6c0c894116c: TaskStarted(22,2746,Some(AttributeKey[scala.collection.Seq[java.io.File]]("playRoutes") in Scope(Build: file:/home/johnreed/temp/play-scala/, , Project: ProjectReference(file:/home/johnreed/temp/play-scala/,root), Config: compile)))
Sending msg to client play-fork-run-ad49531a-6621-4271-831c-e6c0c894116c: TaskFinished(22,2793,Some(AttributeKey[sbt.Resolver]("projectResolver") in Scope(Build: file:/home/johnreed/temp/play-scala/, , Project: ProjectReference(file:/home/johnreed/temp/play-scala/,root))),true,None)
Sending msg to client play-fork-run-ad49531a-6621-4271-831c-e6c0c894116c: TaskStarted(22,2790,Some(AttributeKey[scala.collection.Seq[sbt.Resolver]]("fullResolvers") in Scope(Build: file:/home/johnreed/temp/play-scala/, , Project: ProjectReference(file:/home/johnreed/temp/play-scala/,root))))
Sending msg to client play-fork-run-ad49531a-6621-4271-831c-e6c0c894116c: TaskFinished(22,2843,None,true,None)
Sending msg to client play-fork-run-ad49531a-6621-4271-831c-e6c0c894116c: TaskFinished(22,2836,None,true,None)
Sending msg to client play-fork-run-ad49531a-6621-4271-831c-e6c0c894116c: TaskStarted(22,2832,Some(AttributeKey[scala.collection.Seq[sbt.Attributed[java.io.File]]]("unmanagedJars") in Scope(Build: file:/home/johnreed/temp/play-scala/, , Project: ProjectReference(file:/home/johnreed/temp/play-scala/,root), Config: compile)))
Sending msg to client play-fork-run-ad49531a-6621-4271-831c-e6c0c894116c: TaskFinished(22,2790,Some(AttributeKey[scala.collection.Seq[sbt.Resolver]]("fullResolvers") in Scope(Build: file:/home/johnreed/temp/play-scala/, , Project: ProjectReference(file:/home/johnreed/temp/play-scala/,root))),true,None)
Sending msg to client play-fork-run-ad49531a-6621-4271-831c-e6c0c894116c: TaskStarted(22,2789,Some(AttributeKey[sbt.IvyConfiguration]("ivyConfiguration") in Scope(Build: file:/home/johnreed/temp/play-scala/, , Project: ProjectReference(file:/home/johnreed/temp/play-scala/,root))))
Sending msg to client play-fork-run-ad49531a-6621-4271-831c-e6c0c894116c: TaskFinished(22,2832,Some(AttributeKey[scala.collection.Seq[sbt.Attributed[java.io.File]]]("unmanagedJars") in Scope(Build: file:/home/johnreed/temp/play-scala/, , Project: ProjectReference(file:/home/johnreed/temp/play-scala/,root), Config: compile)),true,None)
Sending msg to client play-fork-run-ad49531a-6621-4271-831c-e6c0c894116c: TaskStarted(22,2831,None)
Sending msg to client play-fork-run-ad49531a-6621-4271-831c-e6c0c894116c: TaskFinished(22,2746,Some(AttributeKey[scala.collection.Seq[java.io.File]]("playRoutes") in Scope(Build: file:/home/johnreed/temp/play-scala/, , Project: ProjectReference(file:/home/johnreed/temp/play-scala/,root), Config: compile)),true,None)
Sending msg to client play-fork-run-ad49531a-6621-4271-831c-e6c0c894116c: TaskStarted(22,2738,None)
Sending msg to client play-fork-run-ad49531a-6621-4271-831c-e6c0c894116c: TaskFinished(22,2831,None,true,None)
Sending msg to client play-fork-run-ad49531a-6621-4271-831c-e6c0c894116c: TaskStarted(22,2830,None)
Sending msg to client play-fork-run-ad49531a-6621-4271-831c-e6c0c894116c: TaskFinished(22,2789,Some(AttributeKey[sbt.IvyConfiguration]("ivyConfiguration") in Scope(Build: file:/home/johnreed/temp/play-scala/, , Project: ProjectReference(file:/home/johnreed/temp/play-scala/,root))),true,None)
Sending msg to client play-fork-run-ad49531a-6621-4271-831c-e6c0c894116c: TaskStarted(22,2787,Some(AttributeKey[sbt.IvySbt]("ivySbt") in Scope(Build: file:/home/johnreed/temp/play-scala/, , Project: ProjectReference(file:/home/johnreed/temp/play-scala/,root))))
Sending msg to client play-fork-run-ad49531a-6621-4271-831c-e6c0c894116c: TaskFinished(22,2738,None,true,None)
Sending msg to client play-fork-run-ad49531a-6621-4271-831c-e6c0c894116c: TaskStarted(22,2737,Some(AttributeKey[scala.collection.Seq[java.io.File]]("managedSources") in Scope(Build: file:/home/johnreed/temp/play-scala/, , Project: ProjectReference(file:/home/johnreed/temp/play-scala/,root), Config: compile)))
Sending msg to client play-fork-run-ad49531a-6621-4271-831c-e6c0c894116c: TaskFinished(22,2830,None,true,None)
Sending msg to client play-fork-run-ad49531a-6621-4271-831c-e6c0c894116c: TaskFinished(22,2807,None,true,None)
Sending msg to client play-fork-run-ad49531a-6621-4271-831c-e6c0c894116c: TaskStarted(22,2806,Some(AttributeKey[scala.collection.Seq[sbt.Attributed[java.io.File]]]("unmanagedClasspath") in Scope(Build: file:/home/johnreed/temp/play-scala/, , Project: ProjectReference(file:/home/johnreed/temp/play-scala/,root), Config: compile)))
Sending msg to client play-fork-run-ad49531a-6621-4271-831c-e6c0c894116c: TaskFinished(22,2787,Some(AttributeKey[sbt.IvySbt]("ivySbt") in Scope(Build: file:/home/johnreed/temp/play-scala/, , Project: ProjectReference(file:/home/johnreed/temp/play-scala/,root))),true,None)
Sending msg to client play-fork-run-ad49531a-6621-4271-831c-e6c0c894116c: TaskStarted(22,2786,Some(AttributeKey[sbt.IvySbt$Module]("ivyModule") in Scope(Build: file:/home/johnreed/temp/play-scala/, , Project: ProjectReference(file:/home/johnreed/temp/play-scala/,root))))
Sending msg to client play-fork-run-ad49531a-6621-4271-831c-e6c0c894116c: TaskFinished(22,2737,Some(AttributeKey[scala.collection.Seq[java.io.File]]("managedSources") in Scope(Build: file:/home/johnreed/temp/play-scala/, , Project: ProjectReference(file:/home/johnreed/temp/play-scala/,root), Config: compile)),true,None)
Sending msg to client play-fork-run-ad49531a-6621-4271-831c-e6c0c894116c: TaskStarted(22,2736,Some(AttributeKey[scala.collection.Seq[java.io.File]]("sources") in Scope(Build: file:/home/johnreed/temp/play-scala/, , Project: ProjectReference(file:/home/johnreed/temp/play-scala/,root), Config: compile)))
Sending msg to client play-fork-run-ad49531a-6621-4271-831c-e6c0c894116c: TaskFinished(22,2806,Some(AttributeKey[scala.collection.Seq[sbt.Attributed[java.io.File]]]("unmanagedClasspath") in Scope(Build: file:/home/johnreed/temp/play-scala/, , Project: ProjectReference(file:/home/johnreed/temp/play-scala/,root), Config: compile)),true,None)
Sending msg to client play-fork-run-ad49531a-6621-4271-831c-e6c0c894116c: TaskFinished(22,2786,Some(AttributeKey[sbt.IvySbt$Module]("ivyModule") in Scope(Build: file:/home/johnreed/temp/play-scala/, , Project: ProjectReference(file:/home/johnreed/temp/play-scala/,root))),true,None)
Sending msg to client play-fork-run-ad49531a-6621-4271-831c-e6c0c894116c: TaskStarted(22,2776,Some(AttributeKey[sbt.UpdateReport]("update") in Scope(Build: file:/home/johnreed/temp/play-scala/, , Project: ProjectReference(file:/home/johnreed/temp/play-scala/,root))))
Sending msg to client play-fork-run-ad49531a-6621-4271-831c-e6c0c894116c: TaskFinished(22,2736,Some(AttributeKey[scala.collection.Seq[java.io.File]]("sources") in Scope(Build: file:/home/johnreed/temp/play-scala/, , Project: ProjectReference(file:/home/johnreed/temp/play-scala/,root), Config: compile)),true,None)
Sending msg to client play-fork-run-ad49531a-6621-4271-831c-e6c0c894116c: TaskFinished(22,2776,Some(AttributeKey[sbt.UpdateReport]("update") in Scope(Build: file:/home/johnreed/temp/play-scala/, , Project: ProjectReference(file:/home/johnreed/temp/play-scala/,root))),true,None)
Sending msg to client play-fork-run-ad49531a-6621-4271-831c-e6c0c894116c: TaskStarted(22,2774,Some(AttributeKey[sbt.UpdateReport]("update") in Scope(Build: file:/home/johnreed/temp/play-scala/, , Project: ProjectReference(file:/home/johnreed/temp/play-scala/,root))))
Sending msg to client play-fork-run-ad49531a-6621-4271-831c-e6c0c894116c: TaskFinished(22,2774,Some(AttributeKey[sbt.UpdateReport]("update") in Scope(Build: file:/home/johnreed/temp/play-scala/, , Project: ProjectReference(file:/home/johnreed/temp/play-scala/,root))),true,None)
Sending msg to client play-fork-run-ad49531a-6621-4271-831c-e6c0c894116c: TaskStarted(22,2773,Some(AttributeKey[sbt.Configuration]("classpathConfiguration") in Scope(Build: file:/home/johnreed/temp/play-scala/, , Project: ProjectReference(file:/home/johnreed/temp/play-scala/,root), Config: compile)))
Sending msg to client play-fork-run-ad49531a-6621-4271-831c-e6c0c894116c: TaskStarted(22,2812,Some(AttributeKey[scala.collection.Seq[java.lang.String]]("scalacOptions") in Scope(Build: file:/home/johnreed/temp/play-scala/, , Project: ProjectReference(file:/home/johnreed/temp/play-scala/,root), Config: compile)))
Sending msg to client play-fork-run-ad49531a-6621-4271-831c-e6c0c894116c: TaskStarted(22,2840,None)
Sending msg to client play-fork-run-ad49531a-6621-4271-831c-e6c0c894116c: TaskFinished(22,2773,Some(AttributeKey[sbt.Configuration]("classpathConfiguration") in Scope(Build: file:/home/johnreed/temp/play-scala/, , Project: ProjectReference(file:/home/johnreed/temp/play-scala/,root), Config: compile)),true,None)
Sending msg to client play-fork-run-ad49531a-6621-4271-831c-e6c0c894116c: TaskStarted(22,2772,None)
Sending msg to client play-fork-run-ad49531a-6621-4271-831c-e6c0c894116c: TaskStarted(22,2810,None)
Sending msg to client play-fork-run-ad49531a-6621-4271-831c-e6c0c894116c: TaskFinished(22,2812,Some(AttributeKey[scala.collection.Seq[java.lang.String]]("scalacOptions") in Scope(Build: file:/home/johnreed/temp/play-scala/, , Project: ProjectReference(file:/home/johnreed/temp/play-scala/,root), Config: compile)),true,None)
Sending msg to client play-fork-run-ad49531a-6621-4271-831c-e6c0c894116c: TaskFinished(22,2840,None,true,None)
Sending msg to client play-fork-run-ad49531a-6621-4271-831c-e6c0c894116c: TaskFinished(22,2815,Some(AttributeKey[sbt.ScalaInstance]("scalaInstance") in Scope(Build: file:/home/johnreed/temp/play-scala/, , Project: ProjectReference(file:/home/johnreed/temp/play-scala/,root))),true,None)
Sending msg to client play-fork-run-ad49531a-6621-4271-831c-e6c0c894116c: TaskStarted(22,2814,Some(AttributeKey[sbt.Compiler$Compilers]("compilers") in Scope(Global)))
Sending msg to client play-fork-run-ad49531a-6621-4271-831c-e6c0c894116c: TaskFinished(22,2772,None,true,None)
Sending msg to client play-fork-run-ad49531a-6621-4271-831c-e6c0c894116c: TaskStarted(22,2771,Some(AttributeKey[scala.collection.Seq[sbt.Attributed[java.io.File]]]("managedClasspath") in Scope(Build: file:/home/johnreed/temp/play-scala/, , Project: ProjectReference(file:/home/johnreed/temp/play-scala/,root), Config: compile)))
Sending msg to client play-fork-run-ad49531a-6621-4271-831c-e6c0c894116c: TaskStarted(22,2846,None)
Sending msg to client play-fork-run-ad49531a-6621-4271-831c-e6c0c894116c: TaskStarted(22,2847,None)
Sending msg to client play-fork-run-ad49531a-6621-4271-831c-e6c0c894116c: TaskFinished(22,2814,Some(AttributeKey[sbt.Compiler$Compilers]("compilers") in Scope(Global)),true,None)
Sending msg to client play-fork-run-ad49531a-6621-4271-831c-e6c0c894116c: TaskFinished(22,2771,Some(AttributeKey[scala.collection.Seq[sbt.Attributed[java.io.File]]]("managedClasspath") in Scope(Build: file:/home/johnreed/temp/play-scala/, , Project: ProjectReference(file:/home/johnreed/temp/play-scala/,root), Config: compile)),true,None)
Sending msg to client play-fork-run-ad49531a-6621-4271-831c-e6c0c894116c: TaskStarted(22,2770,None)
Sending msg to client play-fork-run-ad49531a-6621-4271-831c-e6c0c894116c: TaskFinished(22,2846,None,true,None)
Sending msg to client play-fork-run-ad49531a-6621-4271-831c-e6c0c894116c: TaskFinished(22,2847,None,true,None)
Sending msg to client play-fork-run-ad49531a-6621-4271-831c-e6c0c894116c: TaskStarted(22,2845,None)
Sending msg to client play-fork-run-ad49531a-6621-4271-831c-e6c0c894116c: TaskFinished(22,2770,None,true,None)
Sending msg to client play-fork-run-ad49531a-6621-4271-831c-e6c0c894116c: TaskStarted(22,2768,Some(AttributeKey[scala.collection.Seq[sbt.Attributed[java.io.File]]]("externalDependencyClasspath") in Scope(Build: file:/home/johnreed/temp/play-scala/, , Project: ProjectReference(file:/home/johnreed/temp/play-scala/,root), Config: compile)))
Sending msg to client play-fork-run-ad49531a-6621-4271-831c-e6c0c894116c: TaskFinished(22,2845,None,true,None)
Sending msg to client play-fork-run-ad49531a-6621-4271-831c-e6c0c894116c: TaskStarted(22,2844,None)
Sending msg to client play-fork-run-ad49531a-6621-4271-831c-e6c0c894116c: TaskFinished(22,2768,Some(AttributeKey[scala.collection.Seq[sbt.Attributed[java.io.File]]]("externalDependencyClasspath") in Scope(Build: file:/home/johnreed/temp/play-scala/, , Project: ProjectReference(file:/home/johnreed/temp/play-scala/,root), Config: compile)),true,None)
Sending msg to client play-fork-run-ad49531a-6621-4271-831c-e6c0c894116c: TaskFinished(22,2844,None,true,None)
Sending msg to client play-fork-run-ad49531a-6621-4271-831c-e6c0c894116c: TaskFinished(22,2810,None,true,None)
Sending msg to client play-fork-run-ad49531a-6621-4271-831c-e6c0c894116c: TaskStarted(22,2809,Some(AttributeKey[scala.collection.Seq[sbt.Attributed[java.io.File]]]("internalDependencyClasspath") in Scope(Build: file:/home/johnreed/temp/play-scala/, , Project: ProjectReference(file:/home/johnreed/temp/play-scala/,root), Config: compile)))
Sending msg to client play-fork-run-ad49531a-6621-4271-831c-e6c0c894116c: TaskFinished(22,2809,Some(AttributeKey[scala.collection.Seq[sbt.Attributed[java.io.File]]]("internalDependencyClasspath") in Scope(Build: file:/home/johnreed/temp/play-scala/, , Project: ProjectReference(file:/home/johnreed/temp/play-scala/,root), Config: compile)),true,None)
Sending msg to client play-fork-run-ad49531a-6621-4271-831c-e6c0c894116c: TaskStarted(22,2767,None)
Sending msg to client play-fork-run-ad49531a-6621-4271-831c-e6c0c894116c: TaskFinished(22,2767,None,true,None)
Sending msg to client play-fork-run-ad49531a-6621-4271-831c-e6c0c894116c: TaskStarted(22,2765,Some(AttributeKey[scala.collection.Seq[sbt.Attributed[java.io.File]]]("dependencyClasspath") in Scope(Build: file:/home/johnreed/temp/play-scala/, , Project: ProjectReference(file:/home/johnreed/temp/play-scala/,root), Config: compile)))
Sending msg to client play-fork-run-ad49531a-6621-4271-831c-e6c0c894116c: TaskFinished(22,2765,Some(AttributeKey[scala.collection.Seq[sbt.Attributed[java.io.File]]]("dependencyClasspath") in Scope(Build: file:/home/johnreed/temp/play-scala/, , Project: ProjectReference(file:/home/johnreed/temp/play-scala/,root), Config: compile)),true,None)
Sending msg to client play-fork-run-ad49531a-6621-4271-831c-e6c0c894116c: TaskStarted(22,2758,Some(AttributeKey[sbt.Compiler$IncSetup]("incCompileSetup") in Scope(Build: file:/home/johnreed/temp/play-scala/, , Project: ProjectReference(file:/home/johnreed/temp/play-scala/,root), Config: compile)))
Sending msg to client play-fork-run-ad49531a-6621-4271-831c-e6c0c894116c: TaskFinished(22,2758,Some(AttributeKey[sbt.Compiler$IncSetup]("incCompileSetup") in Scope(Build: file:/home/johnreed/temp/play-scala/, , Project: ProjectReference(file:/home/johnreed/temp/play-scala/,root), Config: compile)),true,None)
Sending msg to client play-fork-run-ad49531a-6621-4271-831c-e6c0c894116c: TaskStarted(22,2730,Some(AttributeKey[sbt.Compiler$Inputs]("compileInputs") in Scope(Build: file:/home/johnreed/temp/play-scala/, , Project: ProjectReference(file:/home/johnreed/temp/play-scala/,root), Config: compile, Task: AttributeKey[sbt.inc.Analysis]("compile"))))
Sending msg to client play-fork-run-ad49531a-6621-4271-831c-e6c0c894116c: TaskStarted(22,2825,Some(AttributeKey[sbt.Compiler$PreviousAnalysis]("readAnalysis") in Scope(Build: file:/home/johnreed/temp/play-scala/, , Project: ProjectReference(file:/home/johnreed/temp/play-scala/,root), Config: compile)))
Sending msg to client play-fork-run-ad49531a-6621-4271-831c-e6c0c894116c: TaskFinished(22,2730,Some(AttributeKey[sbt.Compiler$Inputs]("compileInputs") in Scope(Build: file:/home/johnreed/temp/play-scala/, , Project: ProjectReference(file:/home/johnreed/temp/play-scala/,root), Config: compile, Task: AttributeKey[sbt.inc.Analysis]("compile"))),true,None)
Sending msg to client play-fork-run-ad49531a-6621-4271-831c-e6c0c894116c: TaskStarted(22,2729,Some(AttributeKey[scala.Option[xsbti.Reporter]]("compilerReporter") in Scope(Build: file:/home/johnreed/temp/play-scala/, , Project: ProjectReference(file:/home/johnreed/temp/play-scala/,root), Config: compile, Task: AttributeKey[sbt.inc.Analysis]("compile"))))
Sending msg to client play-fork-run-ad49531a-6621-4271-831c-e6c0c894116c: TaskFinished(22,2825,Some(AttributeKey[sbt.Compiler$PreviousAnalysis]("readAnalysis") in Scope(Build: file:/home/johnreed/temp/play-scala/, , Project: ProjectReference(file:/home/johnreed/temp/play-scala/,root), Config: compile)),true,None)
Sending msg to client play-fork-run-ad49531a-6621-4271-831c-e6c0c894116c: TaskFinished(22,2729,Some(AttributeKey[scala.Option[xsbti.Reporter]]("compilerReporter") in Scope(Build: file:/home/johnreed/temp/play-scala/, , Project: ProjectReference(file:/home/johnreed/temp/play-scala/,root), Config: compile, Task: AttributeKey[sbt.inc.Analysis]("compile"))),true,None)
Sending msg to client play-fork-run-ad49531a-6621-4271-831c-e6c0c894116c: TaskStarted(22,2728,Some(AttributeKey[sbt.compiler.IC$Result]("compileIncremental") in Scope(Build: file:/home/johnreed/temp/play-scala/, , Project: ProjectReference(file:/home/johnreed/temp/play-scala/,root), Config: compile)))
Sending msg to client play-fork-run-ad49531a-6621-4271-831c-e6c0c894116c: TaskLogEvent(2728,LogMessage(debug,
Initial source changes: 
	removed:Set()
	added: Set()
	modified: Set()
Removed products: Set()
External API changes: API Changes: Set()
Modified binary dependencies: Set()
Initial directly invalidated sources: Set()

Sources indirectly invalidated by:
	product: Set()
	binary dep: Set()
	external source: Set()))
Sending msg to client play-fork-run-ad49531a-6621-4271-831c-e6c0c894116c: TaskLogEvent(2728,LogMessage(debug,All initially invalidated sources: Set()
))
Sending msg to client play-fork-run-ad49531a-6621-4271-831c-e6c0c894116c: TaskFinished(22,2728,Some(AttributeKey[sbt.compiler.IC$Result]("compileIncremental") in Scope(Build: file:/home/johnreed/temp/play-scala/, , Project: ProjectReference(file:/home/johnreed/temp/play-scala/,root), Config: compile)),true,None)
Sending msg to client play-fork-run-ad49531a-6621-4271-831c-e6c0c894116c: TaskStarted(22,2727,Some(AttributeKey[sbt.compiler.IC$Result]("manipulateBytecode") in Scope(Build: file:/home/johnreed/temp/play-scala/, , Project: ProjectReference(file:/home/johnreed/temp/play-scala/,root), Config: compile)))
Sending msg to client play-fork-run-ad49531a-6621-4271-831c-e6c0c894116c: TaskFinished(22,2727,Some(AttributeKey[sbt.compiler.IC$Result]("manipulateBytecode") in Scope(Build: file:/home/johnreed/temp/play-scala/, , Project: ProjectReference(file:/home/johnreed/temp/play-scala/,root), Config: compile)),true,None)
Sending msg to client play-fork-run-ad49531a-6621-4271-831c-e6c0c894116c: TaskStarted(22,2726,Some(AttributeKey[sbt.inc.Analysis]("compile") in Scope(Build: file:/home/johnreed/temp/play-scala/, , Project: ProjectReference(file:/home/johnreed/temp/play-scala/,root), Config: compile)))
Sending msg to client play-fork-run-ad49531a-6621-4271-831c-e6c0c894116c: TaskFinished(22,2726,Some(AttributeKey[sbt.inc.Analysis]("compile") in Scope(Build: file:/home/johnreed/temp/play-scala/, , Project: ProjectReference(file:/home/johnreed/temp/play-scala/,root), Config: compile)),true,None)
Sending msg to client play-fork-run-ad49531a-6621-4271-831c-e6c0c894116c: TaskStarted(22,2725,None)
Sending msg to client play-fork-run-ad49531a-6621-4271-831c-e6c0c894116c: TaskStarted(22,2848,Some(AttributeKey[scala.collection.Seq[java.lang.String]]("discoveredMainClasses") in Scope(Build: file:/home/johnreed/temp/play-scala/, , Project: ProjectReference(file:/home/johnreed/temp/play-scala/,root), Config: compile)))
Sending msg to client play-fork-run-ad49531a-6621-4271-831c-e6c0c894116c: TaskFinished(22,2725,None,true,None)
Sending msg to client play-fork-run-ad49531a-6621-4271-831c-e6c0c894116c: TaskStarted(22,2724,None)
Sending msg to client play-fork-run-ad49531a-6621-4271-831c-e6c0c894116c: TaskFinished(22,2848,Some(AttributeKey[scala.collection.Seq[java.lang.String]]("discoveredMainClasses") in Scope(Build: file:/home/johnreed/temp/play-scala/, , Project: ProjectReference(file:/home/johnreed/temp/play-scala/,root), Config: compile)),true,None)
Sending msg to client play-fork-run-ad49531a-6621-4271-831c-e6c0c894116c: TaskFinished(22,2724,None,true,None)
Sending msg to client play-fork-run-ad49531a-6621-4271-831c-e6c0c894116c: DetachedLogEvent(LogMessage(debug,cancel strategy finish enabled=false lastCommand=Some(LastCommand(CommandExecutionWork(ExecutionId(22),compile,Set(LiveClient(activator d43f3f7d-e0f0-4142-be75-d4fe8e689154)),sbt.server.WorkCancellationStatus$$anon$1@1c4c23cc)))))
Sending msg to client play-fork-run-ad49531a-6621-4271-831c-e6c0c894116c: DetachedLogEvent(LogSuccess(Total time: 0 s, completed Jun 12, 2016 1:13:12 AM))
Sending msg to client play-fork-run-ad49531a-6621-4271-831c-e6c0c894116c: DetachedLogEvent(LogMessage(debug,> server-post-command-cleanup))
Sending msg to client play-fork-run-ad49531a-6621-4271-831c-e6c0c894116c: ExecutionSuccess(22)
Sending msg to client play-fork-run-ad49531a-6621-4271-831c-e6c0c894116c: DetachedLogEvent(LogMessage(debug,> server-handle-next-server-request))
Sending msg to client play-fork-run-ad49531a-6621-4271-831c-e6c0c894116c: ExecutionStarting(23)
Sending msg to client play-fork-run-ad49531a-6621-4271-831c-e6c0c894116c: DetachedLogEvent(LogMessage(debug,> {file:/home/johnreed/temp/play-scala/}root/*:playForkConfig))
Sending msg to client play-fork-run-ad49531a-6621-4271-831c-e6c0c894116c: ExecutionWaiting(24,jobStop 2,ClientInfo(d43f3f7d-e0f0-4142-be75-d4fe8e689154,activator,Activator,3,Vector()))
Sending msg to client play-fork-run-ad49531a-6621-4271-831c-e6c0c894116c: ExecutionWaiting(25,jobStop 3,ClientInfo(d43f3f7d-e0f0-4142-be75-d4fe8e689154,activator,Activator,3,Vector()))
Sending msg to client play-fork-run-ad49531a-6621-4271-831c-e6c0c894116c: ExecutionWaiting(26,backgroundRun,ClientInfo(d43f3f7d-e0f0-4142-be75-d4fe8e689154,activator,Activator,3,Vector()))
Sending msg to client play-fork-run-ad49531a-6621-4271-831c-e6c0c894116c: ExecutionWaiting(27,test,ClientInfo(d43f3f7d-e0f0-4142-be75-d4fe8e689154,activator,Activator,3,Vector()))
Sending msg to client play-fork-run-ad49531a-6621-4271-831c-e6c0c894116c: DetachedLogEvent(LogMessage(debug,Evaluating tasks: *:playForkConfig))
Sending msg to client play-fork-run-ad49531a-6621-4271-831c-e6c0c894116c: DetachedLogEvent(LogMessage(debug,Running task... Cancel: sbt.server.ServerTaskCancellation@2bd4f220, check cycles: false))
Sending msg to client play-fork-run-ad49531a-6621-4271-831c-e6c0c894116c: DetachedLogEvent(LogMessage(debug,cancel strategy start enabled=true lastCommand=Some(LastCommand(CommandExecutionWork(ExecutionId(23),{file:/home/johnreed/temp/play-scala/}root/*:playForkConfig,Set(LiveClient(play-fork-run ad49531a-6621-4271-831c-e6c0c894116c)),sbt.server.WorkCancellationStatus$$anon$1@2cee63ef)))))
Sending msg to client play-fork-run-ad49531a-6621-4271-831c-e6c0c894116c: DetachedLogEvent(LogMessage(debug,cancel strategy cancel() with enabled=true lastCommand=Some(LastCommand(CommandExecutionWork(ExecutionId(23),{file:/home/johnreed/temp/play-scala/}root/*:playForkConfig,Set(LiveClient(play-fork-run ad49531a-6621-4271-831c-e6c0c894116c)),sbt.server.WorkCancellationStatus$$anon$1@2cee63ef)))))
Sending msg to client play-fork-run-ad49531a-6621-4271-831c-e6c0c894116c: DetachedLogEvent(LogStdOut())
Sending msg to client play-fork-run-ad49531a-6621-4271-831c-e6c0c894116c: DetachedLogEvent(LogMessage(warn,Canceling execution...))
Sending msg to client play-fork-run-ad49531a-6621-4271-831c-e6c0c894116c: TaskStarted(23,2855,None)
Sending msg to client play-fork-run-ad49531a-6621-4271-831c-e6c0c894116c: DetachedLogEvent(LogMessage(debug,cancel strategy finish enabled=false lastCommand=Some(LastCommand(CommandExecutionWork(ExecutionId(23),{file:/home/johnreed/temp/play-scala/}root/*:playForkConfig,Set(LiveClient(play-fork-run ad49531a-6621-4271-831c-e6c0c894116c)),sbt.server.WorkCancellationStatus$$anon$1@2cee63ef)))))
Sending msg to client play-fork-run-ad49531a-6621-4271-831c-e6c0c894116c: DetachedLogEvent(LogTrace(RejectedExecutionException,Task java.util.concurrent.ExecutorCompletionService$QueueingFuture@6c57fbaf rejected from java.util.concurrent.ThreadPoolExecutor@2ccab03f[Terminated, pool size = 0, active threads = 0, queued tasks = 0, completed tasks = 0]))
Sending msg to client play-fork-run-ad49531a-6621-4271-831c-e6c0c894116c: DetachedLogEvent(LogMessage(error,java.util.concurrent.RejectedExecutionException: Task java.util.concurrent.ExecutorCompletionService$QueueingFuture@6c57fbaf rejected from java.util.concurrent.ThreadPoolExecutor@2ccab03f[Terminated, pool size = 0, active threads = 0, queued tasks = 0, completed tasks = 0]))
Sending msg to client play-fork-run-ad49531a-6621-4271-831c-e6c0c894116c: DetachedLogEvent(LogMessage(error,Use 'last' for the full log.))
Sending msg to client play-fork-run-ad49531a-6621-4271-831c-e6c0c894116c: DetachedLogEvent(LogMessage(debug,> server-post-command-error-handler))
Sending msg to client play-fork-run-ad49531a-6621-4271-831c-e6c0c894116c: ExecutionFailure(23)
Sending msg to client play-fork-run-ad49531a-6621-4271-831c-e6c0c894116c: DetachedLogEvent(LogMessage(debug,> server-post-command-cleanup))
Sending msg to client play-fork-run-ad49531a-6621-4271-831c-e6c0c894116c: DetachedLogEvent(LogMessage(debug,> server-handle-next-server-request))
Sending msg to client play-fork-run-ad49531a-6621-4271-831c-e6c0c894116c: ExecutionStarting(24)
Sending msg to client play-fork-run-ad49531a-6621-4271-831c-e6c0c894116c: DetachedLogEvent(LogMessage(debug,> jobStop 2))
Sending msg to client play-fork-run-ad49531a-6621-4271-831c-e6c0c894116c: DetachedLogEvent(LogMessage(debug,Evaluating tasks: *:jobStop))
Sending msg to client play-fork-run-ad49531a-6621-4271-831c-e6c0c894116c: DetachedLogEvent(LogMessage(debug,Running task... Cancel: sbt.server.ServerTaskCancellation@66c51ccf, check cycles: false))
Sending msg to client play-fork-run-ad49531a-6621-4271-831c-e6c0c894116c: DetachedLogEvent(LogMessage(debug,cancel strategy start enabled=true lastCommand=Some(LastCommand(CommandExecutionWork(ExecutionId(24),jobStop 2,Set(LiveClient(activator d43f3f7d-e0f0-4142-be75-d4fe8e689154)),sbt.server.WorkCancellationStatus$$anon$1@2fe5ed5e)))))
Sending msg to client play-fork-run-ad49531a-6621-4271-831c-e6c0c894116c: TaskStarted(24,2858,Some(AttributeKey[void]("jobStop") in Scope(Global)))
Sending msg to client play-fork-run-ad49531a-6621-4271-831c-e6c0c894116c: BackgroundJobFinished(12,2)
Sending msg to client play-fork-run-ad49531a-6621-4271-831c-e6c0c894116c: DetachedLogEvent(LogStdErr(Exception in thread "sbt-bg-threads-2" java.lang.Error: java.lang.InterruptedException: sleep interrupted))
Sending msg to client play-fork-run-ad49531a-6621-4271-831c-e6c0c894116c: DetachedLogEvent(LogStdErr(	at java.util.concurrent.ThreadPoolExecutor.runWorker(ThreadPoolExecutor.java:1148)))
Sending msg to client play-fork-run-ad49531a-6621-4271-831c-e6c0c894116c: DetachedLogEvent(LogStdErr(	at java.util.concurrent.ThreadPoolExecutor$Worker.run(ThreadPoolExecutor.java:617)))
Sending msg to client play-fork-run-ad49531a-6621-4271-831c-e6c0c894116c: TaskFinished(24,2858,Some(AttributeKey[void]("jobStop") in Scope(Global)),true,None)
Sending msg to client play-fork-run-ad49531a-6621-4271-831c-e6c0c894116c: DetachedLogEvent(LogStdErr(	at java.lang.Thread.run(Thread.java:745)))
Sending msg to client play-fork-run-ad49531a-6621-4271-831c-e6c0c894116c: DetachedLogEvent(LogStdErr(Caused by: java.lang.InterruptedException: sleep interrupted))
Sending msg to client play-fork-run-ad49531a-6621-4271-831c-e6c0c894116c: DetachedLogEvent(LogStdErr(	at java.lang.Thread.sleep(Native Method)))
Sending msg to client play-fork-run-ad49531a-6621-4271-831c-e6c0c894116c: DetachedLogEvent(LogStdErr(	at play.sbt.forkrun.PlayForkProcess$.timedWaitFor(PlayForkProcess.scala:80)))
Sending msg to client play-fork-run-ad49531a-6621-4271-831c-e6c0c894116c: DetachedLogEvent(LogStdErr(	at play.sbt.forkrun.PlayForkProcess$.play$sbt$forkrun$PlayForkProcess$$stop$1(PlayForkProcess.scala:54)))
Sending msg to client play-fork-run-ad49531a-6621-4271-831c-e6c0c894116c: DetachedLogEvent(LogStdErr(	at play.sbt.forkrun.PlayForkProcess$.run(PlayForkProcess.scala:70)))
Sending msg to client play-fork-run-ad49531a-6621-4271-831c-e6c0c894116c: DetachedLogEvent(LogStdErr(	at play.sbt.forkrun.PlayForkProcess$.apply(PlayForkProcess.scala:35)))
Sending msg to client play-fork-run-ad49531a-6621-4271-831c-e6c0c894116c: DetachedLogEvent(LogStdErr(	at play.sbt.forkrun.PlayForkRun$$anonfun$backgroundForkRunTask$1$$anonfun$apply$7$$anonfun$apply$8$$anonfun$apply$9.apply(PlayForkRun.scala:108)))
Sending msg to client play-fork-run-ad49531a-6621-4271-831c-e6c0c894116c: DetachedLogEvent(LogStdErr(	at play.sbt.forkrun.PlayForkRun$$anonfun$backgroundForkRunTask$1$$anonfun$apply$7$$anonfun$apply$8$$anonfun$apply$9.apply(PlayForkRun.scala:107)))
Sending msg to client play-fork-run-ad49531a-6621-4271-831c-e6c0c894116c: DetachedLogEvent(LogStdErr(	at sbt.BackgroundThreadPool$$anonfun$1.apply$mcV$sp(AbstractBackgroundJobService.scala:134)))
Sending msg to client play-fork-run-ad49531a-6621-4271-831c-e6c0c894116c: DetachedLogEvent(LogStdErr(	at sbt.BackgroundThreadPool$BackgroundRunnable.run(AbstractBackgroundJobService.scala:68)))
Sending msg to client play-fork-run-ad49531a-6621-4271-831c-e6c0c894116c: DetachedLogEvent(LogStdErr(	at java.util.concurrent.ThreadPoolExecutor.runWorker(ThreadPoolExecutor.java:1142)))
Sending msg to client play-fork-run-ad49531a-6621-4271-831c-e6c0c894116c: DetachedLogEvent(LogStdErr(	... 2 more))
Sending msg to client play-fork-run-ad49531a-6621-4271-831c-e6c0c894116c: TaskStarted(24,2857,None)
Sending msg to client play-fork-run-ad49531a-6621-4271-831c-e6c0c894116c: TaskFinished(24,2857,None,true,None)
Sending msg to client play-fork-run-ad49531a-6621-4271-831c-e6c0c894116c: TaskStarted(24,2856,None)
Sending msg to client play-fork-run-ad49531a-6621-4271-831c-e6c0c894116c: TaskFinished(24,2856,None,true,None)
Sending msg to client play-fork-run-ad49531a-6621-4271-831c-e6c0c894116c: DetachedLogEvent(LogMessage(debug,cancel strategy finish enabled=false lastCommand=Some(LastCommand(CommandExecutionWork(ExecutionId(24),jobStop 2,Set(LiveClient(activator d43f3f7d-e0f0-4142-be75-d4fe8e689154)),sbt.server.WorkCancellationStatus$$anon$1@2fe5ed5e)))))
Sending msg to client play-fork-run-ad49531a-6621-4271-831c-e6c0c894116c: DetachedLogEvent(LogSuccess(Total time: 0 s, completed Jun 12, 2016 1:13:12 AM))
Sending msg to client play-fork-run-ad49531a-6621-4271-831c-e6c0c894116c: DetachedLogEvent(LogMessage(debug,> server-post-command-cleanup))
Sending msg to client play-fork-run-ad49531a-6621-4271-831c-e6c0c894116c: ExecutionSuccess(24)
Sending msg to client play-fork-run-ad49531a-6621-4271-831c-e6c0c894116c: DetachedLogEvent(LogMessage(debug,> server-handle-next-server-request))
Sending msg to client play-fork-run-ad49531a-6621-4271-831c-e6c0c894116c: ExecutionStarting(25)
Sending msg to client play-fork-run-ad49531a-6621-4271-831c-e6c0c894116c: DetachedLogEvent(LogMessage(debug,> jobStop 3))
Sending msg to client play-fork-run-ad49531a-6621-4271-831c-e6c0c894116c: DetachedLogEvent(LogMessage(debug,Evaluating tasks: *:jobStop))
Sending msg to client play-fork-run-ad49531a-6621-4271-831c-e6c0c894116c: DetachedLogEvent(LogMessage(debug,Running task... Cancel: sbt.server.ServerTaskCancellation@689f2cd6, check cycles: false))
Sending msg to client play-fork-run-ad49531a-6621-4271-831c-e6c0c894116c: DetachedLogEvent(LogMessage(debug,cancel strategy start enabled=true lastCommand=Some(LastCommand(CommandExecutionWork(ExecutionId(25),jobStop 3,Set(LiveClient(activator d43f3f7d-e0f0-4142-be75-d4fe8e689154)),sbt.server.WorkCancellationStatus$$anon$1@70e8f490)))))
Sending msg to client play-fork-run-ad49531a-6621-4271-831c-e6c0c894116c: TaskStarted(25,2861,Some(AttributeKey[void]("jobStop") in Scope(Global)))
Sending msg to client play-fork-run-ad49531a-6621-4271-831c-e6c0c894116c: TaskFinished(25,2861,Some(AttributeKey[void]("jobStop") in Scope(Global)),true,None)
Sending msg to client play-fork-run-ad49531a-6621-4271-831c-e6c0c894116c: BackgroundJobLogEvent(3,LogMessage(info,Stopping Play fork run ...))
Sending msg to client play-fork-run-ad49531a-6621-4271-831c-e6c0c894116c: TaskStarted(25,2860,None)
Sending msg to client play-fork-run-ad49531a-6621-4271-831c-e6c0c894116c: TaskFinished(25,2860,None,true,None)
Sending msg to client play-fork-run-ad49531a-6621-4271-831c-e6c0c894116c: TaskStarted(25,2859,None)
Sending msg to client play-fork-run-ad49531a-6621-4271-831c-e6c0c894116c: TaskFinished(25,2859,None,true,None)
Sending msg to client play-fork-run-ad49531a-6621-4271-831c-e6c0c894116c: DetachedLogEvent(LogMessage(debug,cancel strategy finish enabled=false lastCommand=Some(LastCommand(CommandExecutionWork(ExecutionId(25),jobStop 3,Set(LiveClient(activator d43f3f7d-e0f0-4142-be75-d4fe8e689154)),sbt.server.WorkCancellationStatus$$anon$1@70e8f490)))))
Sending msg to client play-fork-run-ad49531a-6621-4271-831c-e6c0c894116c: DetachedLogEvent(LogSuccess(Total time: 0 s, completed Jun 12, 2016 1:13:12 AM))
Sending msg to client play-fork-run-ad49531a-6621-4271-831c-e6c0c894116c: DetachedLogEvent(LogMessage(debug,> server-post-command-cleanup))
Sending msg to client play-fork-run-ad49531a-6621-4271-831c-e6c0c894116c: ExecutionSuccess(25)
Sending msg to client play-fork-run-ad49531a-6621-4271-831c-e6c0c894116c: DetachedLogEvent(LogMessage(debug,> server-handle-next-server-request))
Got request: UnlistenToEvents()
Reading next message from client.
Sending msg to client play-fork-run-ad49531a-6621-4271-831c-e6c0c894116c: (8,ReceivedResponse())
Got request: UnlistenToValue(AttributeKey[play.forkrun.protocol.ForkConfig]("playForkConfig") in Scope(Build: file:/home/johnreed/temp/play-scala/, , Project: ProjectReference(file:/home/johnreed/temp/play-scala/,root)))
Reading next message from client.
Client play-fork-run-ad49531a-6621-4271-831c-e6c0c894116c closed, java.net.SocketException: Connection reset, shutting down
Stopping client.
Client play-fork-run-ad49531a-6621-4271-831c-e6c0c894116c thread exiting.
Dropping message (9,ReceivedResponse()) to dead client play-fork-run-ad49531a-6621-4271-831c-e6c0c894116c
Dropping message (0,ReceivedResponse()) to dead client play-fork-run-ad49531a-6621-4271-831c-e6c0c894116c
